Train: 213 [   0/195 (  0%)]  Loss:  1.054596 (1.0546)  Time: 1.909s,  134.11/s  (1.909s,  134.11/s)  Peak Memory: 11075  LR: 2.742e-06  Data: 0.284 (0.284)
Train: 213 [ 194/195 (100%)]  Loss:  1.049704 (1.0170)  Time: 0.121s, 2120.24/s  (0.137s, 1866.49/s)  Peak Memory: 11075  LR: 2.742e-06  Data: 0.000 (0.008)
Test: [   0/39]  Time: 1.255 (1.255)  Loss:  1.1067 (1.1067)  Acc@1: 75.7812 (75.7812)  Acc@5: 91.4062 (91.4062)
Test: [  39/39]  Time: 0.281 (0.079)  Loss:  0.4469 (1.0487)  Acc@1: 93.7500 (75.9900)  Acc@5: 100.0000 (93.7300)
*** Best metric: 75.99 (epoch 213)
Train: 214 [   0/195 (  0%)]  Loss:  1.004853 (1.0049)  Time: 0.246s, 1040.32/s  (0.246s, 1040.32/s)  Peak Memory: 11075  LR: 2.705e-06  Data: 0.110 (0.110)
Train: 214 [ 194/195 (100%)]  Loss:  1.002593 (1.0185)  Time: 0.124s, 2062.55/s  (0.129s, 1988.77/s)  Peak Memory: 11075  LR: 2.705e-06  Data: 0.000 (0.007)
Test: [   0/39]  Time: 0.120 (0.120)  Loss:  1.0977 (1.0977)  Acc@1: 76.5625 (76.5625)  Acc@5: 91.7969 (91.7969)
Test: [  39/39]  Time: 0.012 (0.044)  Loss:  0.7179 (1.0546)  Acc@1: 81.2500 (75.9000)  Acc@5: 100.0000 (93.7300)
*** Best metric: 75.99 (epoch 213)
Train: 215 [   0/195 (  0%)]  Loss:  0.995798 (0.9958)  Time: 0.224s, 1140.45/s  (0.224s, 1140.45/s)  Peak Memory: 11075  LR: 2.668e-06  Data: 0.103 (0.103)
Train: 215 [ 194/195 (100%)]  Loss:  0.949624 (1.0141)  Time: 0.121s, 2115.20/s  (0.129s, 1977.32/s)  Peak Memory: 11075  LR: 2.668e-06  Data: 0.000 (0.007)
Test: [   0/39]  Time: 0.145 (0.145)  Loss:  1.0347 (1.0347)  Acc@1: 77.7344 (77.7344)  Acc@5: 92.1875 (92.1875)
Test: [  39/39]  Time: 0.022 (0.044)  Loss:  0.6092 (1.0525)  Acc@1: 87.5000 (75.7500)  Acc@5: 100.0000 (93.7300)
*** Best metric: 75.99 (epoch 213)
Train: 216 [   0/195 (  0%)]  Loss:  0.976765 (0.9768)  Time: 0.236s, 1084.07/s  (0.236s, 1084.07/s)  Peak Memory: 11075  LR: 2.632e-06  Data: 0.110 (0.110)
Train: 216 [ 194/195 (100%)]  Loss:  0.989161 (1.0180)  Time: 0.121s, 2117.58/s  (0.130s, 1976.67/s)  Peak Memory: 11075  LR: 2.632e-06  Data: 0.000 (0.006)
Test: [   0/39]  Time: 0.138 (0.138)  Loss:  1.0489 (1.0489)  Acc@1: 78.1250 (78.1250)  Acc@5: 89.0625 (89.0625)
Test: [  39/39]  Time: 0.012 (0.044)  Loss:  0.7345 (1.0453)  Acc@1: 75.0000 (76.0800)  Acc@5: 100.0000 (93.6000)
*** Best metric: 76.08 (epoch 216)
Train: 217 [   0/195 (  0%)]  Loss:  0.965826 (0.9658)  Time: 0.244s, 1049.33/s  (0.244s, 1049.33/s)  Peak Memory: 11075  LR: 2.595e-06  Data: 0.119 (0.119)
Train: 217 [ 194/195 (100%)]  Loss:  1.001509 (1.0155)  Time: 0.122s, 2104.07/s  (0.130s, 1975.84/s)  Peak Memory: 11075  LR: 2.595e-06  Data: 0.000 (0.007)
Test: [   0/39]  Time: 0.125 (0.125)  Loss:  1.0474 (1.0474)  Acc@1: 78.1250 (78.1250)  Acc@5: 91.0156 (91.0156)
Test: [  39/39]  Time: 0.022 (0.044)  Loss:  0.5077 (1.0498)  Acc@1: 93.7500 (75.8800)  Acc@5: 100.0000 (93.5600)
*** Best metric: 76.08 (epoch 216)
Train: 218 [   0/195 (  0%)]  Loss:  0.934415 (0.9344)  Time: 0.240s, 1065.76/s  (0.240s, 1065.76/s)  Peak Memory: 11075  LR: 2.560e-06  Data: 0.114 (0.114)
Train: 218 [ 194/195 (100%)]  Loss:  1.064090 (1.0142)  Time: 0.121s, 2122.59/s  (0.127s, 2013.73/s)  Peak Memory: 11075  LR: 2.560e-06  Data: 0.000 (0.005)
Test: [   0/39]  Time: 0.147 (0.147)  Loss:  1.0444 (1.0444)  Acc@1: 80.0781 (80.0781)  Acc@5: 91.4062 (91.4062)
Test: [  39/39]  Time: 0.023 (0.045)  Loss:  0.5715 (1.0489)  Acc@1: 87.5000 (75.9300)  Acc@5: 100.0000 (93.7600)
*** Best metric: 76.08 (epoch 216)
Train: 219 [   0/195 (  0%)]  Loss:  1.046302 (1.0463)  Time: 0.238s, 1073.41/s  (0.238s, 1073.41/s)  Peak Memory: 11075  LR: 2.524e-06  Data: 0.116 (0.116)
Train: 219 [ 194/195 (100%)]  Loss:  1.060183 (1.0181)  Time: 0.126s, 2033.35/s  (0.129s, 1980.15/s)  Peak Memory: 11075  LR: 2.524e-06  Data: 0.000 (0.006)
Test: [   0/39]  Time: 0.145 (0.145)  Loss:  1.0446 (1.0446)  Acc@1: 77.7344 (77.7344)  Acc@5: 91.7969 (91.7969)
Test: [  39/39]  Time: 0.018 (0.045)  Loss:  0.6463 (1.0499)  Acc@1: 81.2500 (75.8900)  Acc@5: 93.7500 (93.5700)
*** Best metric: 76.08 (epoch 216)
Train: 220 [   0/195 (  0%)]  Loss:  1.021605 (1.0216)  Time: 0.259s,  987.99/s  (0.259s,  987.99/s)  Peak Memory: 11075  LR: 2.489e-06  Data: 0.132 (0.132)
Train: 220 [ 194/195 (100%)]  Loss:  0.981640 (1.0103)  Time: 0.121s, 2109.42/s  (0.129s, 1988.06/s)  Peak Memory: 11075  LR: 2.489e-06  Data: 0.000 (0.007)
Test: [   0/39]  Time: 0.129 (0.129)  Loss:  1.0311 (1.0311)  Acc@1: 76.1719 (76.1719)  Acc@5: 92.1875 (92.1875)
Test: [  39/39]  Time: 0.012 (0.044)  Loss:  0.6701 (1.0487)  Acc@1: 87.5000 (75.8900)  Acc@5: 100.0000 (93.6200)
*** Best metric: 76.08 (epoch 216)
Train: 221 [   0/195 (  0%)]  Loss:  0.958008 (0.9580)  Time: 0.226s, 1132.42/s  (0.226s, 1132.42/s)  Peak Memory: 11075  LR: 2.454e-06  Data: 0.105 (0.105)
Train: 221 [ 194/195 (100%)]  Loss:  0.936604 (1.0118)  Time: 0.121s, 2107.99/s  (0.128s, 1992.53/s)  Peak Memory: 11075  LR: 2.454e-06  Data: 0.000 (0.007)
Test: [   0/39]  Time: 0.179 (0.179)  Loss:  1.0697 (1.0697)  Acc@1: 77.7344 (77.7344)  Acc@5: 92.1875 (92.1875)
Test: [  39/39]  Time: 0.022 (0.046)  Loss:  0.6380 (1.0495)  Acc@1: 87.5000 (75.9800)  Acc@5: 100.0000 (93.7000)
*** Best metric: 76.08 (epoch 216)
Train: 222 [   0/195 (  0%)]  Loss:  1.062395 (1.0624)  Time: 0.253s, 1010.75/s  (0.253s, 1010.75/s)  Peak Memory: 11075  LR: 2.420e-06  Data: 0.132 (0.132)
Train: 222 [ 194/195 (100%)]  Loss:  0.950557 (1.0149)  Time: 0.122s, 2106.89/s  (0.130s, 1966.87/s)  Peak Memory: 11075  LR: 2.420e-06  Data: 0.000 (0.007)
Test: [   0/39]  Time: 0.128 (0.128)  Loss:  1.0412 (1.0412)  Acc@1: 76.1719 (76.1719)  Acc@5: 92.5781 (92.5781)
Test: [  39/39]  Time: 0.017 (0.044)  Loss:  0.5852 (1.0549)  Acc@1: 81.2500 (76.0000)  Acc@5: 100.0000 (93.7800)
*** Best metric: 76.08 (epoch 216)
Train: 223 [   0/195 (  0%)]  Loss:  0.993955 (0.9940)  Time: 0.228s, 1124.59/s  (0.228s, 1124.59/s)  Peak Memory: 11075  LR: 2.385e-06  Data: 0.105 (0.105)
Train: 223 [ 194/195 (100%)]  Loss:  1.027950 (1.0121)  Time: 0.121s, 2111.05/s  (0.128s, 2000.68/s)  Peak Memory: 11075  LR: 2.385e-06  Data: 0.000 (0.007)
Test: [   0/39]  Time: 0.118 (0.118)  Loss:  1.0349 (1.0349)  Acc@1: 78.5156 (78.5156)  Acc@5: 92.1875 (92.1875)
Test: [  39/39]  Time: 0.023 (0.045)  Loss:  0.4192 (1.0496)  Acc@1: 93.7500 (75.9200)  Acc@5: 100.0000 (93.6300)
*** Best metric: 76.08 (epoch 216)
Train: 224 [   0/195 (  0%)]  Loss:  1.008074 (1.0081)  Time: 0.281s,  910.33/s  (0.281s,  910.33/s)  Peak Memory: 11075  LR: 2.352e-06  Data: 0.154 (0.154)
Train: 224 [ 194/195 (100%)]  Loss:  0.957966 (1.0112)  Time: 0.122s, 2106.27/s  (0.128s, 1992.96/s)  Peak Memory: 11075  LR: 2.352e-06  Data: 0.000 (0.007)
Test: [   0/39]  Time: 0.115 (0.115)  Loss:  1.0568 (1.0568)  Acc@1: 75.3906 (75.3906)  Acc@5: 91.4062 (91.4062)
Test: [  39/39]  Time: 0.017 (0.044)  Loss:  0.7443 (1.0476)  Acc@1: 75.0000 (76.2100)  Acc@5: 93.7500 (93.6400)
*** Best metric: 76.21 (epoch 224)
Train: 225 [   0/195 (  0%)]  Loss:  1.009342 (1.0093)  Time: 0.273s,  939.34/s  (0.273s,  939.34/s)  Peak Memory: 11075  LR: 2.318e-06  Data: 0.146 (0.146)
Train: 225 [ 194/195 (100%)]  Loss:  1.037728 (1.0184)  Time: 0.122s, 2105.59/s  (0.128s, 1994.88/s)  Peak Memory: 11075  LR: 2.318e-06  Data: 0.000 (0.007)
Test: [   0/39]  Time: 0.114 (0.114)  Loss:  1.0739 (1.0739)  Acc@1: 76.1719 (76.1719)  Acc@5: 92.1875 (92.1875)
Test: [  39/39]  Time: 0.012 (0.044)  Loss:  0.6381 (1.0528)  Acc@1: 87.5000 (75.8100)  Acc@5: 93.7500 (93.5200)
*** Best metric: 76.21 (epoch 224)
Train: 226 [   0/195 (  0%)]  Loss:  0.984557 (0.9846)  Time: 0.226s, 1134.09/s  (0.226s, 1134.09/s)  Peak Memory: 11075  LR: 2.285e-06  Data: 0.105 (0.105)
Train: 226 [ 194/195 (100%)]  Loss:  1.047898 (1.0173)  Time: 0.121s, 2115.23/s  (0.129s, 1988.31/s)  Peak Memory: 11075  LR: 2.285e-06  Data: 0.000 (0.008)
Test: [   0/39]  Time: 0.110 (0.110)  Loss:  1.0331 (1.0331)  Acc@1: 76.9531 (76.9531)  Acc@5: 92.5781 (92.5781)
Test: [  39/39]  Time: 0.017 (0.044)  Loss:  0.6385 (1.0435)  Acc@1: 87.5000 (75.9300)  Acc@5: 100.0000 (93.8100)
*** Best metric: 76.21 (epoch 224)
Train: 227 [   0/195 (  0%)]  Loss:  1.014913 (1.0149)  Time: 0.236s, 1084.12/s  (0.236s, 1084.12/s)  Peak Memory: 11075  LR: 2.252e-06  Data: 0.115 (0.115)
Train: 227 [ 194/195 (100%)]  Loss:  1.021908 (1.0145)  Time: 0.121s, 2108.92/s  (0.128s, 1998.16/s)  Peak Memory: 11075  LR: 2.252e-06  Data: 0.000 (0.007)
Test: [   0/39]  Time: 0.103 (0.103)  Loss:  1.0318 (1.0318)  Acc@1: 77.3438 (77.3438)  Acc@5: 90.6250 (90.6250)
Test: [  39/39]  Time: 0.018 (0.043)  Loss:  0.6755 (1.0455)  Acc@1: 75.0000 (75.7700)  Acc@5: 100.0000 (93.6200)
*** Best metric: 76.21 (epoch 224)
Train: 228 [   0/195 (  0%)]  Loss:  1.062311 (1.0623)  Time: 0.237s, 1079.72/s  (0.237s, 1079.72/s)  Peak Memory: 11075  LR: 2.220e-06  Data: 0.111 (0.111)
Train: 228 [ 194/195 (100%)]  Loss:  1.044694 (1.0118)  Time: 0.121s, 2118.64/s  (0.129s, 1987.84/s)  Peak Memory: 11075  LR: 2.220e-06  Data: 0.000 (0.007)
Test: [   0/39]  Time: 0.120 (0.120)  Loss:  1.1025 (1.1025)  Acc@1: 77.7344 (77.7344)  Acc@5: 90.2344 (90.2344)
Test: [  39/39]  Time: 0.018 (0.044)  Loss:  0.6603 (1.0492)  Acc@1: 87.5000 (76.0300)  Acc@5: 93.7500 (93.7600)
*** Best metric: 76.21 (epoch 224)
Train: 229 [   0/195 (  0%)]  Loss:  0.965610 (0.9656)  Time: 0.247s, 1037.00/s  (0.247s, 1037.00/s)  Peak Memory: 11075  LR: 2.188e-06  Data: 0.123 (0.123)
Train: 229 [ 194/195 (100%)]  Loss:  0.986892 (1.0173)  Time: 0.121s, 2120.46/s  (0.129s, 1991.28/s)  Peak Memory: 11075  LR: 2.188e-06  Data: 0.000 (0.007)
Test: [   0/39]  Time: 0.123 (0.123)  Loss:  1.0852 (1.0852)  Acc@1: 76.1719 (76.1719)  Acc@5: 91.0156 (91.0156)
Test: [  39/39]  Time: 0.017 (0.043)  Loss:  0.7470 (1.0540)  Acc@1: 81.2500 (75.6200)  Acc@5: 93.7500 (93.5400)
*** Best metric: 76.21 (epoch 224)
Train: 230 [   0/195 (  0%)]  Loss:  0.994134 (0.9941)  Time: 0.245s, 1046.88/s  (0.245s, 1046.88/s)  Peak Memory: 11075  LR: 2.156e-06  Data: 0.123 (0.123)
Train: 230 [ 194/195 (100%)]  Loss:  0.972335 (1.0103)  Time: 0.124s, 2060.66/s  (0.128s, 1992.89/s)  Peak Memory: 11075  LR: 2.156e-06  Data: 0.000 (0.007)
Test: [   0/39]  Time: 0.145 (0.145)  Loss:  1.0390 (1.0390)  Acc@1: 78.1250 (78.1250)  Acc@5: 92.5781 (92.5781)
Test: [  39/39]  Time: 0.022 (0.044)  Loss:  0.5911 (1.0581)  Acc@1: 87.5000 (75.6700)  Acc@5: 100.0000 (93.7700)
*** Best metric: 76.21 (epoch 224)
Train: 231 [   0/195 (  0%)]  Loss:  1.025425 (1.0254)  Time: 0.269s,  950.08/s  (0.269s,  950.08/s)  Peak Memory: 11075  LR: 2.125e-06  Data: 0.144 (0.144)
Train: 231 [ 194/195 (100%)]  Loss:  0.967787 (1.0165)  Time: 0.123s, 2083.05/s  (0.128s, 1998.35/s)  Peak Memory: 11075  LR: 2.125e-06  Data: 0.000 (0.007)
Test: [   0/39]  Time: 0.148 (0.148)  Loss:  1.0357 (1.0357)  Acc@1: 78.5156 (78.5156)  Acc@5: 91.4062 (91.4062)
Test: [  39/39]  Time: 0.012 (0.045)  Loss:  0.4193 (1.0459)  Acc@1: 100.0000 (76.0400)  Acc@5: 100.0000 (93.6600)
*** Best metric: 76.21 (epoch 224)
Train: 232 [   0/195 (  0%)]  Loss:  0.972849 (0.9728)  Time: 0.237s, 1081.63/s  (0.237s, 1081.63/s)  Peak Memory: 11075  LR: 2.094e-06  Data: 0.113 (0.113)
Train: 232 [ 194/195 (100%)]  Loss:  0.946844 (1.0136)  Time: 0.121s, 2109.54/s  (0.129s, 1981.35/s)  Peak Memory: 11075  LR: 2.094e-06  Data: 0.000 (0.007)
Test: [   0/39]  Time: 0.144 (0.144)  Loss:  1.0481 (1.0481)  Acc@1: 77.7344 (77.7344)  Acc@5: 91.7969 (91.7969)
Test: [  39/39]  Time: 0.012 (0.044)  Loss:  0.5961 (1.0493)  Acc@1: 81.2500 (75.7600)  Acc@5: 100.0000 (93.6900)
*** Best metric: 76.21 (epoch 224)
Train: 233 [   0/195 (  0%)]  Loss:  0.949949 (0.9499)  Time: 0.263s,  974.76/s  (0.263s,  974.76/s)  Peak Memory: 11075  LR: 2.063e-06  Data: 0.140 (0.140)
Train: 233 [ 194/195 (100%)]  Loss:  0.996183 (1.0097)  Time: 0.125s, 2051.61/s  (0.128s, 1992.47/s)  Peak Memory: 11075  LR: 2.063e-06  Data: 0.000 (0.007)
Test: [   0/39]  Time: 0.142 (0.142)  Loss:  1.0331 (1.0331)  Acc@1: 77.7344 (77.7344)  Acc@5: 92.5781 (92.5781)
Test: [  39/39]  Time: 0.018 (0.044)  Loss:  0.7195 (1.0463)  Acc@1: 87.5000 (75.6400)  Acc@5: 100.0000 (93.6800)
*** Best metric: 76.21 (epoch 224)
Train: 234 [   0/195 (  0%)]  Loss:  0.970792 (0.9708)  Time: 0.236s, 1085.37/s  (0.236s, 1085.37/s)  Peak Memory: 11075  LR: 2.033e-06  Data: 0.114 (0.114)
Train: 234 [ 194/195 (100%)]  Loss:  1.052191 (1.0154)  Time: 0.121s, 2117.27/s  (0.129s, 1988.14/s)  Peak Memory: 11075  LR: 2.033e-06  Data: 0.000 (0.007)
Test: [   0/39]  Time: 0.160 (0.160)  Loss:  1.0590 (1.0590)  Acc@1: 76.9531 (76.9531)  Acc@5: 91.4062 (91.4062)
Test: [  39/39]  Time: 0.018 (0.044)  Loss:  0.6527 (1.0566)  Acc@1: 87.5000 (75.6400)  Acc@5: 93.7500 (93.7500)
*** Best metric: 76.21 (epoch 224)
Train: 235 [   0/195 (  0%)]  Loss:  1.032033 (1.0320)  Time: 0.240s, 1068.11/s  (0.240s, 1068.11/s)  Peak Memory: 11075  LR: 2.003e-06  Data: 0.119 (0.119)
Train: 235 [ 194/195 (100%)]  Loss:  1.011657 (1.0057)  Time: 0.121s, 2115.61/s  (0.127s, 2007.94/s)  Peak Memory: 11075  LR: 2.003e-06  Data: 0.000 (0.006)
Test: [   0/39]  Time: 0.160 (0.160)  Loss:  1.0312 (1.0312)  Acc@1: 78.9062 (78.9062)  Acc@5: 92.9688 (92.9688)
Test: [  39/39]  Time: 0.023 (0.045)  Loss:  0.5944 (1.0459)  Acc@1: 87.5000 (75.9600)  Acc@5: 100.0000 (93.7700)
*** Best metric: 76.21 (epoch 224)
Train: 236 [   0/195 (  0%)]  Loss:  0.988693 (0.9887)  Time: 0.253s, 1011.22/s  (0.253s, 1011.22/s)  Peak Memory: 11075  LR: 1.973e-06  Data: 0.126 (0.126)
Train: 236 [ 194/195 (100%)]  Loss:  1.013827 (1.0098)  Time: 0.122s, 2106.07/s  (0.129s, 1987.56/s)  Peak Memory: 11075  LR: 1.973e-06  Data: 0.000 (0.007)
Test: [   0/39]  Time: 0.121 (0.121)  Loss:  1.0582 (1.0582)  Acc@1: 78.1250 (78.1250)  Acc@5: 92.9688 (92.9688)
Test: [  39/39]  Time: 0.013 (0.043)  Loss:  0.5250 (1.0519)  Acc@1: 93.7500 (75.9800)  Acc@5: 100.0000 (93.5400)
*** Best metric: 76.21 (epoch 224)
Train: 237 [   0/195 (  0%)]  Loss:  1.034846 (1.0348)  Time: 0.229s, 1116.65/s  (0.229s, 1116.65/s)  Peak Memory: 11075  LR: 1.944e-06  Data: 0.104 (0.104)
Train: 237 [ 194/195 (100%)]  Loss:  0.995839 (1.0158)  Time: 0.121s, 2108.75/s  (0.129s, 1979.03/s)  Peak Memory: 11075  LR: 1.944e-06  Data: 0.000 (0.007)
Test: [   0/39]  Time: 0.116 (0.116)  Loss:  1.0704 (1.0704)  Acc@1: 77.3438 (77.3438)  Acc@5: 90.6250 (90.6250)
Test: [  39/39]  Time: 0.021 (0.044)  Loss:  0.4148 (1.0583)  Acc@1: 93.7500 (75.7400)  Acc@5: 100.0000 (93.6800)
*** Best metric: 76.21 (epoch 224)
Train: 238 [   0/195 (  0%)]  Loss:  1.009965 (1.0100)  Time: 0.227s, 1128.31/s  (0.227s, 1128.31/s)  Peak Memory: 11075  LR: 1.916e-06  Data: 0.105 (0.105)
Train: 238 [ 194/195 (100%)]  Loss:  1.029606 (1.0187)  Time: 0.126s, 2026.86/s  (0.129s, 1987.50/s)  Peak Memory: 11075  LR: 1.916e-06  Data: 0.000 (0.007)
Test: [   0/39]  Time: 0.119 (0.119)  Loss:  1.0815 (1.0815)  Acc@1: 76.1719 (76.1719)  Acc@5: 91.0156 (91.0156)
Test: [  39/39]  Time: 0.013 (0.044)  Loss:  0.5594 (1.0501)  Acc@1: 87.5000 (75.7400)  Acc@5: 100.0000 (93.5900)
*** Best metric: 76.21 (epoch 224)
Train: 239 [   0/195 (  0%)]  Loss:  1.011475 (1.0115)  Time: 0.235s, 1089.24/s  (0.235s, 1089.24/s)  Peak Memory: 11075  LR: 1.887e-06  Data: 0.114 (0.114)
Train: 239 [ 194/195 (100%)]  Loss:  1.007947 (1.0143)  Time: 0.121s, 2116.46/s  (0.129s, 1989.28/s)  Peak Memory: 11075  LR: 1.887e-06  Data: 0.000 (0.007)
Test: [   0/39]  Time: 0.124 (0.124)  Loss:  1.0324 (1.0324)  Acc@1: 78.1250 (78.1250)  Acc@5: 92.1875 (92.1875)
Test: [  39/39]  Time: 0.018 (0.044)  Loss:  0.6937 (1.0548)  Acc@1: 87.5000 (75.6300)  Acc@5: 100.0000 (93.6500)
*** Best metric: 76.21 (epoch 224)
Train: 240 [   0/195 (  0%)]  Loss:  1.053599 (1.0536)  Time: 0.241s, 1061.57/s  (0.241s, 1061.57/s)  Peak Memory: 11075  LR: 1.859e-06  Data: 0.116 (0.116)
Train: 240 [ 194/195 (100%)]  Loss:  1.160410 (1.0147)  Time: 0.121s, 2116.09/s  (0.128s, 1998.40/s)  Peak Memory: 11075  LR: 1.859e-06  Data: 0.000 (0.007)
Test: [   0/39]  Time: 0.129 (0.129)  Loss:  1.0228 (1.0228)  Acc@1: 78.1250 (78.1250)  Acc@5: 91.4062 (91.4062)
Test: [  39/39]  Time: 0.012 (0.043)  Loss:  0.5502 (1.0478)  Acc@1: 87.5000 (75.7800)  Acc@5: 100.0000 (93.8000)
*** Best metric: 76.21 (epoch 224)
Train: 241 [   0/195 (  0%)]  Loss:  1.077512 (1.0775)  Time: 0.228s, 1121.09/s  (0.228s, 1121.09/s)  Peak Memory: 11075  LR: 1.832e-06  Data: 0.105 (0.105)
Train: 241 [ 194/195 (100%)]  Loss:  1.001123 (1.0149)  Time: 0.121s, 2120.41/s  (0.128s, 1993.68/s)  Peak Memory: 11075  LR: 1.832e-06  Data: 0.000 (0.007)
Test: [   0/39]  Time: 0.112 (0.112)  Loss:  1.0269 (1.0269)  Acc@1: 78.5156 (78.5156)  Acc@5: 91.0156 (91.0156)
Test: [  39/39]  Time: 0.012 (0.043)  Loss:  0.4665 (1.0456)  Acc@1: 93.7500 (75.9800)  Acc@5: 100.0000 (93.6800)
*** Best metric: 76.21 (epoch 224)
Train: 242 [   0/195 (  0%)]  Loss:  1.036217 (1.0362)  Time: 0.228s, 1120.94/s  (0.228s, 1120.94/s)  Peak Memory: 11075  LR: 1.805e-06  Data: 0.106 (0.106)
Train: 242 [ 194/195 (100%)]  Loss:  1.007812 (1.0090)  Time: 0.121s, 2117.05/s  (0.128s, 2002.55/s)  Peak Memory: 11075  LR: 1.805e-06  Data: 0.000 (0.007)
Test: [   0/39]  Time: 0.114 (0.114)  Loss:  1.0697 (1.0697)  Acc@1: 78.1250 (78.1250)  Acc@5: 90.2344 (90.2344)
Test: [  39/39]  Time: 0.022 (0.044)  Loss:  0.6563 (1.0589)  Acc@1: 87.5000 (75.4300)  Acc@5: 100.0000 (93.4800)
*** Best metric: 76.21 (epoch 224)
Train: 243 [   0/195 (  0%)]  Loss:  0.979057 (0.9791)  Time: 0.230s, 1114.13/s  (0.230s, 1114.13/s)  Peak Memory: 11075  LR: 1.778e-06  Data: 0.109 (0.109)
Train: 243 [ 194/195 (100%)]  Loss:  1.014877 (1.0137)  Time: 0.122s, 2104.48/s  (0.128s, 1993.00/s)  Peak Memory: 11075  LR: 1.778e-06  Data: 0.000 (0.007)
Test: [   0/39]  Time: 0.111 (0.111)  Loss:  1.0593 (1.0593)  Acc@1: 77.7344 (77.7344)  Acc@5: 91.4062 (91.4062)
Test: [  39/39]  Time: 0.018 (0.044)  Loss:  0.6022 (1.0483)  Acc@1: 87.5000 (75.8700)  Acc@5: 93.7500 (93.4900)
*** Best metric: 76.21 (epoch 224)
Train: 244 [   0/195 (  0%)]  Loss:  0.995605 (0.9956)  Time: 0.243s, 1053.52/s  (0.243s, 1053.52/s)  Peak Memory: 11075  LR: 1.752e-06  Data: 0.122 (0.122)
Train: 244 [ 194/195 (100%)]  Loss:  1.043047 (1.0120)  Time: 0.121s, 2116.96/s  (0.128s, 1993.21/s)  Peak Memory: 11075  LR: 1.752e-06  Data: 0.000 (0.007)
Test: [   0/39]  Time: 0.123 (0.123)  Loss:  1.0438 (1.0438)  Acc@1: 77.3438 (77.3438)  Acc@5: 91.7969 (91.7969)
Test: [  39/39]  Time: 0.012 (0.043)  Loss:  0.5396 (1.0429)  Acc@1: 87.5000 (76.1200)  Acc@5: 100.0000 (93.7700)
*** Best metric: 76.21 (epoch 224)
Train: 245 [   0/195 (  0%)]  Loss:  0.994716 (0.9947)  Time: 0.229s, 1118.66/s  (0.229s, 1118.66/s)  Peak Memory: 11075  LR: 1.726e-06  Data: 0.108 (0.108)
Train: 245 [ 194/195 (100%)]  Loss:  1.026983 (1.0153)  Time: 0.121s, 2114.12/s  (0.128s, 2000.76/s)  Peak Memory: 11075  LR: 1.726e-06  Data: 0.000 (0.006)
Test: [   0/39]  Time: 0.112 (0.112)  Loss:  1.0745 (1.0745)  Acc@1: 77.7344 (77.7344)  Acc@5: 90.6250 (90.6250)
Test: [  39/39]  Time: 0.022 (0.044)  Loss:  0.5464 (1.0487)  Acc@1: 87.5000 (75.7900)  Acc@5: 100.0000 (93.6500)
*** Best metric: 76.21 (epoch 224)
Train: 246 [   0/195 (  0%)]  Loss:  1.047693 (1.0477)  Time: 0.278s,  921.64/s  (0.278s,  921.64/s)  Peak Memory: 11075  LR: 1.701e-06  Data: 0.152 (0.152)
Train: 246 [ 194/195 (100%)]  Loss:  1.002256 (1.0162)  Time: 0.121s, 2113.17/s  (0.129s, 1986.21/s)  Peak Memory: 11075  LR: 1.701e-06  Data: 0.000 (0.007)
Test: [   0/39]  Time: 0.115 (0.115)  Loss:  1.0294 (1.0294)  Acc@1: 76.5625 (76.5625)  Acc@5: 91.4062 (91.4062)
Test: [  39/39]  Time: 0.017 (0.044)  Loss:  0.6354 (1.0600)  Acc@1: 87.5000 (75.6000)  Acc@5: 100.0000 (93.6600)
*** Best metric: 76.21 (epoch 224)
Train: 247 [   0/195 (  0%)]  Loss:  0.983396 (0.9834)  Time: 0.245s, 1046.64/s  (0.245s, 1046.64/s)  Peak Memory: 11075  LR: 1.675e-06  Data: 0.119 (0.119)
Train: 247 [ 194/195 (100%)]  Loss:  0.966647 (1.0149)  Time: 0.121s, 2116.26/s  (0.128s, 1995.75/s)  Peak Memory: 11075  LR: 1.675e-06  Data: 0.000 (0.007)
Test: [   0/39]  Time: 0.112 (0.112)  Loss:  1.0271 (1.0271)  Acc@1: 78.9062 (78.9062)  Acc@5: 92.5781 (92.5781)
Test: [  39/39]  Time: 0.017 (0.043)  Loss:  0.7314 (1.0478)  Acc@1: 81.2500 (75.6600)  Acc@5: 100.0000 (93.6100)
*** Best metric: 76.21 (epoch 224)
Train: 248 [   0/195 (  0%)]  Loss:  1.007262 (1.0073)  Time: 0.275s,  931.63/s  (0.275s,  931.63/s)  Peak Memory: 11075  LR: 1.651e-06  Data: 0.154 (0.154)
Train: 248 [ 194/195 (100%)]  Loss:  0.962294 (1.0172)  Time: 0.121s, 2120.36/s  (0.129s, 1990.31/s)  Peak Memory: 11075  LR: 1.651e-06  Data: 0.000 (0.007)
Test: [   0/39]  Time: 0.105 (0.105)  Loss:  1.0996 (1.0996)  Acc@1: 75.7812 (75.7812)  Acc@5: 90.2344 (90.2344)
Test: [  39/39]  Time: 0.012 (0.043)  Loss:  0.5126 (1.0509)  Acc@1: 87.5000 (75.3500)  Acc@5: 100.0000 (93.5200)
*** Best metric: 76.21 (epoch 224)
Train: 249 [   0/195 (  0%)]  Loss:  0.984694 (0.9847)  Time: 0.226s, 1134.57/s  (0.226s, 1134.57/s)  Peak Memory: 11075  LR: 1.627e-06  Data: 0.103 (0.103)
Train: 249 [ 194/195 (100%)]  Loss:  1.076255 (1.0088)  Time: 0.121s, 2112.77/s  (0.130s, 1975.43/s)  Peak Memory: 11075  LR: 1.627e-06  Data: 0.000 (0.007)
Test: [   0/39]  Time: 0.116 (0.116)  Loss:  0.9976 (0.9976)  Acc@1: 80.0781 (80.0781)  Acc@5: 91.7969 (91.7969)
Test: [  39/39]  Time: 0.019 (0.045)  Loss:  0.7101 (1.0425)  Acc@1: 81.2500 (76.1200)  Acc@5: 93.7500 (93.8500)
*** Best metric: 76.21 (epoch 224)
Train: 250 [   0/195 (  0%)]  Loss:  1.055495 (1.0555)  Time: 0.227s, 1128.40/s  (0.227s, 1128.40/s)  Peak Memory: 11075  LR: 1.603e-06  Data: 0.106 (0.106)
Train: 250 [ 194/195 (100%)]  Loss:  1.108922 (1.0117)  Time: 0.121s, 2115.22/s  (0.128s, 2005.29/s)  Peak Memory: 11075  LR: 1.603e-06  Data: 0.000 (0.006)
Test: [   0/39]  Time: 0.116 (0.116)  Loss:  1.0397 (1.0397)  Acc@1: 78.5156 (78.5156)  Acc@5: 92.9688 (92.9688)
Test: [  39/39]  Time: 0.018 (0.043)  Loss:  0.5736 (1.0495)  Acc@1: 87.5000 (75.5900)  Acc@5: 100.0000 (93.7700)
*** Best metric: 76.21 (epoch 224)
Train: 251 [   0/195 (  0%)]  Loss:  1.005334 (1.0053)  Time: 0.218s, 1174.09/s  (0.218s, 1174.09/s)  Peak Memory: 11075  LR: 1.580e-06  Data: 0.097 (0.097)
Train: 251 [ 194/195 (100%)]  Loss:  1.034859 (1.0079)  Time: 0.121s, 2119.39/s  (0.129s, 1991.91/s)  Peak Memory: 11075  LR: 1.580e-06  Data: 0.000 (0.007)
Test: [   0/39]  Time: 0.112 (0.112)  Loss:  1.0503 (1.0503)  Acc@1: 76.9531 (76.9531)  Acc@5: 92.1875 (92.1875)
Test: [  39/39]  Time: 0.023 (0.044)  Loss:  0.4157 (1.0509)  Acc@1: 93.7500 (75.6500)  Acc@5: 100.0000 (93.7500)
*** Best metric: 76.21 (epoch 224)
Train: 252 [   0/195 (  0%)]  Loss:  0.981278 (0.9813)  Time: 0.242s, 1057.65/s  (0.242s, 1057.65/s)  Peak Memory: 11075  LR: 1.557e-06  Data: 0.121 (0.121)
Train: 252 [ 194/195 (100%)]  Loss:  0.974044 (1.0106)  Time: 0.121s, 2118.64/s  (0.128s, 2004.04/s)  Peak Memory: 11075  LR: 1.557e-06  Data: 0.000 (0.007)
Test: [   0/39]  Time: 0.114 (0.114)  Loss:  1.0609 (1.0609)  Acc@1: 76.9531 (76.9531)  Acc@5: 92.5781 (92.5781)
Test: [  39/39]  Time: 0.018 (0.044)  Loss:  0.4846 (1.0475)  Acc@1: 93.7500 (75.8800)  Acc@5: 100.0000 (93.8200)
*** Best metric: 76.21 (epoch 224)
Train: 253 [   0/195 (  0%)]  Loss:  0.991589 (0.9916)  Time: 0.264s,  969.64/s  (0.264s,  969.64/s)  Peak Memory: 11075  LR: 1.534e-06  Data: 0.142 (0.142)
Train: 253 [ 194/195 (100%)]  Loss:  1.058525 (1.0133)  Time: 0.127s, 2023.41/s  (0.130s, 1976.01/s)  Peak Memory: 11075  LR: 1.534e-06  Data: 0.000 (0.006)
Test: [   0/39]  Time: 0.152 (0.152)  Loss:  1.0652 (1.0652)  Acc@1: 76.9531 (76.9531)  Acc@5: 90.6250 (90.6250)
Test: [  39/39]  Time: 0.022 (0.045)  Loss:  0.6548 (1.0509)  Acc@1: 81.2500 (75.9500)  Acc@5: 100.0000 (93.8800)
*** Best metric: 76.21 (epoch 224)
Train: 254 [   0/195 (  0%)]  Loss:  1.026625 (1.0266)  Time: 0.232s, 1101.55/s  (0.232s, 1101.55/s)  Peak Memory: 11075  LR: 1.512e-06  Data: 0.110 (0.110)
Train: 254 [ 194/195 (100%)]  Loss:  0.971967 (1.0157)  Time: 0.121s, 2110.70/s  (0.129s, 1988.88/s)  Peak Memory: 11075  LR: 1.512e-06  Data: 0.000 (0.006)
Test: [   0/39]  Time: 0.150 (0.150)  Loss:  1.0952 (1.0952)  Acc@1: 75.3906 (75.3906)  Acc@5: 91.7969 (91.7969)
Test: [  39/39]  Time: 0.018 (0.044)  Loss:  0.4913 (1.0471)  Acc@1: 93.7500 (75.6300)  Acc@5: 100.0000 (93.6900)
*** Best metric: 76.21 (epoch 224)
Train: 255 [   0/195 (  0%)]  Loss:  1.012143 (1.0121)  Time: 0.247s, 1037.08/s  (0.247s, 1037.08/s)  Peak Memory: 11075  LR: 1.490e-06  Data: 0.122 (0.122)
Train: 255 [ 194/195 (100%)]  Loss:  1.030157 (1.0108)  Time: 0.122s, 2104.53/s  (0.130s, 1970.62/s)  Peak Memory: 11075  LR: 1.490e-06  Data: 0.000 (0.007)
Test: [   0/39]  Time: 0.138 (0.138)  Loss:  1.0500 (1.0500)  Acc@1: 77.3438 (77.3438)  Acc@5: 91.0156 (91.0156)
Test: [  39/39]  Time: 0.018 (0.044)  Loss:  0.5859 (1.0479)  Acc@1: 81.2500 (75.6500)  Acc@5: 100.0000 (93.7400)
*** Best metric: 76.21 (epoch 224)
Train: 256 [   0/195 (  0%)]  Loss:  1.006908 (1.0069)  Time: 0.230s, 1112.98/s  (0.230s, 1112.98/s)  Peak Memory: 11075  LR: 1.469e-06  Data: 0.107 (0.107)
Train: 256 [ 194/195 (100%)]  Loss:  1.025943 (1.0128)  Time: 0.121s, 2107.21/s  (0.129s, 1989.61/s)  Peak Memory: 11075  LR: 1.469e-06  Data: 0.000 (0.007)
Test: [   0/39]  Time: 0.150 (0.150)  Loss:  1.0583 (1.0583)  Acc@1: 75.7812 (75.7812)  Acc@5: 92.5781 (92.5781)
Test: [  39/39]  Time: 0.012 (0.044)  Loss:  0.6237 (1.0523)  Acc@1: 81.2500 (75.5900)  Acc@5: 93.7500 (93.5600)
*** Best metric: 76.21 (epoch 224)
Train: 257 [   0/195 (  0%)]  Loss:  1.005814 (1.0058)  Time: 0.232s, 1104.73/s  (0.232s, 1104.73/s)  Peak Memory: 11075  LR: 1.449e-06  Data: 0.111 (0.111)
Train: 257 [ 194/195 (100%)]  Loss:  1.000909 (1.0163)  Time: 0.121s, 2120.76/s  (0.129s, 1983.59/s)  Peak Memory: 11075  LR: 1.449e-06  Data: 0.000 (0.007)
Test: [   0/39]  Time: 0.147 (0.147)  Loss:  1.0024 (1.0024)  Acc@1: 77.3438 (77.3438)  Acc@5: 93.3594 (93.3594)
Test: [  39/39]  Time: 0.013 (0.043)  Loss:  0.7312 (1.0496)  Acc@1: 81.2500 (75.5000)  Acc@5: 100.0000 (93.7700)
*** Best metric: 76.21 (epoch 224)
Train: 258 [   0/195 (  0%)]  Loss:  1.041663 (1.0417)  Time: 0.267s,  960.45/s  (0.267s,  960.45/s)  Peak Memory: 11075  LR: 1.428e-06  Data: 0.144 (0.144)
Train: 258 [ 194/195 (100%)]  Loss:  1.034494 (1.0087)  Time: 0.122s, 2106.79/s  (0.130s, 1974.68/s)  Peak Memory: 11075  LR: 1.428e-06  Data: 0.000 (0.007)
Test: [   0/39]  Time: 0.146 (0.146)  Loss:  1.0209 (1.0209)  Acc@1: 78.1250 (78.1250)  Acc@5: 91.4062 (91.4062)
Test: [  39/39]  Time: 0.012 (0.044)  Loss:  0.5129 (1.0536)  Acc@1: 93.7500 (75.4500)  Acc@5: 100.0000 (93.5900)
*** Best metric: 76.21 (epoch 224)
Train: 259 [   0/195 (  0%)]  Loss:  1.001176 (1.0012)  Time: 0.228s, 1124.67/s  (0.228s, 1124.67/s)  Peak Memory: 11075  LR: 1.408e-06  Data: 0.107 (0.107)
Train: 259 [ 194/195 (100%)]  Loss:  0.981941 (1.0134)  Time: 0.124s, 2063.67/s  (0.128s, 2006.39/s)  Peak Memory: 11075  LR: 1.408e-06  Data: 0.000 (0.006)
Test: [   0/39]  Time: 0.151 (0.151)  Loss:  1.0669 (1.0669)  Acc@1: 76.1719 (76.1719)  Acc@5: 90.6250 (90.6250)
Test: [  39/39]  Time: 0.013 (0.044)  Loss:  0.5728 (1.0512)  Acc@1: 87.5000 (75.7200)  Acc@5: 100.0000 (93.6900)
*** Best metric: 76.21 (epoch 224)
Train: 260 [   0/195 (  0%)]  Loss:  0.947378 (0.9474)  Time: 0.229s, 1116.88/s  (0.229s, 1116.88/s)  Peak Memory: 11075  LR: 1.389e-06  Data: 0.108 (0.108)
Train: 260 [ 194/195 (100%)]  Loss:  0.982288 (1.0120)  Time: 0.122s, 2106.65/s  (0.129s, 1983.90/s)  Peak Memory: 11075  LR: 1.389e-06  Data: 0.000 (0.008)
Test: [   0/39]  Time: 0.152 (0.152)  Loss:  1.0274 (1.0274)  Acc@1: 76.1719 (76.1719)  Acc@5: 92.1875 (92.1875)
Test: [  39/39]  Time: 0.023 (0.045)  Loss:  0.5058 (1.0431)  Acc@1: 93.7500 (76.1100)  Acc@5: 100.0000 (93.7600)
*** Best metric: 76.21 (epoch 224)
Train: 261 [   0/195 (  0%)]  Loss:  0.996143 (0.9961)  Time: 0.254s, 1006.45/s  (0.254s, 1006.45/s)  Peak Memory: 11075  LR: 1.370e-06  Data: 0.132 (0.132)
Train: 261 [ 194/195 (100%)]  Loss:  1.054497 (1.0142)  Time: 0.122s, 2105.97/s  (0.129s, 1986.29/s)  Peak Memory: 11075  LR: 1.370e-06  Data: 0.000 (0.007)
Test: [   0/39]  Time: 0.147 (0.147)  Loss:  1.0543 (1.0543)  Acc@1: 77.3438 (77.3438)  Acc@5: 91.7969 (91.7969)
Test: [  39/39]  Time: 0.021 (0.045)  Loss:  0.7283 (1.0472)  Acc@1: 81.2500 (75.9200)  Acc@5: 87.5000 (93.7400)
*** Best metric: 76.21 (epoch 224)
Train: 262 [   0/195 (  0%)]  Loss:  0.986789 (0.9868)  Time: 0.224s, 1142.31/s  (0.224s, 1142.31/s)  Peak Memory: 11075  LR: 1.352e-06  Data: 0.103 (0.103)
Train: 262 [ 194/195 (100%)]  Loss:  0.995590 (1.0089)  Time: 0.121s, 2116.44/s  (0.129s, 1982.40/s)  Peak Memory: 11075  LR: 1.352e-06  Data: 0.000 (0.007)
Test: [   0/39]  Time: 0.154 (0.154)  Loss:  1.0362 (1.0362)  Acc@1: 78.1250 (78.1250)  Acc@5: 91.4062 (91.4062)
Test: [  39/39]  Time: 0.016 (0.044)  Loss:  0.7485 (1.0457)  Acc@1: 81.2500 (75.8700)  Acc@5: 93.7500 (93.7000)
*** Best metric: 76.21 (epoch 224)
Train: 263 [   0/195 (  0%)]  Loss:  1.007416 (1.0074)  Time: 0.231s, 1106.67/s  (0.231s, 1106.67/s)  Peak Memory: 11075  LR: 1.334e-06  Data: 0.110 (0.110)
Train: 263 [ 194/195 (100%)]  Loss:  1.018184 (1.0152)  Time: 0.121s, 2121.21/s  (0.127s, 2017.24/s)  Peak Memory: 11075  LR: 1.334e-06  Data: 0.000 (0.006)
Test: [   0/39]  Time: 0.146 (0.146)  Loss:  1.0604 (1.0604)  Acc@1: 76.9531 (76.9531)  Acc@5: 91.4062 (91.4062)
Test: [  39/39]  Time: 0.013 (0.043)  Loss:  0.5657 (1.0403)  Acc@1: 93.7500 (76.2500)  Acc@5: 100.0000 (93.7600)
*** Best metric: 76.25 (epoch 263)
Train: 264 [   0/195 (  0%)]  Loss:  1.052892 (1.0529)  Time: 0.233s, 1100.26/s  (0.233s, 1100.26/s)  Peak Memory: 11075  LR: 1.316e-06  Data: 0.108 (0.108)
Train: 264 [ 194/195 (100%)]  Loss:  1.036717 (1.0039)  Time: 0.121s, 2114.26/s  (0.129s, 1986.92/s)  Peak Memory: 11075  LR: 1.316e-06  Data: 0.000 (0.007)
Test: [   0/39]  Time: 0.148 (0.148)  Loss:  1.0676 (1.0676)  Acc@1: 77.3438 (77.3438)  Acc@5: 93.3594 (93.3594)
Test: [  39/39]  Time: 0.021 (0.045)  Loss:  0.6279 (1.0429)  Acc@1: 87.5000 (76.1800)  Acc@5: 100.0000 (93.6200)
*** Best metric: 76.25 (epoch 263)
Train: 265 [   0/195 (  0%)]  Loss:  1.040435 (1.0404)  Time: 0.257s,  996.85/s  (0.257s,  996.85/s)  Peak Memory: 11075  LR: 1.299e-06  Data: 0.128 (0.128)
Train: 265 [ 194/195 (100%)]  Loss:  1.052528 (1.0112)  Time: 0.122s, 2100.29/s  (0.132s, 1935.35/s)  Peak Memory: 11075  LR: 1.299e-06  Data: 0.000 (0.007)
Test: [   0/39]  Time: 0.149 (0.149)  Loss:  1.0519 (1.0519)  Acc@1: 77.7344 (77.7344)  Acc@5: 91.0156 (91.0156)
Test: [  39/39]  Time: 0.012 (0.044)  Loss:  0.6438 (1.0444)  Acc@1: 81.2500 (76.0200)  Acc@5: 100.0000 (93.7300)
*** Best metric: 76.25 (epoch 263)
Train: 266 [   0/195 (  0%)]  Loss:  0.979556 (0.9796)  Time: 0.226s, 1134.53/s  (0.226s, 1134.53/s)  Peak Memory: 11075  LR: 1.282e-06  Data: 0.101 (0.101)
Train: 266 [ 194/195 (100%)]  Loss:  0.945782 (1.0063)  Time: 0.121s, 2107.57/s  (0.130s, 1970.82/s)  Peak Memory: 11075  LR: 1.282e-06  Data: 0.000 (0.007)
Test: [   0/39]  Time: 0.115 (0.115)  Loss:  1.0233 (1.0233)  Acc@1: 78.1250 (78.1250)  Acc@5: 91.0156 (91.0156)
Test: [  39/39]  Time: 0.024 (0.045)  Loss:  0.5026 (1.0516)  Acc@1: 87.5000 (76.1200)  Acc@5: 100.0000 (93.7400)
*** Best metric: 76.25 (epoch 263)
Train: 267 [   0/195 (  0%)]  Loss:  1.037612 (1.0376)  Time: 0.273s,  938.18/s  (0.273s,  938.18/s)  Peak Memory: 11075  LR: 1.266e-06  Data: 0.147 (0.147)
Train: 267 [ 194/195 (100%)]  Loss:  1.064351 (1.0084)  Time: 0.122s, 2106.58/s  (0.129s, 1988.98/s)  Peak Memory: 11075  LR: 1.266e-06  Data: 0.000 (0.007)
Test: [   0/39]  Time: 0.123 (0.123)  Loss:  1.0593 (1.0593)  Acc@1: 75.3906 (75.3906)  Acc@5: 92.1875 (92.1875)
Test: [  39/39]  Time: 0.013 (0.043)  Loss:  0.6445 (1.0466)  Acc@1: 87.5000 (75.5700)  Acc@5: 100.0000 (93.7600)
*** Best metric: 76.25 (epoch 263)
Train: 268 [   0/195 (  0%)]  Loss:  0.989020 (0.9890)  Time: 0.239s, 1072.51/s  (0.239s, 1072.51/s)  Peak Memory: 11075  LR: 1.250e-06  Data: 0.117 (0.117)
Train: 268 [ 194/195 (100%)]  Loss:  1.085537 (1.0091)  Time: 0.121s, 2109.20/s  (0.130s, 1976.31/s)  Peak Memory: 11075  LR: 1.250e-06  Data: 0.000 (0.007)
Test: [   0/39]  Time: 0.137 (0.137)  Loss:  1.0548 (1.0548)  Acc@1: 77.7344 (77.7344)  Acc@5: 91.7969 (91.7969)
Test: [  39/39]  Time: 0.022 (0.046)  Loss:  0.7080 (1.0458)  Acc@1: 87.5000 (76.0600)  Acc@5: 93.7500 (93.7200)
*** Best metric: 76.25 (epoch 263)
Train: 269 [   0/195 (  0%)]  Loss:  0.994870 (0.9949)  Time: 0.271s,  944.20/s  (0.271s,  944.20/s)  Peak Memory: 11075  LR: 1.235e-06  Data: 0.147 (0.147)
Train: 269 [ 194/195 (100%)]  Loss:  0.981917 (1.0148)  Time: 0.121s, 2108.01/s  (0.128s, 2000.03/s)  Peak Memory: 11075  LR: 1.235e-06  Data: 0.000 (0.006)
Test: [   0/39]  Time: 0.127 (0.127)  Loss:  1.0757 (1.0757)  Acc@1: 76.5625 (76.5625)  Acc@5: 91.4062 (91.4062)
Test: [  39/39]  Time: 0.012 (0.044)  Loss:  0.7088 (1.0512)  Acc@1: 81.2500 (75.5600)  Acc@5: 93.7500 (93.6800)
*** Best metric: 76.25 (epoch 263)
Train: 270 [   0/195 (  0%)]  Loss:  1.030117 (1.0301)  Time: 0.210s, 1218.36/s  (0.210s, 1218.36/s)  Peak Memory: 11075  LR: 1.220e-06  Data: 0.089 (0.089)
Train: 270 [ 194/195 (100%)]  Loss:  0.968254 (1.0108)  Time: 0.121s, 2109.97/s  (0.127s, 2009.99/s)  Peak Memory: 11075  LR: 1.220e-06  Data: 0.000 (0.006)
Test: [   0/39]  Time: 0.126 (0.126)  Loss:  1.0213 (1.0213)  Acc@1: 76.5625 (76.5625)  Acc@5: 92.1875 (92.1875)
Test: [  39/39]  Time: 0.012 (0.043)  Loss:  0.6752 (1.0488)  Acc@1: 87.5000 (75.6300)  Acc@5: 87.5000 (93.6500)
*** Best metric: 76.25 (epoch 263)
Train: 271 [   0/195 (  0%)]  Loss:  1.045969 (1.0460)  Time: 0.227s, 1128.92/s  (0.227s, 1128.92/s)  Peak Memory: 11075  LR: 1.206e-06  Data: 0.106 (0.106)
Train: 271 [ 194/195 (100%)]  Loss:  1.029326 (1.0106)  Time: 0.121s, 2113.05/s  (0.128s, 1996.03/s)  Peak Memory: 11075  LR: 1.206e-06  Data: 0.000 (0.007)
Test: [   0/39]  Time: 0.127 (0.127)  Loss:  1.0880 (1.0880)  Acc@1: 76.1719 (76.1719)  Acc@5: 91.0156 (91.0156)
Test: [  39/39]  Time: 0.023 (0.044)  Loss:  0.4578 (1.0455)  Acc@1: 100.0000 (75.9800)  Acc@5: 100.0000 (93.7700)
*** Best metric: 76.25 (epoch 263)
Train: 272 [   0/195 (  0%)]  Loss:  1.008933 (1.0089)  Time: 0.228s, 1121.55/s  (0.228s, 1121.55/s)  Peak Memory: 11075  LR: 1.192e-06  Data: 0.105 (0.105)
Train: 272 [ 194/195 (100%)]  Loss:  0.970398 (1.0109)  Time: 0.121s, 2117.98/s  (0.127s, 2012.74/s)  Peak Memory: 11075  LR: 1.192e-06  Data: 0.000 (0.006)
Test: [   0/39]  Time: 0.117 (0.117)  Loss:  1.0569 (1.0569)  Acc@1: 78.1250 (78.1250)  Acc@5: 91.4062 (91.4062)
Test: [  39/39]  Time: 0.013 (0.043)  Loss:  0.5563 (1.0404)  Acc@1: 87.5000 (76.2600)  Acc@5: 100.0000 (93.5800)
*** Best metric: 76.26 (epoch 272)
Train: 273 [   0/195 (  0%)]  Loss:  1.006678 (1.0067)  Time: 0.227s, 1126.55/s  (0.227s, 1126.55/s)  Peak Memory: 11075  LR: 1.179e-06  Data: 0.102 (0.102)
Train: 273 [ 194/195 (100%)]  Loss:  0.945543 (1.0120)  Time: 0.121s, 2118.82/s  (0.129s, 1978.21/s)  Peak Memory: 11075  LR: 1.179e-06  Data: 0.000 (0.007)
Test: [   0/39]  Time: 0.112 (0.112)  Loss:  1.0331 (1.0331)  Acc@1: 80.8594 (80.8594)  Acc@5: 91.4062 (91.4062)
Test: [  39/39]  Time: 0.017 (0.043)  Loss:  0.5672 (1.0418)  Acc@1: 93.7500 (76.1500)  Acc@5: 100.0000 (93.9300)
*** Best metric: 76.26 (epoch 272)
Train: 274 [   0/195 (  0%)]  Loss:  0.994913 (0.9949)  Time: 0.245s, 1043.72/s  (0.245s, 1043.72/s)  Peak Memory: 11075  LR: 1.166e-06  Data: 0.122 (0.122)
Train: 274 [ 194/195 (100%)]  Loss:  0.991006 (1.0071)  Time: 0.121s, 2111.46/s  (0.128s, 1999.46/s)  Peak Memory: 11075  LR: 1.166e-06  Data: 0.000 (0.007)
Test: [   0/39]  Time: 0.115 (0.115)  Loss:  1.0644 (1.0644)  Acc@1: 75.7812 (75.7812)  Acc@5: 93.3594 (93.3594)
Test: [  39/39]  Time: 0.023 (0.044)  Loss:  0.6388 (1.0500)  Acc@1: 81.2500 (75.7600)  Acc@5: 100.0000 (93.8100)
*** Best metric: 76.26 (epoch 272)
Train: 275 [   0/195 (  0%)]  Loss:  1.080809 (1.0808)  Time: 0.222s, 1151.14/s  (0.222s, 1151.14/s)  Peak Memory: 11075  LR: 1.153e-06  Data: 0.102 (0.102)
Train: 275 [ 194/195 (100%)]  Loss:  0.979527 (1.0096)  Time: 0.121s, 2113.49/s  (0.128s, 1998.20/s)  Peak Memory: 11075  LR: 1.153e-06  Data: 0.000 (0.007)
Test: [   0/39]  Time: 0.112 (0.112)  Loss:  1.0510 (1.0510)  Acc@1: 76.9531 (76.9531)  Acc@5: 91.7969 (91.7969)
Test: [  39/39]  Time: 0.021 (0.044)  Loss:  0.6810 (1.0490)  Acc@1: 87.5000 (75.7900)  Acc@5: 93.7500 (93.6900)
*** Best metric: 76.26 (epoch 272)
Train: 276 [   0/195 (  0%)]  Loss:  1.026452 (1.0265)  Time: 0.235s, 1088.30/s  (0.235s, 1088.30/s)  Peak Memory: 11075  LR: 1.141e-06  Data: 0.114 (0.114)
Train: 276 [ 194/195 (100%)]  Loss:  0.989153 (1.0097)  Time: 0.121s, 2116.06/s  (0.129s, 1984.92/s)  Peak Memory: 11075  LR: 1.141e-06  Data: 0.000 (0.007)
Test: [   0/39]  Time: 0.115 (0.115)  Loss:  1.0399 (1.0399)  Acc@1: 76.1719 (76.1719)  Acc@5: 92.9688 (92.9688)
Test: [  39/39]  Time: 0.018 (0.043)  Loss:  0.6738 (1.0460)  Acc@1: 81.2500 (75.8500)  Acc@5: 100.0000 (93.6800)
*** Best metric: 76.26 (epoch 272)
Train: 277 [   0/195 (  0%)]  Loss:  1.000472 (1.0005)  Time: 0.237s, 1079.42/s  (0.237s, 1079.42/s)  Peak Memory: 11075  LR: 1.130e-06  Data: 0.114 (0.114)
Train: 277 [ 194/195 (100%)]  Loss:  0.957227 (1.0136)  Time: 0.121s, 2111.91/s  (0.129s, 1984.45/s)  Peak Memory: 11075  LR: 1.130e-06  Data: 0.000 (0.007)
Test: [   0/39]  Time: 0.123 (0.123)  Loss:  1.0455 (1.0455)  Acc@1: 77.7344 (77.7344)  Acc@5: 91.0156 (91.0156)
Test: [  39/39]  Time: 0.012 (0.043)  Loss:  0.7292 (1.0473)  Acc@1: 87.5000 (75.7800)  Acc@5: 93.7500 (93.7700)
*** Best metric: 76.26 (epoch 272)
Train: 278 [   0/195 (  0%)]  Loss:  1.014026 (1.0140)  Time: 0.225s, 1140.14/s  (0.225s, 1140.14/s)  Peak Memory: 11075  LR: 1.119e-06  Data: 0.104 (0.104)
Train: 278 [ 194/195 (100%)]  Loss:  1.000042 (1.0161)  Time: 0.121s, 2112.07/s  (0.128s, 2001.54/s)  Peak Memory: 11075  LR: 1.119e-06  Data: 0.000 (0.007)
Test: [   0/39]  Time: 0.114 (0.114)  Loss:  1.0405 (1.0405)  Acc@1: 79.6875 (79.6875)  Acc@5: 92.1875 (92.1875)
Test: [  39/39]  Time: 0.023 (0.044)  Loss:  0.7011 (1.0503)  Acc@1: 81.2500 (75.9500)  Acc@5: 93.7500 (93.5200)
*** Best metric: 76.26 (epoch 272)
Train: 279 [   0/195 (  0%)]  Loss:  1.006591 (1.0066)  Time: 0.242s, 1058.01/s  (0.242s, 1058.01/s)  Peak Memory: 11075  LR: 1.108e-06  Data: 0.121 (0.121)
Train: 279 [ 194/195 (100%)]  Loss:  1.027650 (1.0103)  Time: 0.121s, 2109.28/s  (0.129s, 1985.01/s)  Peak Memory: 11075  LR: 1.108e-06  Data: 0.000 (0.007)
Test: [   0/39]  Time: 0.113 (0.113)  Loss:  1.0542 (1.0542)  Acc@1: 79.2969 (79.2969)  Acc@5: 92.1875 (92.1875)
Test: [  39/39]  Time: 0.012 (0.044)  Loss:  0.5733 (1.0447)  Acc@1: 93.7500 (75.6900)  Acc@5: 93.7500 (93.8300)
*** Best metric: 76.26 (epoch 272)
Train: 280 [   0/195 (  0%)]  Loss:  1.013193 (1.0132)  Time: 0.225s, 1137.11/s  (0.225s, 1137.11/s)  Peak Memory: 11075  LR: 1.098e-06  Data: 0.104 (0.104)
Train: 280 [ 194/195 (100%)]  Loss:  0.952093 (1.0100)  Time: 0.121s, 2109.20/s  (0.128s, 1999.82/s)  Peak Memory: 11075  LR: 1.098e-06  Data: 0.000 (0.006)
Test: [   0/39]  Time: 0.161 (0.161)  Loss:  1.0078 (1.0078)  Acc@1: 79.6875 (79.6875)  Acc@5: 92.1875 (92.1875)
Test: [  39/39]  Time: 0.028 (0.046)  Loss:  0.5115 (1.0406)  Acc@1: 87.5000 (76.1200)  Acc@5: 100.0000 (93.7500)
*** Best metric: 76.26 (epoch 272)
Train: 281 [   0/195 (  0%)]  Loss:  1.038567 (1.0386)  Time: 0.262s,  975.27/s  (0.262s,  975.27/s)  Peak Memory: 11075  LR: 1.089e-06  Data: 0.138 (0.138)
Train: 281 [ 194/195 (100%)]  Loss:  0.992417 (1.0096)  Time: 0.128s, 2007.83/s  (0.130s, 1975.43/s)  Peak Memory: 11075  LR: 1.089e-06  Data: 0.000 (0.008)
Test: [   0/39]  Time: 0.128 (0.128)  Loss:  1.0418 (1.0418)  Acc@1: 77.3438 (77.3438)  Acc@5: 92.1875 (92.1875)
Test: [  39/39]  Time: 0.012 (0.043)  Loss:  0.6699 (1.0528)  Acc@1: 87.5000 (75.9700)  Acc@5: 93.7500 (93.7100)
*** Best metric: 76.26 (epoch 272)
Train: 282 [   0/195 (  0%)]  Loss:  1.007484 (1.0075)  Time: 0.223s, 1148.34/s  (0.223s, 1148.34/s)  Peak Memory: 11075  LR: 1.080e-06  Data: 0.101 (0.101)
Train: 282 [ 194/195 (100%)]  Loss:  0.916578 (1.0099)  Time: 0.121s, 2122.87/s  (0.127s, 2014.49/s)  Peak Memory: 11075  LR: 1.080e-06  Data: 0.000 (0.005)
Test: [   0/39]  Time: 0.145 (0.145)  Loss:  1.0215 (1.0215)  Acc@1: 78.5156 (78.5156)  Acc@5: 91.7969 (91.7969)
Test: [  39/39]  Time: 0.012 (0.043)  Loss:  0.6313 (1.0429)  Acc@1: 87.5000 (76.1900)  Acc@5: 100.0000 (93.6200)
*** Best metric: 76.26 (epoch 272)
Train: 283 [   0/195 (  0%)]  Loss:  1.025455 (1.0255)  Time: 0.225s, 1135.69/s  (0.225s, 1135.69/s)  Peak Memory: 11075  LR: 1.071e-06  Data: 0.102 (0.102)
Train: 283 [ 194/195 (100%)]  Loss:  1.043703 (1.0116)  Time: 0.123s, 2080.15/s  (0.129s, 1992.05/s)  Peak Memory: 11075  LR: 1.071e-06  Data: 0.000 (0.007)
Test: [   0/39]  Time: 0.113 (0.113)  Loss:  1.1006 (1.1006)  Acc@1: 75.3906 (75.3906)  Acc@5: 92.1875 (92.1875)
Test: [  39/39]  Time: 0.012 (0.043)  Loss:  0.6720 (1.0486)  Acc@1: 81.2500 (75.9000)  Acc@5: 100.0000 (93.7500)
*** Best metric: 76.26 (epoch 272)
Train: 284 [   0/195 (  0%)]  Loss:  1.098262 (1.0983)  Time: 0.273s,  937.94/s  (0.273s,  937.94/s)  Peak Memory: 11075  LR: 1.063e-06  Data: 0.150 (0.150)
Train: 284 [ 194/195 (100%)]  Loss:  1.062719 (1.0117)  Time: 0.121s, 2108.90/s  (0.131s, 1951.29/s)  Peak Memory: 11075  LR: 1.063e-06  Data: 0.000 (0.007)
Test: [   0/39]  Time: 0.154 (0.154)  Loss:  1.0787 (1.0787)  Acc@1: 78.1250 (78.1250)  Acc@5: 92.1875 (92.1875)
Test: [  39/39]  Time: 0.022 (0.046)  Loss:  0.7283 (1.0362)  Acc@1: 81.2500 (75.9700)  Acc@5: 100.0000 (93.8300)
*** Best metric: 76.26 (epoch 272)
Train: 285 [   0/195 (  0%)]  Loss:  1.027403 (1.0274)  Time: 0.246s, 1039.29/s  (0.246s, 1039.29/s)  Peak Memory: 11075  LR: 1.055e-06  Data: 0.121 (0.121)
Train: 285 [ 194/195 (100%)]  Loss:  1.019552 (1.0171)  Time: 0.128s, 2006.72/s  (0.129s, 1979.36/s)  Peak Memory: 11075  LR: 1.055e-06  Data: 0.000 (0.007)
Test: [   0/39]  Time: 0.149 (0.149)  Loss:  1.0657 (1.0657)  Acc@1: 76.5625 (76.5625)  Acc@5: 91.0156 (91.0156)
Test: [  39/39]  Time: 0.023 (0.045)  Loss:  0.6717 (1.0428)  Acc@1: 87.5000 (75.9500)  Acc@5: 100.0000 (93.6800)
*** Best metric: 76.26 (epoch 272)
Train: 286 [   0/195 (  0%)]  Loss:  0.970190 (0.9702)  Time: 0.283s,  904.07/s  (0.283s,  904.07/s)  Peak Memory: 11075  LR: 1.048e-06  Data: 0.162 (0.162)
Train: 286 [ 194/195 (100%)]  Loss:  1.018917 (1.0135)  Time: 0.121s, 2110.54/s  (0.129s, 1984.85/s)  Peak Memory: 11075  LR: 1.048e-06  Data: 0.000 (0.008)
Test: [   0/39]  Time: 0.155 (0.155)  Loss:  1.0844 (1.0844)  Acc@1: 77.3438 (77.3438)  Acc@5: 91.0156 (91.0156)
Test: [  39/39]  Time: 0.022 (0.045)  Loss:  0.5474 (1.0477)  Acc@1: 87.5000 (75.9700)  Acc@5: 100.0000 (93.5100)
*** Best metric: 76.26 (epoch 272)
Train: 287 [   0/195 (  0%)]  Loss:  1.082085 (1.0821)  Time: 0.279s,  917.80/s  (0.279s,  917.80/s)  Peak Memory: 11075  LR: 1.042e-06  Data: 0.157 (0.157)
Train: 287 [ 194/195 (100%)]  Loss:  0.955539 (1.0093)  Time: 0.121s, 2122.26/s  (0.127s, 2009.40/s)  Peak Memory: 11075  LR: 1.042e-06  Data: 0.000 (0.006)
Test: [   0/39]  Time: 0.125 (0.125)  Loss:  1.0699 (1.0699)  Acc@1: 76.9531 (76.9531)  Acc@5: 92.1875 (92.1875)
Test: [  39/39]  Time: 0.021 (0.044)  Loss:  0.6006 (1.0417)  Acc@1: 87.5000 (76.2000)  Acc@5: 100.0000 (93.7000)
*** Best metric: 76.26 (epoch 272)
Train: 288 [   0/195 (  0%)]  Loss:  0.997483 (0.9975)  Time: 0.221s, 1157.91/s  (0.221s, 1157.91/s)  Peak Memory: 11075  LR: 1.035e-06  Data: 0.100 (0.100)
Train: 288 [ 194/195 (100%)]  Loss:  0.930890 (1.0105)  Time: 0.122s, 2092.32/s  (0.127s, 2017.88/s)  Peak Memory: 11075  LR: 1.035e-06  Data: 0.000 (0.005)
Test: [   0/39]  Time: 0.120 (0.120)  Loss:  1.0701 (1.0701)  Acc@1: 76.9531 (76.9531)  Acc@5: 92.1875 (92.1875)
Test: [  39/39]  Time: 0.022 (0.044)  Loss:  0.7020 (1.0411)  Acc@1: 87.5000 (75.8700)  Acc@5: 100.0000 (93.8400)
*** Best metric: 76.26 (epoch 272)
Train: 289 [   0/195 (  0%)]  Loss:  0.987556 (0.9876)  Time: 0.243s, 1053.88/s  (0.243s, 1053.88/s)  Peak Memory: 11075  LR: 1.030e-06  Data: 0.121 (0.121)
Train: 289 [ 194/195 (100%)]  Loss:  1.002711 (1.0081)  Time: 0.122s, 2101.36/s  (0.130s, 1976.04/s)  Peak Memory: 11075  LR: 1.030e-06  Data: 0.000 (0.007)
Test: [   0/39]  Time: 0.112 (0.112)  Loss:  1.0633 (1.0633)  Acc@1: 76.1719 (76.1719)  Acc@5: 91.4062 (91.4062)
Test: [  39/39]  Time: 0.022 (0.045)  Loss:  0.7846 (1.0414)  Acc@1: 75.0000 (75.9800)  Acc@5: 93.7500 (93.7000)
*** Best metric: 76.26 (epoch 272)
Train: 290 [   0/195 (  0%)]  Loss:  0.996722 (0.9967)  Time: 0.248s, 1032.85/s  (0.248s, 1032.85/s)  Peak Memory: 11075  LR: 1.025e-06  Data: 0.117 (0.117)
Train: 290 [ 194/195 (100%)]  Loss:  1.032388 (1.0092)  Time: 0.126s, 2038.02/s  (0.130s, 1964.08/s)  Peak Memory: 11075  LR: 1.025e-06  Data: 0.000 (0.007)
Test: [   0/39]  Time: 0.124 (0.124)  Loss:  1.0133 (1.0133)  Acc@1: 78.5156 (78.5156)  Acc@5: 91.7969 (91.7969)
Test: [  39/39]  Time: 0.022 (0.045)  Loss:  0.5153 (1.0385)  Acc@1: 87.5000 (75.9700)  Acc@5: 100.0000 (93.9600)
*** Best metric: 76.26 (epoch 272)
Train: 291 [   0/195 (  0%)]  Loss:  0.997393 (0.9974)  Time: 0.226s, 1135.19/s  (0.226s, 1135.19/s)  Peak Memory: 11075  LR: 1.020e-06  Data: 0.104 (0.104)
Train: 291 [ 194/195 (100%)]  Loss:  1.082332 (1.0159)  Time: 0.121s, 2110.87/s  (0.128s, 2007.15/s)  Peak Memory: 11075  LR: 1.020e-06  Data: 0.000 (0.006)
Test: [   0/39]  Time: 0.112 (0.112)  Loss:  1.0296 (1.0296)  Acc@1: 78.1250 (78.1250)  Acc@5: 92.9688 (92.9688)
Test: [  39/39]  Time: 0.012 (0.044)  Loss:  0.5783 (1.0498)  Acc@1: 87.5000 (76.3300)  Acc@5: 100.0000 (93.5500)
*** Best metric: 76.33 (epoch 291)
Train: 292 [   0/195 (  0%)]  Loss:  1.002788 (1.0028)  Time: 0.223s, 1149.55/s  (0.223s, 1149.55/s)  Peak Memory: 11075  LR: 1.016e-06  Data: 0.096 (0.096)
Train: 292 [ 194/195 (100%)]  Loss:  1.032925 (1.0096)  Time: 0.121s, 2119.40/s  (0.130s, 1974.21/s)  Peak Memory: 11075  LR: 1.016e-06  Data: 0.000 (0.007)
Test: [   0/39]  Time: 0.115 (0.115)  Loss:  1.0485 (1.0485)  Acc@1: 78.1250 (78.1250)  Acc@5: 90.6250 (90.6250)
Test: [  39/39]  Time: 0.021 (0.044)  Loss:  0.7038 (1.0426)  Acc@1: 81.2500 (76.1900)  Acc@5: 100.0000 (93.7600)
*** Best metric: 76.33 (epoch 291)
Train: 293 [   0/195 (  0%)]  Loss:  1.070613 (1.0706)  Time: 0.218s, 1174.63/s  (0.218s, 1174.63/s)  Peak Memory: 11075  LR: 1.012e-06  Data: 0.095 (0.095)
Train: 293 [ 194/195 (100%)]  Loss:  0.937870 (1.0115)  Time: 0.121s, 2107.29/s  (0.128s, 2005.60/s)  Peak Memory: 11075  LR: 1.012e-06  Data: 0.000 (0.006)
Test: [   0/39]  Time: 0.122 (0.122)  Loss:  1.0385 (1.0385)  Acc@1: 77.7344 (77.7344)  Acc@5: 91.0156 (91.0156)
Test: [  39/39]  Time: 0.012 (0.044)  Loss:  0.4429 (1.0459)  Acc@1: 93.7500 (75.9100)  Acc@5: 100.0000 (93.5400)
*** Best metric: 76.33 (epoch 291)
Train: 294 [   0/195 (  0%)]  Loss:  0.970372 (0.9704)  Time: 0.224s, 1140.50/s  (0.224s, 1140.50/s)  Peak Memory: 11075  LR: 1.009e-06  Data: 0.100 (0.100)
Train: 294 [ 194/195 (100%)]  Loss:  1.007548 (1.0148)  Time: 0.121s, 2116.13/s  (0.129s, 1981.41/s)  Peak Memory: 11075  LR: 1.009e-06  Data: 0.000 (0.007)
Test: [   0/39]  Time: 0.110 (0.110)  Loss:  1.0365 (1.0365)  Acc@1: 79.2969 (79.2969)  Acc@5: 91.0156 (91.0156)
Test: [  39/39]  Time: 0.017 (0.043)  Loss:  0.5747 (1.0354)  Acc@1: 87.5000 (76.3200)  Acc@5: 100.0000 (93.7100)
*** Best metric: 76.33 (epoch 291)
Train: 295 [   0/195 (  0%)]  Loss:  1.041405 (1.0414)  Time: 0.249s, 1027.33/s  (0.249s, 1027.33/s)  Peak Memory: 11075  LR: 1.006e-06  Data: 0.126 (0.126)
Train: 295 [ 194/195 (100%)]  Loss:  1.001202 (1.0080)  Time: 0.121s, 2112.44/s  (0.127s, 2022.29/s)  Peak Memory: 11075  LR: 1.006e-06  Data: 0.000 (0.006)
Test: [   0/39]  Time: 0.117 (0.117)  Loss:  1.0290 (1.0290)  Acc@1: 77.7344 (77.7344)  Acc@5: 92.9688 (92.9688)
Test: [  39/39]  Time: 0.012 (0.044)  Loss:  0.6816 (1.0452)  Acc@1: 81.2500 (76.2900)  Acc@5: 87.5000 (93.4400)
*** Best metric: 76.33 (epoch 291)
Train: 296 [   0/195 (  0%)]  Loss:  1.024932 (1.0249)  Time: 0.232s, 1103.01/s  (0.232s, 1103.01/s)  Peak Memory: 11075  LR: 1.004e-06  Data: 0.111 (0.111)
Train: 296 [ 194/195 (100%)]  Loss:  1.007030 (1.0151)  Time: 0.121s, 2109.48/s  (0.129s, 1981.57/s)  Peak Memory: 11075  LR: 1.004e-06  Data: 0.000 (0.007)
Test: [   0/39]  Time: 0.127 (0.127)  Loss:  1.0222 (1.0222)  Acc@1: 78.9062 (78.9062)  Acc@5: 92.9688 (92.9688)
Test: [  39/39]  Time: 0.017 (0.044)  Loss:  0.7154 (1.0483)  Acc@1: 81.2500 (75.7700)  Acc@5: 93.7500 (93.7000)
*** Best metric: 76.33 (epoch 291)
Train: 297 [   0/195 (  0%)]  Loss:  1.033979 (1.0340)  Time: 0.229s, 1116.90/s  (0.229s, 1116.90/s)  Peak Memory: 11075  LR: 1.002e-06  Data: 0.108 (0.108)
Train: 297 [ 194/195 (100%)]  Loss:  1.010217 (1.0181)  Time: 0.121s, 2122.47/s  (0.128s, 1999.35/s)  Peak Memory: 11075  LR: 1.002e-06  Data: 0.000 (0.006)
Test: [   0/39]  Time: 0.117 (0.117)  Loss:  1.0382 (1.0382)  Acc@1: 77.7344 (77.7344)  Acc@5: 91.7969 (91.7969)
Test: [  39/39]  Time: 0.012 (0.043)  Loss:  0.7257 (1.0466)  Acc@1: 81.2500 (75.7900)  Acc@5: 93.7500 (93.7300)
*** Best metric: 76.33 (epoch 291)
Train: 298 [   0/195 (  0%)]  Loss:  0.992403 (0.9924)  Time: 0.233s, 1098.45/s  (0.233s, 1098.45/s)  Peak Memory: 11075  LR: 1.001e-06  Data: 0.109 (0.109)
Train: 298 [ 194/195 (100%)]  Loss:  0.970089 (1.0088)  Time: 0.121s, 2112.33/s  (0.130s, 1971.10/s)  Peak Memory: 11075  LR: 1.001e-06  Data: 0.000 (0.007)
Test: [   0/39]  Time: 0.119 (0.119)  Loss:  1.0285 (1.0285)  Acc@1: 77.3438 (77.3438)  Acc@5: 92.9688 (92.9688)
Test: [  39/39]  Time: 0.021 (0.044)  Loss:  0.7302 (1.0530)  Acc@1: 81.2500 (75.7700)  Acc@5: 93.7500 (93.7000)
*** Best metric: 76.33 (epoch 291)
Train: 299 [   0/195 (  0%)]  Loss:  0.977467 (0.9775)  Time: 0.246s, 1041.16/s  (0.246s, 1041.16/s)  Peak Memory: 11075  LR: 1.000e-06  Data: 0.118 (0.118)
Train: 299 [ 194/195 (100%)]  Loss:  1.018432 (1.0093)  Time: 0.121s, 2116.65/s  (0.129s, 1982.67/s)  Peak Memory: 11075  LR: 1.000e-06  Data: 0.000 (0.007)
Test: [   0/39]  Time: 0.117 (0.117)  Loss:  1.0198 (1.0198)  Acc@1: 78.1250 (78.1250)  Acc@5: 92.9688 (92.9688)
Test: [  39/39]  Time: 0.012 (0.043)  Loss:  0.6812 (1.0456)  Acc@1: 81.2500 (75.7700)  Acc@5: 93.7500 (93.8800)
*** Best metric: 76.33 (epoch 291)
Train: 300 [   0/195 (  0%)]  Loss:  0.956163 (0.9562)  Time: 0.241s, 1063.96/s  (0.241s, 1063.96/s)  Peak Memory: 11075  LR: 1.000e-06  Data: 0.114 (0.114)
Train: 300 [ 194/195 (100%)]  Loss:  0.995642 (1.0142)  Time: 0.121s, 2112.17/s  (0.129s, 1984.57/s)  Peak Memory: 11075  LR: 1.000e-06  Data: 0.000 (0.007)
Test: [   0/39]  Time: 0.119 (0.119)  Loss:  1.0351 (1.0351)  Acc@1: 77.7344 (77.7344)  Acc@5: 92.1875 (92.1875)
Test: [  39/39]  Time: 0.012 (0.044)  Loss:  0.6138 (1.0439)  Acc@1: 93.7500 (75.9900)  Acc@5: 100.0000 (93.6200)
*** Best metric: 76.33 (epoch 291)
Train: 301 [   0/195 (  0%)]  Loss:  0.992812 (0.9928)  Time: 0.231s, 1109.02/s  (0.231s, 1109.02/s)  Peak Memory: 11075  LR: 1.000e-06  Data: 0.105 (0.105)
Train: 301 [ 194/195 (100%)]  Loss:  0.976932 (1.0137)  Time: 0.123s, 2086.67/s  (0.127s, 2015.77/s)  Peak Memory: 11075  LR: 1.000e-06  Data: 0.000 (0.005)
Test: [   0/39]  Time: 0.112 (0.112)  Loss:  1.0271 (1.0271)  Acc@1: 78.1250 (78.1250)  Acc@5: 92.1875 (92.1875)
Test: [  39/39]  Time: 0.012 (0.043)  Loss:  0.5166 (1.0473)  Acc@1: 87.5000 (75.7900)  Acc@5: 100.0000 (93.7500)
*** Best metric: 76.33 (epoch 291)
Train: 302 [   0/195 (  0%)]  Loss:  1.024897 (1.0249)  Time: 0.226s, 1130.66/s  (0.226s, 1130.66/s)  Peak Memory: 11075  LR: 1.000e-06  Data: 0.106 (0.106)
Train: 302 [ 194/195 (100%)]  Loss:  0.919909 (1.0097)  Time: 0.122s, 2106.38/s  (0.128s, 1993.28/s)  Peak Memory: 11075  LR: 1.000e-06  Data: 0.000 (0.006)
Test: [   0/39]  Time: 0.128 (0.128)  Loss:  1.0658 (1.0658)  Acc@1: 77.3438 (77.3438)  Acc@5: 91.4062 (91.4062)
Test: [  39/39]  Time: 0.013 (0.044)  Loss:  0.7158 (1.0480)  Acc@1: 81.2500 (75.8900)  Acc@5: 100.0000 (93.7500)
*** Best metric: 76.33 (epoch 291)
Train: 303 [   0/195 (  0%)]  Loss:  0.993595 (0.9936)  Time: 0.219s, 1169.90/s  (0.219s, 1169.90/s)  Peak Memory: 11075  LR: 1.000e-06  Data: 0.098 (0.098)
Train: 303 [ 194/195 (100%)]  Loss:  0.977507 (1.0104)  Time: 0.121s, 2108.85/s  (0.130s, 1969.64/s)  Peak Memory: 11075  LR: 1.000e-06  Data: 0.000 (0.007)
Test: [   0/39]  Time: 0.115 (0.115)  Loss:  1.0274 (1.0274)  Acc@1: 78.1250 (78.1250)  Acc@5: 92.5781 (92.5781)
Test: [  39/39]  Time: 0.012 (0.043)  Loss:  0.4958 (1.0407)  Acc@1: 87.5000 (75.9300)  Acc@5: 100.0000 (93.6500)
*** Best metric: 76.33 (epoch 291)
Train: 304 [   0/195 (  0%)]  Loss:  1.014267 (1.0143)  Time: 0.221s, 1159.08/s  (0.221s, 1159.08/s)  Peak Memory: 11075  LR: 1.000e-06  Data: 0.096 (0.096)
Train: 304 [ 194/195 (100%)]  Loss:  0.994768 (1.0107)  Time: 0.121s, 2120.89/s  (0.128s, 1999.76/s)  Peak Memory: 11075  LR: 1.000e-06  Data: 0.000 (0.006)
Test: [   0/39]  Time: 0.112 (0.112)  Loss:  1.0291 (1.0291)  Acc@1: 76.9531 (76.9531)  Acc@5: 91.7969 (91.7969)
Test: [  39/39]  Time: 0.021 (0.044)  Loss:  0.6341 (1.0498)  Acc@1: 81.2500 (75.6100)  Acc@5: 93.7500 (93.6300)
*** Best metric: 76.33 (epoch 291)
Train: 305 [   0/195 (  0%)]  Loss:  0.974985 (0.9750)  Time: 0.279s,  917.31/s  (0.279s,  917.31/s)  Peak Memory: 11075  LR: 1.000e-06  Data: 0.154 (0.154)
Train: 305 [ 194/195 (100%)]  Loss:  1.006793 (1.0167)  Time: 0.121s, 2117.70/s  (0.128s, 2006.27/s)  Peak Memory: 11075  LR: 1.000e-06  Data: 0.000 (0.006)
Test: [   0/39]  Time: 0.116 (0.116)  Loss:  1.0657 (1.0657)  Acc@1: 76.5625 (76.5625)  Acc@5: 92.5781 (92.5781)
Test: [  39/39]  Time: 0.017 (0.043)  Loss:  0.5476 (1.0422)  Acc@1: 93.7500 (75.9800)  Acc@5: 93.7500 (93.8300)
*** Best metric: 76.33 (epoch 291)
Train: 306 [   0/195 (  0%)]  Loss:  0.982815 (0.9828)  Time: 0.231s, 1106.30/s  (0.231s, 1106.30/s)  Peak Memory: 11075  LR: 1.000e-06  Data: 0.110 (0.110)
Train: 306 [ 194/195 (100%)]  Loss:  1.010394 (1.0093)  Time: 0.121s, 2122.53/s  (0.128s, 1997.99/s)  Peak Memory: 11075  LR: 1.000e-06  Data: 0.000 (0.006)
Test: [   0/39]  Time: 0.113 (0.113)  Loss:  1.0625 (1.0625)  Acc@1: 76.9531 (76.9531)  Acc@5: 92.9688 (92.9688)
Test: [  39/39]  Time: 0.012 (0.043)  Loss:  0.5706 (1.0402)  Acc@1: 87.5000 (75.7600)  Acc@5: 100.0000 (93.7700)
*** Best metric: 76.33 (epoch 291)
Train: 307 [   0/195 (  0%)]  Loss:  1.037167 (1.0372)  Time: 0.270s,  949.05/s  (0.270s,  949.05/s)  Peak Memory: 11075  LR: 1.000e-06  Data: 0.144 (0.144)
Train: 307 [ 194/195 (100%)]  Loss:  1.009383 (1.0110)  Time: 0.121s, 2122.71/s  (0.126s, 2029.59/s)  Peak Memory: 11075  LR: 1.000e-06  Data: 0.000 (0.005)
Test: [   0/39]  Time: 0.117 (0.117)  Loss:  1.0447 (1.0447)  Acc@1: 76.9531 (76.9531)  Acc@5: 92.5781 (92.5781)
Test: [  39/39]  Time: 0.023 (0.045)  Loss:  0.7334 (1.0406)  Acc@1: 81.2500 (76.0100)  Acc@5: 93.7500 (93.7300)
*** Best metric: 76.33 (epoch 291)
Train: 308 [   0/195 (  0%)]  Loss:  1.031457 (1.0315)  Time: 0.225s, 1139.91/s  (0.225s, 1139.91/s)  Peak Memory: 11075  LR: 1.000e-06  Data: 0.103 (0.103)
Train: 308 [ 194/195 (100%)]  Loss:  1.051747 (1.0067)  Time: 0.121s, 2118.72/s  (0.131s, 1961.33/s)  Peak Memory: 11075  LR: 1.000e-06  Data: 0.000 (0.006)
Test: [   0/39]  Time: 0.112 (0.112)  Loss:  1.0368 (1.0368)  Acc@1: 78.5156 (78.5156)  Acc@5: 91.7969 (91.7969)
Test: [  39/39]  Time: 0.017 (0.043)  Loss:  0.5794 (1.0449)  Acc@1: 87.5000 (75.9100)  Acc@5: 93.7500 (93.9700)
*** Best metric: 76.33 (epoch 291)
Train: 309 [   0/195 (  0%)]  Loss:  0.962584 (0.9626)  Time: 0.226s, 1133.32/s  (0.226s, 1133.32/s)  Peak Memory: 11075  LR: 1.000e-06  Data: 0.105 (0.105)
Train: 309 [ 194/195 (100%)]  Loss:  1.063082 (1.0136)  Time: 0.128s, 1993.89/s  (0.128s, 1992.73/s)  Peak Memory: 11075  LR: 1.000e-06  Data: 0.000 (0.007)
Test: [   0/39]  Time: 0.135 (0.135)  Loss:  1.0522 (1.0522)  Acc@1: 77.3438 (77.3438)  Acc@5: 92.9688 (92.9688)
Test: [  39/39]  Time: 0.012 (0.044)  Loss:  0.5695 (1.0514)  Acc@1: 87.5000 (75.6200)  Acc@5: 100.0000 (93.9100)
*** Best metric: 76.33 (epoch 291)
Train: 310 [   0/195 (  0%)]  Loss:  1.012061 (1.0121)  Time: 0.229s, 1119.69/s  (0.229s, 1119.69/s)  Peak Memory: 11075  LR: 1.000e-06  Data: 0.102 (0.102)
Train: 310 [ 194/195 (100%)]  Loss:  0.925501 (1.0105)  Time: 0.121s, 2120.66/s  (0.129s, 1991.36/s)  Peak Memory: 11075  LR: 1.000e-06  Data: 0.000 (0.007)
Test: [   0/39]  Time: 0.117 (0.117)  Loss:  1.0455 (1.0455)  Acc@1: 76.9531 (76.9531)  Acc@5: 92.5781 (92.5781)
Test: [  39/39]  Time: 0.013 (0.043)  Loss:  0.7246 (1.0441)  Acc@1: 87.5000 (75.4400)  Acc@5: 100.0000 (93.8900)
*** Best metric: 76.33 (epoch 291)
Train: 311 [   0/195 (  0%)]  Loss:  1.062645 (1.0626)  Time: 0.225s, 1135.27/s  (0.225s, 1135.27/s)  Peak Memory: 11075  LR: 1.000e-06  Data: 0.099 (0.099)
Train: 311 [ 194/195 (100%)]  Loss:  0.935627 (1.0089)  Time: 0.125s, 2049.75/s  (0.127s, 2012.82/s)  Peak Memory: 11075  LR: 1.000e-06  Data: 0.000 (0.006)
Test: [   0/39]  Time: 0.116 (0.116)  Loss:  1.0636 (1.0636)  Acc@1: 78.1250 (78.1250)  Acc@5: 89.4531 (89.4531)
Test: [  39/39]  Time: 0.022 (0.045)  Loss:  0.6279 (1.0419)  Acc@1: 81.2500 (75.5800)  Acc@5: 93.7500 (93.5800)
*** Best metric: 76.33 (epoch 291)
Train: 312 [   0/195 (  0%)]  Loss:  0.995638 (0.9956)  Time: 0.235s, 1088.66/s  (0.235s, 1088.66/s)  Peak Memory: 11075  LR: 1.000e-06  Data: 0.109 (0.109)
Train: 312 [ 194/195 (100%)]  Loss:  1.020924 (1.0067)  Time: 0.122s, 2102.10/s  (0.127s, 2013.60/s)  Peak Memory: 11075  LR: 1.000e-06  Data: 0.000 (0.006)
Test: [   0/39]  Time: 0.124 (0.124)  Loss:  1.0553 (1.0553)  Acc@1: 77.3438 (77.3438)  Acc@5: 90.6250 (90.6250)
Test: [  39/39]  Time: 0.022 (0.045)  Loss:  0.7485 (1.0476)  Acc@1: 81.2500 (75.7500)  Acc@5: 100.0000 (93.7000)
*** Best metric: 76.33 (epoch 291)
Train: 313 [   0/195 (  0%)]  Loss:  0.970157 (0.9702)  Time: 0.240s, 1068.32/s  (0.240s, 1068.32/s)  Peak Memory: 11075  LR: 1.000e-06  Data: 0.113 (0.113)
Train: 313 [ 194/195 (100%)]  Loss:  1.027884 (1.0093)  Time: 0.121s, 2124.22/s  (0.126s, 2027.63/s)  Peak Memory: 11075  LR: 1.000e-06  Data: 0.000 (0.005)
Test: [   0/39]  Time: 0.118 (0.118)  Loss:  1.0558 (1.0558)  Acc@1: 76.1719 (76.1719)  Acc@5: 92.1875 (92.1875)
Test: [  39/39]  Time: 0.012 (0.044)  Loss:  0.6833 (1.0403)  Acc@1: 81.2500 (75.9900)  Acc@5: 93.7500 (93.6500)
*** Best metric: 76.33 (epoch 291)
Train: 314 [   0/195 (  0%)]  Loss:  1.028912 (1.0289)  Time: 0.228s, 1122.08/s  (0.228s, 1122.08/s)  Peak Memory: 11075  LR: 1.000e-06  Data: 0.102 (0.102)
Train: 314 [ 194/195 (100%)]  Loss:  0.999557 (1.0092)  Time: 0.122s, 2102.31/s  (0.128s, 1993.62/s)  Peak Memory: 11075  LR: 1.000e-06  Data: 0.000 (0.007)
Test: [   0/39]  Time: 0.115 (0.115)  Loss:  1.0330 (1.0330)  Acc@1: 75.7812 (75.7812)  Acc@5: 91.7969 (91.7969)
Test: [  39/39]  Time: 0.024 (0.045)  Loss:  0.5246 (1.0439)  Acc@1: 87.5000 (75.7600)  Acc@5: 100.0000 (93.6400)
*** Best metric: 76.33 (epoch 291)
Train: 315 [   0/195 (  0%)]  Loss:  1.014028 (1.0140)  Time: 0.257s,  994.80/s  (0.257s,  994.80/s)  Peak Memory: 11075  LR: 1.000e-06  Data: 0.130 (0.130)
Train: 315 [ 194/195 (100%)]  Loss:  0.956907 (1.0141)  Time: 0.121s, 2108.73/s  (0.129s, 1992.17/s)  Peak Memory: 11075  LR: 1.000e-06  Data: 0.000 (0.007)
Test: [   0/39]  Time: 0.173 (0.173)  Loss:  1.0501 (1.0501)  Acc@1: 77.7344 (77.7344)  Acc@5: 92.5781 (92.5781)
Test: [  39/39]  Time: 0.012 (0.046)  Loss:  0.4525 (1.0443)  Acc@1: 93.7500 (75.9700)  Acc@5: 100.0000 (93.8700)
*** Best metric: 76.33 (epoch 291)
Train: 316 [   0/195 (  0%)]  Loss:  1.040803 (1.0408)  Time: 0.264s,  970.07/s  (0.264s,  970.07/s)  Peak Memory: 11075  LR: 1.000e-06  Data: 0.137 (0.137)
Train: 316 [ 194/195 (100%)]  Loss:  1.117548 (1.0097)  Time: 0.122s, 2099.61/s  (0.127s, 2010.56/s)  Peak Memory: 11075  LR: 1.000e-06  Data: 0.000 (0.006)
Test: [   0/39]  Time: 0.157 (0.157)  Loss:  1.0883 (1.0883)  Acc@1: 76.9531 (76.9531)  Acc@5: 89.8438 (89.8438)
Test: [  39/39]  Time: 0.023 (0.045)  Loss:  0.6033 (1.0410)  Acc@1: 87.5000 (76.0900)  Acc@5: 100.0000 (93.8300)
*** Best metric: 76.33 (epoch 291)
Train: 317 [   0/195 (  0%)]  Loss:  0.960782 (0.9608)  Time: 0.250s, 1025.56/s  (0.250s, 1025.56/s)  Peak Memory: 11075  LR: 1.000e-06  Data: 0.124 (0.124)
Train: 317 [ 194/195 (100%)]  Loss:  1.104387 (1.0093)  Time: 0.121s, 2119.54/s  (0.129s, 1982.51/s)  Peak Memory: 11075  LR: 1.000e-06  Data: 0.000 (0.007)
Test: [   0/39]  Time: 0.145 (0.145)  Loss:  1.0299 (1.0299)  Acc@1: 78.1250 (78.1250)  Acc@5: 91.4062 (91.4062)
Test: [  39/39]  Time: 0.012 (0.044)  Loss:  0.5379 (1.0452)  Acc@1: 93.7500 (75.7900)  Acc@5: 100.0000 (93.6500)
*** Best metric: 76.33 (epoch 291)
Train: 318 [   0/195 (  0%)]  Loss:  0.968807 (0.9688)  Time: 0.237s, 1080.78/s  (0.237s, 1080.78/s)  Peak Memory: 11075  LR: 1.000e-06  Data: 0.114 (0.114)
Train: 318 [ 194/195 (100%)]  Loss:  0.991314 (1.0148)  Time: 0.121s, 2116.85/s  (0.130s, 1973.99/s)  Peak Memory: 11075  LR: 1.000e-06  Data: 0.000 (0.007)
Test: [   0/39]  Time: 0.145 (0.145)  Loss:  1.0310 (1.0310)  Acc@1: 78.5156 (78.5156)  Acc@5: 92.1875 (92.1875)
Test: [  39/39]  Time: 0.022 (0.045)  Loss:  0.5804 (1.0408)  Acc@1: 81.2500 (75.9100)  Acc@5: 100.0000 (93.7200)
*** Best metric: 76.33 (epoch 291)
Train: 319 [   0/195 (  0%)]  Loss:  0.998058 (0.9981)  Time: 0.253s, 1010.75/s  (0.253s, 1010.75/s)  Peak Memory: 11075  LR: 1.000e-06  Data: 0.126 (0.126)
Train: 319 [ 194/195 (100%)]  Loss:  1.010226 (1.0060)  Time: 0.121s, 2108.75/s  (0.130s, 1968.19/s)  Peak Memory: 11075  LR: 1.000e-06  Data: 0.000 (0.007)
Test: [   0/39]  Time: 0.144 (0.144)  Loss:  1.0385 (1.0385)  Acc@1: 78.1250 (78.1250)  Acc@5: 92.1875 (92.1875)
Test: [  39/39]  Time: 0.012 (0.044)  Loss:  0.5165 (1.0444)  Acc@1: 87.5000 (75.8500)  Acc@5: 100.0000 (93.7100)
*** Best metric: 76.33 (epoch 291)
 | Best metric: 76.33 (epoch 291) | Total Training Time Cost: 0:48:18 |
