Train: 292 [   0/195 (  0%)]  Loss:  1.033449 (1.0334)  Time: 2.036s,  125.71/s  (2.036s,  125.71/s)  Peak Memory: 11075  LR: 1.777e-06  Data: 0.261 (0.261)
Train: 292 [ 194/195 (100%)]  Loss:  1.059210 (1.0325)  Time: 0.125s, 2045.57/s  (0.142s, 1805.49/s)  Peak Memory: 11075  LR: 1.777e-06  Data: 0.000 (0.008)
Test: [   0/39]  Time: 1.424 (1.424)  Loss:  1.0690 (1.0690)  Acc@1: 76.1719 (76.1719)  Acc@5: 92.1875 (92.1875)
Test: [  39/39]  Time: 0.242 (0.083)  Loss:  0.4668 (1.0245)  Acc@1: 93.7500 (76.6300)  Acc@5: 100.0000 (94.0200)
*** Best metric: 76.63 (epoch 292)
Train: 293 [   0/195 (  0%)]  Loss:  1.015030 (1.0150)  Time: 0.245s, 1043.27/s  (0.245s, 1043.27/s)  Peak Memory: 11075  LR: 1.747e-06  Data: 0.112 (0.112)
Train: 293 [ 194/195 (100%)]  Loss:  1.009919 (1.0330)  Time: 0.124s, 2064.88/s  (0.129s, 1978.94/s)  Peak Memory: 11075  LR: 1.747e-06  Data: 0.000 (0.005)
Test: [   0/39]  Time: 0.112 (0.112)  Loss:  1.0427 (1.0427)  Acc@1: 76.5625 (76.5625)  Acc@5: 93.3594 (93.3594)
Test: [  39/39]  Time: 0.013 (0.043)  Loss:  0.5150 (1.0257)  Acc@1: 93.7500 (76.3900)  Acc@5: 100.0000 (93.8500)
*** Best metric: 76.63 (epoch 292)
Train: 294 [   0/195 (  0%)]  Loss:  1.058479 (1.0585)  Time: 0.231s, 1108.24/s  (0.231s, 1108.24/s)  Peak Memory: 11075  LR: 1.719e-06  Data: 0.107 (0.107)
Train: 294 [ 194/195 (100%)]  Loss:  0.972009 (1.0291)  Time: 0.124s, 2058.83/s  (0.130s, 1967.14/s)  Peak Memory: 11075  LR: 1.719e-06  Data: 0.000 (0.005)
Test: [   0/39]  Time: 0.185 (0.185)  Loss:  1.0327 (1.0327)  Acc@1: 78.9062 (78.9062)  Acc@5: 92.5781 (92.5781)
Test: [  39/39]  Time: 0.013 (0.045)  Loss:  0.5400 (1.0196)  Acc@1: 93.7500 (76.5500)  Acc@5: 100.0000 (93.8500)
*** Best metric: 76.63 (epoch 292)
Train: 295 [   0/195 (  0%)]  Loss:  1.013480 (1.0135)  Time: 0.243s, 1055.50/s  (0.243s, 1055.50/s)  Peak Memory: 11075  LR: 1.690e-06  Data: 0.113 (0.113)
Train: 295 [ 194/195 (100%)]  Loss:  0.993570 (1.0322)  Time: 0.125s, 2046.38/s  (0.131s, 1961.51/s)  Peak Memory: 11075  LR: 1.690e-06  Data: 0.000 (0.006)
Test: [   0/39]  Time: 0.114 (0.114)  Loss:  1.0502 (1.0502)  Acc@1: 77.3438 (77.3438)  Acc@5: 92.5781 (92.5781)
Test: [  39/39]  Time: 0.023 (0.044)  Loss:  0.6287 (1.0215)  Acc@1: 87.5000 (76.4600)  Acc@5: 100.0000 (94.0300)
*** Best metric: 76.63 (epoch 292)
Train: 296 [   0/195 (  0%)]  Loss:  0.988946 (0.9889)  Time: 0.260s,  985.36/s  (0.260s,  985.36/s)  Peak Memory: 11075  LR: 1.661e-06  Data: 0.130 (0.130)
Train: 296 [ 194/195 (100%)]  Loss:  1.006927 (1.0299)  Time: 0.124s, 2059.14/s  (0.133s, 1919.72/s)  Peak Memory: 11075  LR: 1.661e-06  Data: 0.000 (0.006)
Test: [   0/39]  Time: 0.124 (0.124)  Loss:  1.0051 (1.0051)  Acc@1: 76.9531 (76.9531)  Acc@5: 94.5312 (94.5312)
Test: [  39/39]  Time: 0.013 (0.044)  Loss:  0.5524 (1.0191)  Acc@1: 93.7500 (76.5500)  Acc@5: 100.0000 (94.0600)
*** Best metric: 76.63 (epoch 292)
Train: 297 [   0/195 (  0%)]  Loss:  0.959290 (0.9593)  Time: 0.275s,  930.65/s  (0.275s,  930.65/s)  Peak Memory: 11075  LR: 1.633e-06  Data: 0.148 (0.148)
Train: 297 [ 194/195 (100%)]  Loss:  1.084301 (1.0280)  Time: 0.128s, 2005.43/s  (0.132s, 1938.40/s)  Peak Memory: 11075  LR: 1.633e-06  Data: 0.000 (0.006)
Test: [   0/39]  Time: 0.116 (0.116)  Loss:  1.0167 (1.0167)  Acc@1: 77.3438 (77.3438)  Acc@5: 92.5781 (92.5781)
Test: [  39/39]  Time: 0.013 (0.044)  Loss:  0.4561 (1.0259)  Acc@1: 93.7500 (76.2700)  Acc@5: 100.0000 (94.0300)
*** Best metric: 76.63 (epoch 292)
Train: 298 [   0/195 (  0%)]  Loss:  1.072623 (1.0726)  Time: 0.266s,  962.69/s  (0.266s,  962.69/s)  Peak Memory: 11075  LR: 1.605e-06  Data: 0.137 (0.137)
Train: 298 [ 194/195 (100%)]  Loss:  1.110909 (1.0313)  Time: 0.125s, 2044.91/s  (0.133s, 1930.43/s)  Peak Memory: 11075  LR: 1.605e-06  Data: 0.000 (0.006)
Test: [   0/39]  Time: 0.116 (0.116)  Loss:  1.0210 (1.0210)  Acc@1: 78.1250 (78.1250)  Acc@5: 91.4062 (91.4062)
Test: [  39/39]  Time: 0.019 (0.044)  Loss:  0.6078 (1.0205)  Acc@1: 87.5000 (76.4600)  Acc@5: 100.0000 (94.2400)
*** Best metric: 76.63 (epoch 292)
Train: 299 [   0/195 (  0%)]  Loss:  1.032817 (1.0328)  Time: 0.247s, 1037.20/s  (0.247s, 1037.20/s)  Peak Memory: 11075  LR: 1.577e-06  Data: 0.120 (0.120)
Train: 299 [ 194/195 (100%)]  Loss:  0.996909 (1.0242)  Time: 0.125s, 2050.16/s  (0.133s, 1926.63/s)  Peak Memory: 11075  LR: 1.577e-06  Data: 0.000 (0.007)
Test: [   0/39]  Time: 0.120 (0.120)  Loss:  1.0250 (1.0250)  Acc@1: 78.5156 (78.5156)  Acc@5: 93.7500 (93.7500)
Test: [  39/39]  Time: 0.020 (0.044)  Loss:  0.7316 (1.0178)  Acc@1: 87.5000 (76.6900)  Acc@5: 93.7500 (94.0600)
*** Best metric: 76.69 (epoch 299)
Train: 300 [   0/195 (  0%)]  Loss:  0.979079 (0.9791)  Time: 0.231s, 1106.55/s  (0.231s, 1106.55/s)  Peak Memory: 11075  LR: 1.550e-06  Data: 0.102 (0.102)
Train: 300 [ 194/195 (100%)]  Loss:  0.957396 (1.0257)  Time: 0.125s, 2050.24/s  (0.132s, 1943.08/s)  Peak Memory: 11075  LR: 1.550e-06  Data: 0.000 (0.007)
Test: [   0/39]  Time: 0.116 (0.116)  Loss:  1.0637 (1.0637)  Acc@1: 78.1250 (78.1250)  Acc@5: 91.4062 (91.4062)
Test: [  39/39]  Time: 0.019 (0.044)  Loss:  0.5279 (1.0260)  Acc@1: 87.5000 (76.3300)  Acc@5: 100.0000 (93.9600)
*** Best metric: 76.69 (epoch 299)
Train: 301 [   0/195 (  0%)]  Loss:  1.097368 (1.0974)  Time: 0.238s, 1076.68/s  (0.238s, 1076.68/s)  Peak Memory: 11075  LR: 1.522e-06  Data: 0.113 (0.113)
Train: 301 [ 194/195 (100%)]  Loss:  0.983299 (1.0269)  Time: 0.125s, 2054.29/s  (0.132s, 1944.30/s)  Peak Memory: 11075  LR: 1.522e-06  Data: 0.000 (0.007)
Test: [   0/39]  Time: 0.128 (0.128)  Loss:  1.0307 (1.0307)  Acc@1: 77.7344 (77.7344)  Acc@5: 92.5781 (92.5781)
Test: [  39/39]  Time: 0.013 (0.044)  Loss:  0.6185 (1.0231)  Acc@1: 81.2500 (76.8200)  Acc@5: 100.0000 (93.9300)
*** Best metric: 76.82 (epoch 301)
Train: 302 [   0/195 (  0%)]  Loss:  1.014131 (1.0141)  Time: 0.257s,  994.73/s  (0.257s,  994.73/s)  Peak Memory: 11075  LR: 1.495e-06  Data: 0.133 (0.133)
Train: 302 [ 194/195 (100%)]  Loss:  1.028998 (1.0262)  Time: 0.125s, 2053.64/s  (0.132s, 1935.16/s)  Peak Memory: 11075  LR: 1.495e-06  Data: 0.000 (0.007)
Test: [   0/39]  Time: 0.108 (0.108)  Loss:  1.0603 (1.0603)  Acc@1: 77.7344 (77.7344)  Acc@5: 93.7500 (93.7500)
Test: [  39/39]  Time: 0.019 (0.044)  Loss:  0.5426 (1.0242)  Acc@1: 93.7500 (76.4900)  Acc@5: 100.0000 (94.1600)
*** Best metric: 76.82 (epoch 301)
Train: 303 [   0/195 (  0%)]  Loss:  1.002205 (1.0022)  Time: 0.235s, 1091.27/s  (0.235s, 1091.27/s)  Peak Memory: 11075  LR: 1.468e-06  Data: 0.106 (0.106)
Train: 303 [ 194/195 (100%)]  Loss:  0.979822 (1.0246)  Time: 0.125s, 2043.74/s  (0.132s, 1943.29/s)  Peak Memory: 11075  LR: 1.468e-06  Data: 0.000 (0.006)
Test: [   0/39]  Time: 0.117 (0.117)  Loss:  1.0046 (1.0046)  Acc@1: 78.1250 (78.1250)  Acc@5: 92.1875 (92.1875)
Test: [  39/39]  Time: 0.020 (0.044)  Loss:  0.6685 (1.0214)  Acc@1: 87.5000 (76.4800)  Acc@5: 100.0000 (94.0000)
*** Best metric: 76.82 (epoch 301)
Train: 304 [   0/195 (  0%)]  Loss:  1.019640 (1.0196)  Time: 0.238s, 1075.27/s  (0.238s, 1075.27/s)  Peak Memory: 11075  LR: 1.442e-06  Data: 0.108 (0.108)
Train: 304 [ 194/195 (100%)]  Loss:  1.032031 (1.0299)  Time: 0.124s, 2058.66/s  (0.129s, 1983.07/s)  Peak Memory: 11075  LR: 1.442e-06  Data: 0.000 (0.004)
Test: [   0/39]  Time: 0.119 (0.119)  Loss:  1.0239 (1.0239)  Acc@1: 77.7344 (77.7344)  Acc@5: 92.5781 (92.5781)
Test: [  39/39]  Time: 0.013 (0.044)  Loss:  0.5267 (1.0235)  Acc@1: 87.5000 (76.5300)  Acc@5: 100.0000 (93.9900)
*** Best metric: 76.82 (epoch 301)
Train: 305 [   0/195 (  0%)]  Loss:  1.000668 (1.0007)  Time: 0.227s, 1127.14/s  (0.227s, 1127.14/s)  Peak Memory: 11075  LR: 1.415e-06  Data: 0.098 (0.098)
