Train: 198 [   0/195 (  0%)]  Loss:  2.250397 (2.2504)  Time: 2.446s,  104.64/s  (2.446s,  104.64/s)  Peak Memory: 11075  LR: 1.024e-05  Data: 0.249 (0.249)
Train: 198 [ 194/195 (100%)]  Loss:  2.012587 (2.0018)  Time: 0.121s, 2123.71/s  (0.140s, 1835.02/s)  Peak Memory: 11075  LR: 1.024e-05  Data: 0.000 (0.008)
Test: [   0/39]  Time: 1.379 (1.379)  Loss:  1.1027 (1.1027)  Acc@1: 79.6875 (79.6875)  Acc@5: 90.6250 (90.6250)
Test: [  39/39]  Time: 0.311 (0.083)  Loss:  0.7650 (1.1525)  Acc@1: 87.5000 (75.5900)  Acc@5: 93.7500 (93.1400)
*** Best metric: 75.59 (epoch 198)
Train: 199 [   0/195 (  0%)]  Loss:  1.052765 (1.0528)  Time: 0.242s, 1058.78/s  (0.242s, 1058.78/s)  Peak Memory: 11075  LR: 1.006e-05  Data: 0.113 (0.113)
Train: 199 [ 194/195 (100%)]  Loss:  1.637813 (2.0270)  Time: 0.121s, 2108.73/s  (0.128s, 1992.76/s)  Peak Memory: 11075  LR: 1.006e-05  Data: 0.000 (0.007)
Test: [   0/39]  Time: 0.119 (0.119)  Loss:  1.1324 (1.1324)  Acc@1: 76.9531 (76.9531)  Acc@5: 89.8438 (89.8438)
Test: [  39/39]  Time: 0.017 (0.044)  Loss:  0.8881 (1.1632)  Acc@1: 81.2500 (75.4500)  Acc@5: 93.7500 (92.9500)
*** Best metric: 75.59 (epoch 198)
Train: 200 [   0/195 (  0%)]  Loss:  2.268274 (2.2683)  Time: 0.230s, 1111.89/s  (0.230s, 1111.89/s)  Peak Memory: 11075  LR: 1.000e-05  Data: 0.104 (0.104)
Train: 200 [ 194/195 (100%)]  Loss:  1.033086 (1.9394)  Time: 0.121s, 2120.47/s  (0.128s, 2003.29/s)  Peak Memory: 11075  LR: 1.000e-05  Data: 0.000 (0.006)
Test: [   0/39]  Time: 0.129 (0.129)  Loss:  1.1003 (1.1003)  Acc@1: 76.9531 (76.9531)  Acc@5: 90.6250 (90.6250)
Test: [  39/39]  Time: 0.021 (0.044)  Loss:  0.8537 (1.1125)  Acc@1: 81.2500 (75.7200)  Acc@5: 93.7500 (93.6400)
*** Best metric: 75.72 (epoch 200)
Train: 201 [   0/195 (  0%)]  Loss:  3.279390 (3.2794)  Time: 0.269s,  950.94/s  (0.269s,  950.94/s)  Peak Memory: 11075  LR: 1.000e-05  Data: 0.147 (0.147)
Train: 201 [ 194/195 (100%)]  Loss:  2.081454 (2.0443)  Time: 0.121s, 2114.66/s  (0.128s, 1996.81/s)  Peak Memory: 11075  LR: 1.000e-05  Data: 0.000 (0.006)
Test: [   0/39]  Time: 0.118 (0.118)  Loss:  1.0833 (1.0833)  Acc@1: 78.9062 (78.9062)  Acc@5: 90.6250 (90.6250)
Test: [  39/39]  Time: 0.013 (0.044)  Loss:  0.6922 (1.1295)  Acc@1: 87.5000 (75.7400)  Acc@5: 100.0000 (93.2400)
*** Best metric: 75.74 (epoch 201)
Train: 202 [   0/195 (  0%)]  Loss:  1.277182 (1.2772)  Time: 0.231s, 1105.92/s  (0.231s, 1105.92/s)  Peak Memory: 11075  LR: 1.000e-05  Data: 0.110 (0.110)
Train: 202 [ 194/195 (100%)]  Loss:  1.554534 (1.9350)  Time: 0.125s, 2041.18/s  (0.128s, 1998.81/s)  Peak Memory: 11075  LR: 1.000e-05  Data: 0.000 (0.007)
Test: [   0/39]  Time: 0.117 (0.117)  Loss:  1.0891 (1.0891)  Acc@1: 78.9062 (78.9062)  Acc@5: 90.6250 (90.6250)
Test: [  39/39]  Time: 0.012 (0.043)  Loss:  0.6854 (1.1315)  Acc@1: 87.5000 (75.5000)  Acc@5: 100.0000 (93.5200)
*** Best metric: 75.74 (epoch 201)
Train: 203 [   0/195 (  0%)]  Loss:  2.808481 (2.8085)  Time: 0.271s,  946.38/s  (0.271s,  946.38/s)  Peak Memory: 11075  LR: 1.000e-05  Data: 0.144 (0.144)
Train: 203 [ 194/195 (100%)]  Loss:  3.268710 (2.1209)  Time: 0.121s, 2110.70/s  (0.129s, 1978.33/s)  Peak Memory: 11075  LR: 1.000e-05  Data: 0.000 (0.007)
Test: [   0/39]  Time: 0.117 (0.117)  Loss:  1.2138 (1.2138)  Acc@1: 78.1250 (78.1250)  Acc@5: 91.4062 (91.4062)
Test: [  39/39]  Time: 0.014 (0.044)  Loss:  1.1451 (1.2612)  Acc@1: 81.2500 (74.8400)  Acc@5: 93.7500 (92.4200)
*** Best metric: 75.74 (epoch 201)
Train: 204 [   0/195 (  0%)]  Loss:  1.453241 (1.4532)  Time: 0.266s,  962.10/s  (0.266s,  962.10/s)  Peak Memory: 11075  LR: 1.000e-05  Data: 0.141 (0.141)
Train: 204 [ 194/195 (100%)]  Loss:  2.857311 (1.9968)  Time: 0.122s, 2104.27/s  (0.129s, 1983.44/s)  Peak Memory: 11075  LR: 1.000e-05  Data: 0.000 (0.007)
Test: [   0/39]  Time: 0.113 (0.113)  Loss:  1.1648 (1.1648)  Acc@1: 77.7344 (77.7344)  Acc@5: 91.0156 (91.0156)
Test: [  39/39]  Time: 0.012 (0.043)  Loss:  0.9473 (1.2023)  Acc@1: 81.2500 (74.8000)  Acc@5: 100.0000 (92.8500)
*** Best metric: 75.74 (epoch 201)
Train: 205 [   0/195 (  0%)]  Loss:  1.257741 (1.2577)  Time: 0.227s, 1128.60/s  (0.227s, 1128.60/s)  Peak Memory: 11075  LR: 1.000e-05  Data: 0.106 (0.106)
Train: 205 [ 194/195 (100%)]  Loss:  3.155888 (2.0317)  Time: 0.121s, 2124.03/s  (0.128s, 1999.64/s)  Peak Memory: 11075  LR: 1.000e-05  Data: 0.000 (0.006)
Test: [   0/39]  Time: 0.113 (0.113)  Loss:  1.2128 (1.2128)  Acc@1: 77.7344 (77.7344)  Acc@5: 91.7969 (91.7969)
Test: [  39/39]  Time: 0.012 (0.043)  Loss:  0.8662 (1.2533)  Acc@1: 81.2500 (74.7800)  Acc@5: 100.0000 (92.8000)
*** Best metric: 75.74 (epoch 201)
Train: 206 [   0/195 (  0%)]  Loss:  3.175183 (3.1752)  Time: 0.227s, 1129.21/s  (0.227s, 1129.21/s)  Peak Memory: 11075  LR: 1.000e-05  Data: 0.106 (0.106)
Train: 206 [ 194/195 (100%)]  Loss:  1.253734 (1.9546)  Time: 0.122s, 2105.76/s  (0.128s, 1995.43/s)  Peak Memory: 11075  LR: 1.000e-05  Data: 0.000 (0.007)
Test: [   0/39]  Time: 0.122 (0.122)  Loss:  1.1391 (1.1391)  Acc@1: 77.7344 (77.7344)  Acc@5: 91.0156 (91.0156)
Test: [  39/39]  Time: 0.018 (0.045)  Loss:  1.0745 (1.1856)  Acc@1: 81.2500 (75.0200)  Acc@5: 93.7500 (92.8900)
*** Best metric: 75.74 (epoch 201)
Train: 207 [   0/195 (  0%)]  Loss:  3.136942 (3.1369)  Time: 0.237s, 1078.48/s  (0.237s, 1078.48/s)  Peak Memory: 11075  LR: 1.000e-05  Data: 0.116 (0.116)
Train: 207 [ 194/195 (100%)]  Loss:  2.264945 (1.9295)  Time: 0.121s, 2119.66/s  (0.128s, 2002.13/s)  Peak Memory: 11075  LR: 1.000e-05  Data: 0.000 (0.007)
Test: [   0/39]  Time: 0.109 (0.109)  Loss:  1.1419 (1.1419)  Acc@1: 77.3438 (77.3438)  Acc@5: 91.4062 (91.4062)
Test: [  39/39]  Time: 0.012 (0.043)  Loss:  0.7509 (1.1796)  Acc@1: 81.2500 (75.2400)  Acc@5: 100.0000 (93.0200)
*** Best metric: 75.74 (epoch 201)
Train: 208 [   0/195 (  0%)]  Loss:  1.037550 (1.0376)  Time: 0.227s, 1129.03/s  (0.227s, 1129.03/s)  Peak Memory: 11075  LR: 1.000e-05  Data: 0.106 (0.106)
Train: 208 [ 194/195 (100%)]  Loss:  1.308741 (1.9997)  Time: 0.121s, 2116.98/s  (0.128s, 2000.23/s)  Peak Memory: 11075  LR: 1.000e-05  Data: 0.000 (0.007)
Test: [   0/39]  Time: 0.166 (0.166)  Loss:  1.1430 (1.1430)  Acc@1: 78.5156 (78.5156)  Acc@5: 91.4062 (91.4062)
Test: [  39/39]  Time: 0.018 (0.045)  Loss:  0.8844 (1.1752)  Acc@1: 87.5000 (75.0700)  Acc@5: 100.0000 (93.1000)
*** Best metric: 75.74 (epoch 201)
Train: 209 [   0/195 (  0%)]  Loss:  1.425004 (1.4250)  Time: 0.248s, 1031.73/s  (0.248s, 1031.73/s)  Peak Memory: 11075  LR: 1.000e-05  Data: 0.125 (0.125)
Train: 209 [ 194/195 (100%)]  Loss:  1.375444 (2.0070)  Time: 0.121s, 2112.18/s  (0.129s, 1989.72/s)  Peak Memory: 11075  LR: 1.000e-05  Data: 0.000 (0.007)
Test: [   0/39]  Time: 0.116 (0.116)  Loss:  1.1466 (1.1466)  Acc@1: 76.1719 (76.1719)  Acc@5: 91.0156 (91.0156)
Test: [  39/39]  Time: 0.012 (0.044)  Loss:  0.7151 (1.1207)  Acc@1: 81.2500 (75.6000)  Acc@5: 100.0000 (93.4200)
*** Best metric: 75.74 (epoch 201)
Train: 210 [   0/195 (  0%)]  Loss:  1.754977 (1.7550)  Time: 0.225s, 1137.11/s  (0.225s, 1137.11/s)  Peak Memory: 11075  LR: 1.000e-05  Data: 0.104 (0.104)
Train: 210 [ 194/195 (100%)]  Loss:  1.220307 (2.0322)  Time: 0.121s, 2113.15/s  (0.129s, 1989.82/s)  Peak Memory: 11075  LR: 1.000e-05  Data: 0.000 (0.007)
Test: [   0/39]  Time: 0.117 (0.117)  Loss:  1.1027 (1.1027)  Acc@1: 76.5625 (76.5625)  Acc@5: 91.4062 (91.4062)
Test: [  39/39]  Time: 0.018 (0.044)  Loss:  0.9928 (1.1422)  Acc@1: 68.7500 (74.9100)  Acc@5: 100.0000 (93.3700)
*** Best metric: 75.74 (epoch 201)
Train: 211 [   0/195 (  0%)]  Loss:  1.807655 (1.8077)  Time: 0.231s, 1109.15/s  (0.231s, 1109.15/s)  Peak Memory: 11075  LR: 1.000e-05  Data: 0.110 (0.110)
Train: 211 [ 194/195 (100%)]  Loss:  3.245004 (2.0726)  Time: 0.121s, 2116.41/s  (0.128s, 1994.67/s)  Peak Memory: 11075  LR: 1.000e-05  Data: 0.000 (0.007)
Test: [   0/39]  Time: 0.128 (0.128)  Loss:  1.1760 (1.1760)  Acc@1: 76.9531 (76.9531)  Acc@5: 90.6250 (90.6250)
Test: [  39/39]  Time: 0.017 (0.044)  Loss:  0.9611 (1.1985)  Acc@1: 81.2500 (74.8800)  Acc@5: 100.0000 (92.7600)
*** Best metric: 75.74 (epoch 201)
Train: 212 [   0/195 (  0%)]  Loss:  2.405044 (2.4050)  Time: 0.227s, 1127.18/s  (0.227s, 1127.18/s)  Peak Memory: 11075  LR: 1.000e-05  Data: 0.106 (0.106)
Train: 212 [ 194/195 (100%)]  Loss:  1.144083 (2.0907)  Time: 0.122s, 2101.16/s  (0.129s, 1985.91/s)  Peak Memory: 11075  LR: 1.000e-05  Data: 0.000 (0.007)
Test: [   0/39]  Time: 0.133 (0.133)  Loss:  1.1126 (1.1126)  Acc@1: 77.3438 (77.3438)  Acc@5: 91.4062 (91.4062)
Test: [  39/39]  Time: 0.012 (0.044)  Loss:  0.8925 (1.1189)  Acc@1: 75.0000 (75.9300)  Acc@5: 93.7500 (93.4400)
*** Best metric: 75.93 (epoch 212)
Train: 213 [   0/195 (  0%)]  Loss:  1.013593 (1.0136)  Time: 0.235s, 1091.54/s  (0.235s, 1091.54/s)  Peak Memory: 11075  LR: 1.000e-05  Data: 0.114 (0.114)
Train: 213 [ 194/195 (100%)]  Loss:  1.981824 (1.9543)  Time: 0.126s, 2032.85/s  (0.129s, 1985.47/s)  Peak Memory: 11075  LR: 1.000e-05  Data: 0.000 (0.007)
Test: [   0/39]  Time: 0.117 (0.117)  Loss:  1.1053 (1.1053)  Acc@1: 76.9531 (76.9531)  Acc@5: 90.6250 (90.6250)
Test: [  39/39]  Time: 0.012 (0.043)  Loss:  0.6589 (1.1084)  Acc@1: 87.5000 (75.6200)  Acc@5: 100.0000 (93.2900)
*** Best metric: 75.93 (epoch 212)
Train: 214 [   0/195 (  0%)]  Loss:  1.749626 (1.7496)  Time: 0.196s, 1305.51/s  (0.196s, 1305.51/s)  Peak Memory: 11075  LR: 1.000e-05  Data: 0.075 (0.075)
Train: 214 [ 194/195 (100%)]  Loss:  1.207420 (2.0032)  Time: 0.125s, 2053.05/s  (0.127s, 2011.35/s)  Peak Memory: 11075  LR: 1.000e-05  Data: 0.000 (0.005)
Test: [   0/39]  Time: 0.112 (0.112)  Loss:  1.1244 (1.1244)  Acc@1: 76.9531 (76.9531)  Acc@5: 90.6250 (90.6250)
Test: [  39/39]  Time: 0.013 (0.043)  Loss:  0.6826 (1.1456)  Acc@1: 81.2500 (75.5000)  Acc@5: 100.0000 (93.1700)
*** Best metric: 75.93 (epoch 212)
Train: 215 [   0/195 (  0%)]  Loss:  1.463450 (1.4635)  Time: 0.243s, 1051.83/s  (0.243s, 1051.83/s)  Peak Memory: 11075  LR: 1.000e-05  Data: 0.119 (0.119)
Train: 215 [ 194/195 (100%)]  Loss:  3.317808 (2.0149)  Time: 0.121s, 2120.21/s  (0.127s, 2013.20/s)  Peak Memory: 11075  LR: 1.000e-05  Data: 0.000 (0.006)
Test: [   0/39]  Time: 0.120 (0.120)  Loss:  1.1548 (1.1548)  Acc@1: 78.5156 (78.5156)  Acc@5: 92.1875 (92.1875)
Test: [  39/39]  Time: 0.017 (0.043)  Loss:  0.8717 (1.1885)  Acc@1: 87.5000 (75.6700)  Acc@5: 93.7500 (92.6400)
*** Best metric: 75.93 (epoch 212)
Train: 216 [   0/195 (  0%)]  Loss:  1.069852 (1.0699)  Time: 0.256s, 1000.28/s  (0.256s, 1000.28/s)  Peak Memory: 11075  LR: 1.000e-05  Data: 0.132 (0.132)
Train: 216 [ 194/195 (100%)]  Loss:  1.540635 (2.0900)  Time: 0.127s, 2015.49/s  (0.127s, 2018.51/s)  Peak Memory: 11075  LR: 1.000e-05  Data: 0.000 (0.005)
Test: [   0/39]  Time: 0.131 (0.131)  Loss:  1.1164 (1.1164)  Acc@1: 78.1250 (78.1250)  Acc@5: 91.7969 (91.7969)
Test: [  39/39]  Time: 0.012 (0.044)  Loss:  0.7645 (1.1289)  Acc@1: 87.5000 (75.7000)  Acc@5: 93.7500 (93.3800)
*** Best metric: 75.93 (epoch 212)
Train: 217 [   0/195 (  0%)]  Loss:  2.539963 (2.5400)  Time: 0.241s, 1060.05/s  (0.241s, 1060.05/s)  Peak Memory: 11075  LR: 1.000e-05  Data: 0.116 (0.116)
Train: 217 [ 194/195 (100%)]  Loss:  3.201479 (1.9684)  Time: 0.122s, 2106.93/s  (0.129s, 1992.18/s)  Peak Memory: 11075  LR: 1.000e-05  Data: 0.000 (0.007)
Test: [   0/39]  Time: 0.109 (0.109)  Loss:  1.1590 (1.1590)  Acc@1: 75.7812 (75.7812)  Acc@5: 91.7969 (91.7969)
Test: [  39/39]  Time: 0.020 (0.044)  Loss:  0.7994 (1.1435)  Acc@1: 87.5000 (75.5300)  Acc@5: 100.0000 (93.2300)
*** Best metric: 75.93 (epoch 212)
Train: 218 [   0/195 (  0%)]  Loss:  1.447157 (1.4472)  Time: 0.220s, 1165.91/s  (0.220s, 1165.91/s)  Peak Memory: 11075  LR: 1.000e-05  Data: 0.097 (0.097)
Train: 218 [ 194/195 (100%)]  Loss:  2.940673 (2.0181)  Time: 0.121s, 2114.72/s  (0.128s, 1998.23/s)  Peak Memory: 11075  LR: 1.000e-05  Data: 0.000 (0.007)
Test: [   0/39]  Time: 0.121 (0.121)  Loss:  1.1588 (1.1588)  Acc@1: 79.2969 (79.2969)  Acc@5: 89.0625 (89.0625)
Test: [  39/39]  Time: 0.018 (0.043)  Loss:  0.8309 (1.2087)  Acc@1: 87.5000 (75.1200)  Acc@5: 100.0000 (92.9500)
*** Best metric: 75.93 (epoch 212)
Train: 219 [   0/195 (  0%)]  Loss:  1.880445 (1.8804)  Time: 0.281s,  910.70/s  (0.281s,  910.70/s)  Peak Memory: 11075  LR: 1.000e-05  Data: 0.154 (0.154)
Train: 219 [ 194/195 (100%)]  Loss:  2.330228 (2.0100)  Time: 0.121s, 2121.37/s  (0.129s, 1988.87/s)  Peak Memory: 11075  LR: 1.000e-05  Data: 0.000 (0.006)
Test: [   0/39]  Time: 0.115 (0.115)  Loss:  1.1359 (1.1359)  Acc@1: 78.5156 (78.5156)  Acc@5: 89.8438 (89.8438)
Test: [  39/39]  Time: 0.012 (0.043)  Loss:  0.9514 (1.1512)  Acc@1: 81.2500 (75.4600)  Acc@5: 93.7500 (93.2200)
*** Best metric: 75.93 (epoch 212)
 | Best metric: 75.93 (epoch 212) | Total Training Time Cost: 0:09:56 |
