Train: 273 [   0/781 (  0%)]  Loss:  1.004352 (1.0044)  Time: 2.074s,   30.86/s  (2.074s,   30.86/s)  Peak Memory: 2546  LR: 1.236e-06  Data: 0.197 (0.197)
Train: 273 [ 780/781 (100%)]  Loss:  1.073050 (1.0597)  Time: 0.043s, 1500.75/s  (0.051s, 1259.57/s)  Peak Memory: 2546  LR: 1.236e-06  Data: 0.000 (0.004)
Test: [   0/156]  Time: 1.035 (1.035)  Loss:  0.8515 (0.8515)  Acc@1: 81.2500 (81.2500)  Acc@5: 93.7500 (93.7500)
Test: [ 156/156]  Time: 0.201 (0.021)  Loss:  0.6708 (0.9786)  Acc@1: 81.2500 (78.2700)  Acc@5: 100.0000 (93.6000)
*** Best metric: 78.27 (epoch 273)
Train: 274 [   0/781 (  0%)]  Loss:  1.029268 (1.0293)  Time: 0.119s,  539.81/s  (0.119s,  539.81/s)  Peak Memory: 2546  LR: 1.208e-06  Data: 0.058 (0.058)
Train: 274 [ 780/781 (100%)]  Loss:  1.021114 (1.0573)  Time: 0.043s, 1486.63/s  (0.048s, 1346.70/s)  Peak Memory: 2546  LR: 1.208e-06  Data: 0.000 (0.003)
Test: [   0/156]  Time: 0.045 (0.045)  Loss:  0.8245 (0.8245)  Acc@1: 79.6875 (79.6875)  Acc@5: 96.8750 (96.8750)
Test: [ 156/156]  Time: 0.010 (0.012)  Loss:  0.6846 (0.9754)  Acc@1: 87.5000 (78.0100)  Acc@5: 100.0000 (93.5400)
*** Best metric: 78.27 (epoch 273)
Train: 275 [   0/781 (  0%)]  Loss:  1.127299 (1.1273)  Time: 0.104s,  617.97/s  (0.104s,  617.97/s)  Peak Memory: 2546  LR: 1.180e-06  Data: 0.057 (0.057)
Train: 275 [ 780/781 (100%)]  Loss:  1.055326 (1.0618)  Time: 0.042s, 1515.69/s  (0.046s, 1404.26/s)  Peak Memory: 2546  LR: 1.180e-06  Data: 0.000 (0.003)
Test: [   0/156]  Time: 0.057 (0.057)  Loss:  0.8078 (0.8078)  Acc@1: 78.1250 (78.1250)  Acc@5: 96.8750 (96.8750)
Test: [ 156/156]  Time: 0.007 (0.013)  Loss:  0.7226 (0.9676)  Acc@1: 81.2500 (78.2200)  Acc@5: 100.0000 (93.6400)
*** Best metric: 78.27 (epoch 273)
Train: 276 [   0/781 (  0%)]  Loss:  0.945378 (0.9454)  Time: 0.089s,  721.02/s  (0.089s,  721.02/s)  Peak Memory: 2546  LR: 1.152e-06  Data: 0.045 (0.045)
Train: 276 [ 780/781 (100%)]  Loss:  1.023091 (1.0571)  Time: 0.042s, 1523.89/s  (0.048s, 1346.33/s)  Peak Memory: 2546  LR: 1.152e-06  Data: 0.000 (0.003)
Test: [   0/156]  Time: 0.040 (0.040)  Loss:  0.8677 (0.8677)  Acc@1: 79.6875 (79.6875)  Acc@5: 93.7500 (93.7500)
Test: [ 156/156]  Time: 0.010 (0.011)  Loss:  0.6132 (0.9732)  Acc@1: 87.5000 (78.1600)  Acc@5: 100.0000 (93.5500)
*** Best metric: 78.27 (epoch 273)
Train: 277 [   0/781 (  0%)]  Loss:  0.946662 (0.9467)  Time: 0.096s,  669.47/s  (0.096s,  669.47/s)  Peak Memory: 2546  LR: 1.125e-06  Data: 0.048 (0.048)
Train: 277 [ 780/781 (100%)]  Loss:  1.299062 (1.0563)  Time: 0.042s, 1518.71/s  (0.048s, 1339.29/s)  Peak Memory: 2546  LR: 1.125e-06  Data: 0.000 (0.003)
Test: [   0/156]  Time: 0.041 (0.041)  Loss:  0.8762 (0.8762)  Acc@1: 81.2500 (81.2500)  Acc@5: 95.3125 (95.3125)
Test: [ 156/156]  Time: 0.007 (0.011)  Loss:  0.7866 (0.9667)  Acc@1: 87.5000 (78.3600)  Acc@5: 93.7500 (93.6400)
*** Best metric: 78.36 (epoch 277)
Train: 278 [   0/781 (  0%)]  Loss:  1.134169 (1.1342)  Time: 0.104s,  614.43/s  (0.104s,  614.43/s)  Peak Memory: 2546  LR: 1.098e-06  Data: 0.061 (0.061)
Train: 278 [ 780/781 (100%)]  Loss:  1.212923 (1.0581)  Time: 0.048s, 1321.76/s  (0.047s, 1352.51/s)  Peak Memory: 2546  LR: 1.098e-06  Data: 0.000 (0.003)
Test: [   0/156]  Time: 0.065 (0.065)  Loss:  0.8063 (0.8063)  Acc@1: 81.2500 (81.2500)  Acc@5: 96.8750 (96.8750)
Test: [ 156/156]  Time: 0.010 (0.013)  Loss:  0.7436 (0.9682)  Acc@1: 81.2500 (77.7000)  Acc@5: 100.0000 (93.6300)
*** Best metric: 78.36 (epoch 277)
Train: 279 [   0/781 (  0%)]  Loss:  1.028855 (1.0289)  Time: 0.101s,  630.79/s  (0.101s,  630.79/s)  Peak Memory: 2546  LR: 1.072e-06  Data: 0.054 (0.054)
Train: 279 [ 780/781 (100%)]  Loss:  1.081744 (1.0540)  Time: 0.043s, 1475.73/s  (0.046s, 1391.17/s)  Peak Memory: 2546  LR: 1.072e-06  Data: 0.000 (0.003)
Test: [   0/156]  Time: 0.049 (0.049)  Loss:  0.8669 (0.8669)  Acc@1: 82.8125 (82.8125)  Acc@5: 93.7500 (93.7500)
Test: [ 156/156]  Time: 0.010 (0.011)  Loss:  0.6993 (0.9643)  Acc@1: 81.2500 (78.0400)  Acc@5: 93.7500 (93.5900)
*** Best metric: 78.36 (epoch 277)
Train: 280 [   0/781 (  0%)]  Loss:  1.008706 (1.0087)  Time: 0.087s,  738.42/s  (0.087s,  738.42/s)  Peak Memory: 2546  LR: 1.045e-06  Data: 0.041 (0.041)
Train: 280 [ 780/781 (100%)]  Loss:  1.132987 (1.0560)  Time: 0.042s, 1524.21/s  (0.047s, 1367.67/s)  Peak Memory: 2546  LR: 1.045e-06  Data: 0.000 (0.003)
Test: [   0/156]  Time: 0.040 (0.040)  Loss:  0.8381 (0.8381)  Acc@1: 79.6875 (79.6875)  Acc@5: 93.7500 (93.7500)
Test: [ 156/156]  Time: 0.010 (0.011)  Loss:  0.7353 (0.9594)  Acc@1: 87.5000 (78.1800)  Acc@5: 93.7500 (93.7200)
*** Best metric: 78.36 (epoch 277)
Train: 281 [   0/781 (  0%)]  Loss:  1.101775 (1.1018)  Time: 0.091s,  699.91/s  (0.091s,  699.91/s)  Peak Memory: 2546  LR: 1.019e-06  Data: 0.043 (0.043)
Train: 281 [ 780/781 (100%)]  Loss:  1.091215 (1.0549)  Time: 0.042s, 1526.64/s  (0.048s, 1335.24/s)  Peak Memory: 2546  LR: 1.019e-06  Data: 0.000 (0.003)
Test: [   0/156]  Time: 0.056 (0.056)  Loss:  0.8263 (0.8263)  Acc@1: 79.6875 (79.6875)  Acc@5: 96.8750 (96.8750)
Test: [ 156/156]  Time: 0.010 (0.014)  Loss:  0.6555 (0.9549)  Acc@1: 87.5000 (78.7000)  Acc@5: 100.0000 (93.6100)
*** Best metric: 78.7 (epoch 281)
Train: 282 [   0/781 (  0%)]  Loss:  1.024303 (1.0243)  Time: 0.100s,  641.53/s  (0.100s,  641.53/s)  Peak Memory: 2546  LR: 9.938e-07  Data: 0.054 (0.054)
Train: 282 [ 780/781 (100%)]  Loss:  1.053090 (1.0569)  Time: 0.042s, 1510.50/s  (0.046s, 1380.22/s)  Peak Memory: 2546  LR: 9.938e-07  Data: 0.000 (0.003)
Test: [   0/156]  Time: 0.045 (0.045)  Loss:  0.9015 (0.9015)  Acc@1: 79.6875 (79.6875)  Acc@5: 92.1875 (92.1875)
Test: [ 156/156]  Time: 0.010 (0.011)  Loss:  0.6614 (0.9680)  Acc@1: 93.7500 (77.9000)  Acc@5: 93.7500 (93.4600)
*** Best metric: 78.7 (epoch 281)
Train: 283 [   0/781 (  0%)]  Loss:  1.036314 (1.0363)  Time: 0.079s,  807.86/s  (0.079s,  807.86/s)  Peak Memory: 2546  LR: 9.685e-07  Data: 0.035 (0.035)
Train: 283 [ 780/781 (100%)]  Loss:  1.035336 (1.0589)  Time: 0.043s, 1491.13/s  (0.047s, 1349.58/s)  Peak Memory: 2546  LR: 9.685e-07  Data: 0.000 (0.003)
Test: [   0/156]  Time: 0.044 (0.044)  Loss:  0.8632 (0.8632)  Acc@1: 79.6875 (79.6875)  Acc@5: 93.7500 (93.7500)
Test: [ 156/156]  Time: 0.007 (0.011)  Loss:  0.8161 (0.9622)  Acc@1: 81.2500 (78.1300)  Acc@5: 93.7500 (93.4600)
*** Best metric: 78.7 (epoch 281)
Train: 284 [   0/781 (  0%)]  Loss:  1.047042 (1.0470)  Time: 0.106s,  602.68/s  (0.106s,  602.68/s)  Peak Memory: 2546  LR: 9.435e-07  Data: 0.063 (0.063)
Train: 284 [ 780/781 (100%)]  Loss:  1.048553 (1.0561)  Time: 0.043s, 1500.46/s  (0.047s, 1371.10/s)  Peak Memory: 2546  LR: 9.435e-07  Data: 0.000 (0.003)
Test: [   0/156]  Time: 0.043 (0.043)  Loss:  0.8418 (0.8418)  Acc@1: 82.8125 (82.8125)  Acc@5: 95.3125 (95.3125)
Test: [ 156/156]  Time: 0.010 (0.011)  Loss:  0.7281 (0.9596)  Acc@1: 81.2500 (78.3600)  Acc@5: 93.7500 (93.5200)
*** Best metric: 78.7 (epoch 281)
Train: 285 [   0/781 (  0%)]  Loss:  1.052353 (1.0524)  Time: 0.092s,  696.41/s  (0.092s,  696.41/s)  Peak Memory: 2546  LR: 9.189e-07  Data: 0.043 (0.043)
Train: 285 [ 780/781 (100%)]  Loss:  1.034559 (1.0530)  Time: 0.042s, 1512.21/s  (0.048s, 1331.12/s)  Peak Memory: 2546  LR: 9.189e-07  Data: 0.000 (0.003)
Test: [   0/156]  Time: 0.053 (0.053)  Loss:  0.7736 (0.7736)  Acc@1: 81.2500 (81.2500)  Acc@5: 95.3125 (95.3125)
Test: [ 156/156]  Time: 0.010 (0.012)  Loss:  0.7279 (0.9556)  Acc@1: 75.0000 (78.2100)  Acc@5: 100.0000 (93.6800)
*** Best metric: 78.7 (epoch 281)
Train: 286 [   0/781 (  0%)]  Loss:  0.951548 (0.9515)  Time: 0.094s,  683.19/s  (0.094s,  683.19/s)  Peak Memory: 2546  LR: 8.946e-07  Data: 0.047 (0.047)
Train: 286 [ 780/781 (100%)]  Loss:  0.961395 (1.0562)  Time: 0.044s, 1470.67/s  (0.047s, 1354.89/s)  Peak Memory: 2546  LR: 8.946e-07  Data: 0.000 (0.003)
Test: [   0/156]  Time: 0.047 (0.047)  Loss:  0.8226 (0.8226)  Acc@1: 79.6875 (79.6875)  Acc@5: 93.7500 (93.7500)
Test: [ 156/156]  Time: 0.010 (0.011)  Loss:  0.6922 (0.9633)  Acc@1: 87.5000 (77.9500)  Acc@5: 100.0000 (93.6100)
*** Best metric: 78.7 (epoch 281)
Train: 287 [   0/781 (  0%)]  Loss:  1.120244 (1.1202)  Time: 0.096s,  664.80/s  (0.096s,  664.80/s)  Peak Memory: 2546  LR: 8.706e-07  Data: 0.047 (0.047)
Train: 287 [ 780/781 (100%)]  Loss:  1.087088 (1.0538)  Time: 0.042s, 1527.48/s  (0.047s, 1353.53/s)  Peak Memory: 2546  LR: 8.706e-07  Data: 0.000 (0.003)
Test: [   0/156]  Time: 0.059 (0.059)  Loss:  0.8594 (0.8594)  Acc@1: 79.6875 (79.6875)  Acc@5: 93.7500 (93.7500)
Test: [ 156/156]  Time: 0.010 (0.011)  Loss:  0.7510 (0.9703)  Acc@1: 81.2500 (78.0000)  Acc@5: 93.7500 (93.5600)
*** Best metric: 78.7 (epoch 281)
Train: 288 [   0/781 (  0%)]  Loss:  1.028323 (1.0283)  Time: 0.096s,  667.02/s  (0.096s,  667.02/s)  Peak Memory: 2546  LR: 8.469e-07  Data: 0.053 (0.053)
Train: 288 [ 780/781 (100%)]  Loss:  0.969179 (1.0543)  Time: 0.043s, 1495.23/s  (0.047s, 1357.64/s)  Peak Memory: 2546  LR: 8.469e-07  Data: 0.000 (0.003)
Test: [   0/156]  Time: 0.040 (0.040)  Loss:  0.8061 (0.8061)  Acc@1: 82.8125 (82.8125)  Acc@5: 93.7500 (93.7500)
Test: [ 156/156]  Time: 0.013 (0.013)  Loss:  0.7064 (0.9740)  Acc@1: 87.5000 (78.1700)  Acc@5: 93.7500 (93.4700)
*** Best metric: 78.7 (epoch 281)
Train: 289 [   0/781 (  0%)]  Loss:  0.956888 (0.9569)  Time: 0.112s,  571.34/s  (0.112s,  571.34/s)  Peak Memory: 2546  LR: 8.236e-07  Data: 0.059 (0.059)
Train: 289 [ 780/781 (100%)]  Loss:  1.042078 (1.0545)  Time: 0.043s, 1479.30/s  (0.048s, 1342.74/s)  Peak Memory: 2546  LR: 8.236e-07  Data: 0.000 (0.003)
Test: [   0/156]  Time: 0.044 (0.044)  Loss:  0.8168 (0.8168)  Acc@1: 78.1250 (78.1250)  Acc@5: 93.7500 (93.7500)
Test: [ 156/156]  Time: 0.021 (0.014)  Loss:  0.6492 (0.9749)  Acc@1: 87.5000 (77.6600)  Acc@5: 100.0000 (93.6200)
*** Best metric: 78.7 (epoch 281)
Train: 290 [   0/781 (  0%)]  Loss:  1.116021 (1.1160)  Time: 0.111s,  576.19/s  (0.111s,  576.19/s)  Peak Memory: 2546  LR: 8.007e-07  Data: 0.064 (0.064)
Train: 290 [ 780/781 (100%)]  Loss:  1.139284 (1.0489)  Time: 0.042s, 1529.75/s  (0.047s, 1373.21/s)  Peak Memory: 2546  LR: 8.007e-07  Data: 0.000 (0.003)
Test: [   0/156]  Time: 0.059 (0.059)  Loss:  0.8903 (0.8903)  Acc@1: 78.1250 (78.1250)  Acc@5: 95.3125 (95.3125)
Test: [ 156/156]  Time: 0.020 (0.014)  Loss:  0.6558 (0.9633)  Acc@1: 87.5000 (78.0600)  Acc@5: 100.0000 (93.5600)
*** Best metric: 78.7 (epoch 281)
Train: 291 [   0/781 (  0%)]  Loss:  1.172471 (1.1725)  Time: 0.101s,  630.54/s  (0.101s,  630.54/s)  Peak Memory: 2546  LR: 7.781e-07  Data: 0.056 (0.056)
Train: 291 [ 780/781 (100%)]  Loss:  1.094910 (1.0524)  Time: 0.043s, 1493.12/s  (0.048s, 1345.56/s)  Peak Memory: 2546  LR: 7.781e-07  Data: 0.000 (0.004)
Test: [   0/156]  Time: 0.040 (0.040)  Loss:  0.8149 (0.8149)  Acc@1: 79.6875 (79.6875)  Acc@5: 98.4375 (98.4375)
Test: [ 156/156]  Time: 0.010 (0.011)  Loss:  0.7448 (0.9603)  Acc@1: 81.2500 (78.0200)  Acc@5: 100.0000 (93.8300)
*** Best metric: 78.7 (epoch 281)
Train: 292 [   0/781 (  0%)]  Loss:  1.063305 (1.0633)  Time: 0.111s,  578.26/s  (0.111s,  578.26/s)  Peak Memory: 2546  LR: 7.558e-07  Data: 0.059 (0.059)
Train: 292 [ 780/781 (100%)]  Loss:  1.065363 (1.0538)  Time: 0.042s, 1514.05/s  (0.046s, 1376.76/s)  Peak Memory: 2546  LR: 7.558e-07  Data: 0.000 (0.003)
Test: [   0/156]  Time: 0.039 (0.039)  Loss:  0.8038 (0.8038)  Acc@1: 81.2500 (81.2500)  Acc@5: 96.8750 (96.8750)
Test: [ 156/156]  Time: 0.010 (0.011)  Loss:  0.6798 (0.9630)  Acc@1: 81.2500 (78.2600)  Acc@5: 100.0000 (93.4700)
*** Best metric: 78.7 (epoch 281)
Train: 293 [   0/781 (  0%)]  Loss:  0.924923 (0.9249)  Time: 0.087s,  738.58/s  (0.087s,  738.58/s)  Peak Memory: 2546  LR: 7.339e-07  Data: 0.045 (0.045)
Train: 293 [ 780/781 (100%)]  Loss:  1.110558 (1.0540)  Time: 0.043s, 1482.14/s  (0.048s, 1331.00/s)  Peak Memory: 2546  LR: 7.339e-07  Data: 0.000 (0.003)
Test: [   0/156]  Time: 0.047 (0.047)  Loss:  0.8584 (0.8584)  Acc@1: 79.6875 (79.6875)  Acc@5: 95.3125 (95.3125)
Test: [ 156/156]  Time: 0.014 (0.012)  Loss:  0.6175 (0.9671)  Acc@1: 87.5000 (78.3200)  Acc@5: 100.0000 (93.5500)
*** Best metric: 78.7 (epoch 281)
Train: 294 [   0/781 (  0%)]  Loss:  1.037283 (1.0373)  Time: 0.123s,  520.57/s  (0.123s,  520.57/s)  Peak Memory: 2546  LR: 7.123e-07  Data: 0.073 (0.073)
Train: 294 [ 780/781 (100%)]  Loss:  1.027923 (1.0512)  Time: 0.043s, 1485.06/s  (0.048s, 1347.19/s)  Peak Memory: 2546  LR: 7.123e-07  Data: 0.000 (0.003)
Test: [   0/156]  Time: 0.045 (0.045)  Loss:  0.8460 (0.8460)  Acc@1: 79.6875 (79.6875)  Acc@5: 96.8750 (96.8750)
Test: [ 156/156]  Time: 0.010 (0.011)  Loss:  0.6638 (0.9715)  Acc@1: 87.5000 (78.2700)  Acc@5: 100.0000 (93.4500)
*** Best metric: 78.7 (epoch 281)
Train: 295 [   0/781 (  0%)]  Loss:  1.073427 (1.0734)  Time: 0.092s,  698.99/s  (0.092s,  698.99/s)  Peak Memory: 2546  LR: 6.911e-07  Data: 0.046 (0.046)
Train: 295 [ 780/781 (100%)]  Loss:  1.073590 (1.0480)  Time: 0.044s, 1455.49/s  (0.047s, 1362.85/s)  Peak Memory: 2546  LR: 6.911e-07  Data: 0.000 (0.003)
Test: [   0/156]  Time: 0.039 (0.039)  Loss:  0.8813 (0.8813)  Acc@1: 79.6875 (79.6875)  Acc@5: 95.3125 (95.3125)
Test: [ 156/156]  Time: 0.007 (0.011)  Loss:  0.6343 (0.9670)  Acc@1: 87.5000 (78.1700)  Acc@5: 93.7500 (93.4200)
*** Best metric: 78.7 (epoch 281)
Train: 296 [   0/781 (  0%)]  Loss:  1.138401 (1.1384)  Time: 0.122s,  526.64/s  (0.122s,  526.64/s)  Peak Memory: 2546  LR: 6.702e-07  Data: 0.059 (0.059)
Train: 296 [ 780/781 (100%)]  Loss:  0.979903 (1.0559)  Time: 0.043s, 1503.27/s  (0.047s, 1362.75/s)  Peak Memory: 2546  LR: 6.702e-07  Data: 0.000 (0.003)
Test: [   0/156]  Time: 0.046 (0.046)  Loss:  0.8061 (0.8061)  Acc@1: 81.2500 (81.2500)  Acc@5: 96.8750 (96.8750)
Test: [ 156/156]  Time: 0.010 (0.011)  Loss:  0.7068 (0.9630)  Acc@1: 75.0000 (78.4300)  Acc@5: 100.0000 (93.6000)
*** Best metric: 78.7 (epoch 281)
Train: 297 [   0/781 (  0%)]  Loss:  1.021713 (1.0217)  Time: 0.101s,  636.57/s  (0.101s,  636.57/s)  Peak Memory: 2546  LR: 6.496e-07  Data: 0.050 (0.050)
Train: 297 [ 780/781 (100%)]  Loss:  1.033032 (1.0589)  Time: 0.046s, 1391.59/s  (0.046s, 1377.45/s)  Peak Memory: 2546  LR: 6.496e-07  Data: 0.000 (0.003)
Test: [   0/156]  Time: 0.042 (0.042)  Loss:  0.8007 (0.8007)  Acc@1: 78.1250 (78.1250)  Acc@5: 96.8750 (96.8750)
Test: [ 156/156]  Time: 0.007 (0.011)  Loss:  0.6746 (0.9702)  Acc@1: 87.5000 (78.0600)  Acc@5: 93.7500 (93.6700)
*** Best metric: 78.7 (epoch 281)
Train: 298 [   0/781 (  0%)]  Loss:  1.097639 (1.0976)  Time: 0.106s,  601.54/s  (0.106s,  601.54/s)  Peak Memory: 2546  LR: 6.295e-07  Data: 0.056 (0.056)
Train: 298 [ 780/781 (100%)]  Loss:  1.123257 (1.0529)  Time: 0.043s, 1501.88/s  (0.047s, 1351.66/s)  Peak Memory: 2546  LR: 6.295e-07  Data: 0.000 (0.003)
Test: [   0/156]  Time: 0.056 (0.056)  Loss:  0.8307 (0.8307)  Acc@1: 78.1250 (78.1250)  Acc@5: 95.3125 (95.3125)
Test: [ 156/156]  Time: 0.010 (0.012)  Loss:  0.7552 (0.9720)  Acc@1: 81.2500 (78.1300)  Acc@5: 93.7500 (93.3600)
*** Best metric: 78.7 (epoch 281)
Train: 299 [   0/781 (  0%)]  Loss:  1.217844 (1.2178)  Time: 0.088s,  726.29/s  (0.088s,  726.29/s)  Peak Memory: 2546  LR: 6.097e-07  Data: 0.048 (0.048)
Train: 299 [ 780/781 (100%)]  Loss:  1.051790 (1.0492)  Time: 0.039s, 1634.97/s  (0.047s, 1353.75/s)  Peak Memory: 2546  LR: 6.097e-07  Data: 0.000 (0.003)
Test: [   0/156]  Time: 0.039 (0.039)  Loss:  0.8046 (0.8046)  Acc@1: 78.1250 (78.1250)  Acc@5: 96.8750 (96.8750)
Test: [ 156/156]  Time: 0.007 (0.011)  Loss:  0.5459 (0.9634)  Acc@1: 87.5000 (78.4300)  Acc@5: 100.0000 (93.7200)
*** Best metric: 78.7 (epoch 281)
Train: 300 [   0/781 (  0%)]  Loss:  1.136282 (1.1363)  Time: 0.094s,  680.29/s  (0.094s,  680.29/s)  Peak Memory: 2546  LR: 5.902e-07  Data: 0.046 (0.046)
Train: 300 [ 780/781 (100%)]  Loss:  1.052508 (1.0538)  Time: 0.042s, 1528.55/s  (0.048s, 1345.19/s)  Peak Memory: 2546  LR: 5.902e-07  Data: 0.000 (0.003)
Test: [   0/156]  Time: 0.050 (0.050)  Loss:  0.8389 (0.8389)  Acc@1: 81.2500 (81.2500)  Acc@5: 93.7500 (93.7500)
Test: [ 156/156]  Time: 0.010 (0.011)  Loss:  0.7611 (0.9726)  Acc@1: 87.5000 (78.1300)  Acc@5: 93.7500 (93.8600)
*** Best metric: 78.7 (epoch 281)
Train: 301 [   0/781 (  0%)]  Loss:  0.937654 (0.9377)  Time: 0.108s,  594.82/s  (0.108s,  594.82/s)  Peak Memory: 2546  LR: 5.711e-07  Data: 0.054 (0.054)
Train: 301 [ 780/781 (100%)]  Loss:  1.007777 (1.0499)  Time: 0.042s, 1510.47/s  (0.047s, 1362.43/s)  Peak Memory: 2546  LR: 5.711e-07  Data: 0.000 (0.003)
Test: [   0/156]  Time: 0.041 (0.041)  Loss:  0.8833 (0.8833)  Acc@1: 79.6875 (79.6875)  Acc@5: 92.1875 (92.1875)
Test: [ 156/156]  Time: 0.010 (0.011)  Loss:  0.8084 (0.9678)  Acc@1: 81.2500 (78.2300)  Acc@5: 93.7500 (93.6100)
*** Best metric: 78.7 (epoch 281)
Train: 302 [   0/781 (  0%)]  Loss:  1.107259 (1.1073)  Time: 0.104s,  614.27/s  (0.104s,  614.27/s)  Peak Memory: 2546  LR: 5.524e-07  Data: 0.058 (0.058)
Train: 302 [ 780/781 (100%)]  Loss:  0.976044 (1.0503)  Time: 0.042s, 1515.27/s  (0.046s, 1383.55/s)  Peak Memory: 2546  LR: 5.524e-07  Data: 0.000 (0.003)
Test: [   0/156]  Time: 0.040 (0.040)  Loss:  0.8539 (0.8539)  Acc@1: 78.1250 (78.1250)  Acc@5: 96.8750 (96.8750)
Test: [ 156/156]  Time: 0.007 (0.011)  Loss:  0.7583 (0.9612)  Acc@1: 81.2500 (78.1600)  Acc@5: 100.0000 (93.6900)
*** Best metric: 78.7 (epoch 281)
Train: 303 [   0/781 (  0%)]  Loss:  1.042828 (1.0428)  Time: 0.096s,  666.43/s  (0.096s,  666.43/s)  Peak Memory: 2546  LR: 5.340e-07  Data: 0.046 (0.046)
Train: 303 [ 780/781 (100%)]  Loss:  1.015176 (1.0581)  Time: 0.043s, 1492.82/s  (0.049s, 1299.38/s)  Peak Memory: 2546  LR: 5.340e-07  Data: 0.000 (0.003)
Test: [   0/156]  Time: 0.041 (0.041)  Loss:  0.7793 (0.7793)  Acc@1: 79.6875 (79.6875)  Acc@5: 95.3125 (95.3125)
Test: [ 156/156]  Time: 0.010 (0.011)  Loss:  0.6592 (0.9603)  Acc@1: 81.2500 (78.1500)  Acc@5: 100.0000 (93.4600)
*** Best metric: 78.7 (epoch 281)
Train: 304 [   0/781 (  0%)]  Loss:  1.082825 (1.0828)  Time: 0.101s,  635.63/s  (0.101s,  635.63/s)  Peak Memory: 2546  LR: 5.160e-07  Data: 0.052 (0.052)
Train: 304 [ 780/781 (100%)]  Loss:  1.070530 (1.0517)  Time: 0.051s, 1260.22/s  (0.046s, 1385.57/s)  Peak Memory: 2546  LR: 5.160e-07  Data: 0.000 (0.003)
Test: [   0/156]  Time: 0.065 (0.065)  Loss:  0.8622 (0.8622)  Acc@1: 78.1250 (78.1250)  Acc@5: 96.8750 (96.8750)
Test: [ 156/156]  Time: 0.010 (0.012)  Loss:  0.7145 (0.9530)  Acc@1: 81.2500 (78.1200)  Acc@5: 100.0000 (93.9400)
*** Best metric: 78.7 (epoch 281)
Train: 305 [   0/781 (  0%)]  Loss:  1.034194 (1.0342)  Time: 0.093s,  686.64/s  (0.093s,  686.64/s)  Peak Memory: 2546  LR: 4.983e-07  Data: 0.049 (0.049)
Train: 305 [ 780/781 (100%)]  Loss:  1.093738 (1.0516)  Time: 0.045s, 1423.14/s  (0.048s, 1344.37/s)  Peak Memory: 2546  LR: 4.983e-07  Data: 0.000 (0.003)
Test: [   0/156]  Time: 0.038 (0.038)  Loss:  0.9729 (0.9729)  Acc@1: 78.1250 (78.1250)  Acc@5: 92.1875 (92.1875)
Test: [ 156/156]  Time: 0.010 (0.011)  Loss:  0.6517 (0.9616)  Acc@1: 87.5000 (78.1100)  Acc@5: 93.7500 (93.5900)
*** Best metric: 78.7 (epoch 281)
Train: 306 [   0/781 (  0%)]  Loss:  1.180213 (1.1802)  Time: 0.091s,  701.19/s  (0.091s,  701.19/s)  Peak Memory: 2546  LR: 4.811e-07  Data: 0.048 (0.048)
Train: 306 [ 780/781 (100%)]  Loss:  1.014223 (1.0544)  Time: 0.043s, 1492.03/s  (0.045s, 1410.92/s)  Peak Memory: 2546  LR: 4.811e-07  Data: 0.000 (0.003)
Test: [   0/156]  Time: 0.043 (0.043)  Loss:  0.8561 (0.8561)  Acc@1: 79.6875 (79.6875)  Acc@5: 95.3125 (95.3125)
Test: [ 156/156]  Time: 0.007 (0.011)  Loss:  0.8447 (0.9601)  Acc@1: 75.0000 (78.8100)  Acc@5: 100.0000 (93.6500)
*** Best metric: 78.81 (epoch 306)
Train: 307 [   0/781 (  0%)]  Loss:  1.033819 (1.0338)  Time: 0.083s,  769.86/s  (0.083s,  769.86/s)  Peak Memory: 2546  LR: 4.641e-07  Data: 0.040 (0.040)
Train: 307 [ 780/781 (100%)]  Loss:  1.037047 (1.0467)  Time: 0.042s, 1527.02/s  (0.046s, 1394.57/s)  Peak Memory: 2546  LR: 4.641e-07  Data: 0.000 (0.003)
Test: [   0/156]  Time: 0.038 (0.038)  Loss:  0.8472 (0.8472)  Acc@1: 78.1250 (78.1250)  Acc@5: 92.1875 (92.1875)
Test: [ 156/156]  Time: 0.010 (0.011)  Loss:  0.6629 (0.9677)  Acc@1: 93.7500 (78.3400)  Acc@5: 93.7500 (93.5400)
*** Best metric: 78.81 (epoch 306)
Train: 308 [   0/781 (  0%)]  Loss:  0.973579 (0.9736)  Time: 0.082s,  779.50/s  (0.082s,  779.50/s)  Peak Memory: 2546  LR: 4.476e-07  Data: 0.039 (0.039)
Train: 308 [ 780/781 (100%)]  Loss:  0.951883 (1.0509)  Time: 0.052s, 1227.33/s  (0.046s, 1385.37/s)  Peak Memory: 2546  LR: 4.476e-07  Data: 0.000 (0.003)
Test: [   0/156]  Time: 0.048 (0.048)  Loss:  0.8345 (0.8345)  Acc@1: 81.2500 (81.2500)  Acc@5: 93.7500 (93.7500)
Test: [ 156/156]  Time: 0.010 (0.011)  Loss:  0.7367 (0.9660)  Acc@1: 87.5000 (78.1100)  Acc@5: 100.0000 (93.6200)
*** Best metric: 78.81 (epoch 306)
Train: 309 [   0/781 (  0%)]  Loss:  1.052725 (1.0527)  Time: 0.103s,  621.29/s  (0.103s,  621.29/s)  Peak Memory: 2546  LR: 4.314e-07  Data: 0.045 (0.045)
Train: 309 [ 780/781 (100%)]  Loss:  1.019037 (1.0482)  Time: 0.043s, 1494.36/s  (0.047s, 1371.36/s)  Peak Memory: 2546  LR: 4.314e-07  Data: 0.000 (0.003)
Test: [   0/156]  Time: 0.040 (0.040)  Loss:  0.8723 (0.8723)  Acc@1: 79.6875 (79.6875)  Acc@5: 95.3125 (95.3125)
Test: [ 156/156]  Time: 0.010 (0.011)  Loss:  0.6472 (0.9631)  Acc@1: 81.2500 (78.0600)  Acc@5: 100.0000 (93.5300)
*** Best metric: 78.81 (epoch 306)
Train: 310 [   0/781 (  0%)]  Loss:  1.029618 (1.0296)  Time: 0.103s,  619.22/s  (0.103s,  619.22/s)  Peak Memory: 2546  LR: 4.156e-07  Data: 0.052 (0.052)
Train: 310 [ 780/781 (100%)]  Loss:  1.011010 (1.0543)  Time: 0.051s, 1263.59/s  (0.048s, 1331.75/s)  Peak Memory: 2546  LR: 4.156e-07  Data: 0.000 (0.004)
Test: [   0/156]  Time: 0.042 (0.042)  Loss:  0.8481 (0.8481)  Acc@1: 79.6875 (79.6875)  Acc@5: 95.3125 (95.3125)
Test: [ 156/156]  Time: 0.007 (0.011)  Loss:  0.7604 (0.9716)  Acc@1: 87.5000 (78.1700)  Acc@5: 93.7500 (93.5700)
*** Best metric: 78.81 (epoch 306)
Train: 311 [   0/781 (  0%)]  Loss:  1.081045 (1.0810)  Time: 0.099s,  648.75/s  (0.099s,  648.75/s)  Peak Memory: 2546  LR: 4.002e-07  Data: 0.046 (0.046)
Train: 311 [ 780/781 (100%)]  Loss:  1.127162 (1.0514)  Time: 0.043s, 1471.87/s  (0.047s, 1359.99/s)  Peak Memory: 2546  LR: 4.002e-07  Data: 0.000 (0.003)
Test: [   0/156]  Time: 0.039 (0.039)  Loss:  0.7879 (0.7879)  Acc@1: 82.8125 (82.8125)  Acc@5: 95.3125 (95.3125)
Test: [ 156/156]  Time: 0.007 (0.011)  Loss:  0.6696 (0.9712)  Acc@1: 81.2500 (78.3600)  Acc@5: 100.0000 (93.5300)
*** Best metric: 78.81 (epoch 306)
Train: 312 [   0/781 (  0%)]  Loss:  1.094508 (1.0945)  Time: 0.089s,  719.68/s  (0.089s,  719.68/s)  Peak Memory: 2546  LR: 3.852e-07  Data: 0.043 (0.043)
Train: 312 [ 780/781 (100%)]  Loss:  1.048911 (1.0520)  Time: 0.043s, 1472.01/s  (0.047s, 1360.71/s)  Peak Memory: 2546  LR: 3.852e-07  Data: 0.000 (0.003)
Test: [   0/156]  Time: 0.050 (0.050)  Loss:  0.8262 (0.8262)  Acc@1: 79.6875 (79.6875)  Acc@5: 95.3125 (95.3125)
Test: [ 156/156]  Time: 0.007 (0.011)  Loss:  0.7286 (0.9523)  Acc@1: 81.2500 (78.1700)  Acc@5: 100.0000 (93.8400)
*** Best metric: 78.81 (epoch 306)
Train: 313 [   0/781 (  0%)]  Loss:  0.979971 (0.9800)  Time: 0.092s,  692.70/s  (0.092s,  692.70/s)  Peak Memory: 2546  LR: 3.705e-07  Data: 0.048 (0.048)
Train: 313 [ 780/781 (100%)]  Loss:  0.969327 (1.0486)  Time: 0.042s, 1520.87/s  (0.047s, 1373.57/s)  Peak Memory: 2546  LR: 3.705e-07  Data: 0.000 (0.003)
Test: [   0/156]  Time: 0.044 (0.044)  Loss:  0.8604 (0.8604)  Acc@1: 75.0000 (75.0000)  Acc@5: 95.3125 (95.3125)
Test: [ 156/156]  Time: 0.010 (0.012)  Loss:  0.7498 (0.9640)  Acc@1: 81.2500 (78.2200)  Acc@5: 93.7500 (93.6300)
*** Best metric: 78.81 (epoch 306)
Train: 314 [   0/781 (  0%)]  Loss:  0.985231 (0.9852)  Time: 0.092s,  698.74/s  (0.092s,  698.74/s)  Peak Memory: 2546  LR: 3.562e-07  Data: 0.048 (0.048)
Train: 314 [ 780/781 (100%)]  Loss:  1.057711 (1.0505)  Time: 0.042s, 1524.27/s  (0.048s, 1340.35/s)  Peak Memory: 2546  LR: 3.562e-07  Data: 0.000 (0.004)
Test: [   0/156]  Time: 0.050 (0.050)  Loss:  0.8721 (0.8721)  Acc@1: 76.5625 (76.5625)  Acc@5: 93.7500 (93.7500)
Test: [ 156/156]  Time: 0.010 (0.011)  Loss:  0.7107 (0.9676)  Acc@1: 87.5000 (78.0500)  Acc@5: 93.7500 (93.5700)
*** Best metric: 78.81 (epoch 306)
Train: 315 [   0/781 (  0%)]  Loss:  1.099210 (1.0992)  Time: 0.086s,  743.67/s  (0.086s,  743.67/s)  Peak Memory: 2546  LR: 3.423e-07  Data: 0.041 (0.041)
Train: 315 [ 780/781 (100%)]  Loss:  1.112516 (1.0486)  Time: 0.045s, 1410.54/s  (0.047s, 1359.57/s)  Peak Memory: 2546  LR: 3.423e-07  Data: 0.000 (0.003)
Test: [   0/156]  Time: 0.042 (0.042)  Loss:  0.8253 (0.8253)  Acc@1: 78.1250 (78.1250)  Acc@5: 96.8750 (96.8750)
Test: [ 156/156]  Time: 0.010 (0.014)  Loss:  0.7179 (0.9595)  Acc@1: 81.2500 (78.2400)  Acc@5: 100.0000 (93.7400)
*** Best metric: 78.81 (epoch 306)
Train: 316 [   0/781 (  0%)]  Loss:  1.132191 (1.1322)  Time: 0.100s,  641.87/s  (0.100s,  641.87/s)  Peak Memory: 2546  LR: 3.287e-07  Data: 0.051 (0.051)
Train: 316 [ 780/781 (100%)]  Loss:  0.968134 (1.0507)  Time: 0.044s, 1457.23/s  (0.048s, 1342.60/s)  Peak Memory: 2546  LR: 3.287e-07  Data: 0.000 (0.003)
Test: [   0/156]  Time: 0.042 (0.042)  Loss:  0.8718 (0.8718)  Acc@1: 78.1250 (78.1250)  Acc@5: 93.7500 (93.7500)
Test: [ 156/156]  Time: 0.007 (0.011)  Loss:  0.8233 (0.9760)  Acc@1: 81.2500 (77.9800)  Acc@5: 93.7500 (93.7100)
*** Best metric: 78.81 (epoch 306)
Train: 317 [   0/781 (  0%)]  Loss:  1.120762 (1.1208)  Time: 0.094s,  679.12/s  (0.094s,  679.12/s)  Peak Memory: 2546  LR: 3.156e-07  Data: 0.044 (0.044)
Train: 317 [ 780/781 (100%)]  Loss:  0.995180 (1.0504)  Time: 0.042s, 1536.41/s  (0.046s, 1377.76/s)  Peak Memory: 2546  LR: 3.156e-07  Data: 0.000 (0.003)
Test: [   0/156]  Time: 0.039 (0.039)  Loss:  0.8450 (0.8450)  Acc@1: 79.6875 (79.6875)  Acc@5: 95.3125 (95.3125)
Test: [ 156/156]  Time: 0.010 (0.011)  Loss:  0.6593 (0.9616)  Acc@1: 93.7500 (78.3600)  Acc@5: 93.7500 (93.6200)
*** Best metric: 78.81 (epoch 306)
Train: 318 [   0/781 (  0%)]  Loss:  1.062444 (1.0624)  Time: 0.108s,  591.75/s  (0.108s,  591.75/s)  Peak Memory: 2546  LR: 3.028e-07  Data: 0.057 (0.057)
Train: 318 [ 780/781 (100%)]  Loss:  1.069759 (1.0497)  Time: 0.044s, 1446.61/s  (0.046s, 1383.72/s)  Peak Memory: 2546  LR: 3.028e-07  Data: 0.000 (0.003)
Test: [   0/156]  Time: 0.043 (0.043)  Loss:  0.8117 (0.8117)  Acc@1: 82.8125 (82.8125)  Acc@5: 95.3125 (95.3125)
Test: [ 156/156]  Time: 0.010 (0.011)  Loss:  0.7034 (0.9604)  Acc@1: 81.2500 (78.1800)  Acc@5: 100.0000 (93.6700)
*** Best metric: 78.81 (epoch 306)
Train: 319 [   0/781 (  0%)]  Loss:  1.312879 (1.3129)  Time: 0.104s,  615.47/s  (0.104s,  615.47/s)  Peak Memory: 2546  LR: 2.904e-07  Data: 0.054 (0.054)
Train: 319 [ 780/781 (100%)]  Loss:  1.074899 (1.0494)  Time: 0.042s, 1520.98/s  (0.047s, 1353.40/s)  Peak Memory: 2546  LR: 2.904e-07  Data: 0.000 (0.003)
Test: [   0/156]  Time: 0.054 (0.054)  Loss:  0.7773 (0.7773)  Acc@1: 81.2500 (81.2500)  Acc@5: 95.3125 (95.3125)
Test: [ 156/156]  Time: 0.007 (0.011)  Loss:  0.6183 (0.9639)  Acc@1: 87.5000 (78.3400)  Acc@5: 93.7500 (93.4600)
*** Best metric: 78.81 (epoch 306)
Train: 320 [   0/781 (  0%)]  Loss:  1.220544 (1.2205)  Time: 0.094s,  677.41/s  (0.094s,  677.41/s)  Peak Memory: 2546  LR: 2.784e-07  Data: 0.047 (0.047)
Train: 320 [ 780/781 (100%)]  Loss:  0.996658 (1.0460)  Time: 0.050s, 1278.67/s  (0.048s, 1340.30/s)  Peak Memory: 2546  LR: 2.784e-07  Data: 0.000 (0.004)
Test: [   0/156]  Time: 0.079 (0.079)  Loss:  0.8238 (0.8238)  Acc@1: 78.1250 (78.1250)  Acc@5: 93.7500 (93.7500)
Test: [ 156/156]  Time: 0.010 (0.013)  Loss:  0.7403 (0.9675)  Acc@1: 87.5000 (77.8800)  Acc@5: 93.7500 (93.4600)
*** Best metric: 78.81 (epoch 306)
Train: 321 [   0/781 (  0%)]  Loss:  1.085738 (1.0857)  Time: 0.099s,  644.35/s  (0.099s,  644.35/s)  Peak Memory: 2546  LR: 2.668e-07  Data: 0.046 (0.046)
Train: 321 [ 780/781 (100%)]  Loss:  1.032659 (1.0502)  Time: 0.037s, 1740.61/s  (0.047s, 1350.24/s)  Peak Memory: 2546  LR: 2.668e-07  Data: 0.000 (0.003)
Test: [   0/156]  Time: 0.045 (0.045)  Loss:  0.9196 (0.9196)  Acc@1: 75.0000 (75.0000)  Acc@5: 96.8750 (96.8750)
Test: [ 156/156]  Time: 0.012 (0.014)  Loss:  0.6998 (0.9660)  Acc@1: 87.5000 (78.3800)  Acc@5: 100.0000 (93.5800)
*** Best metric: 78.81 (epoch 306)
Train: 322 [   0/781 (  0%)]  Loss:  0.949954 (0.9500)  Time: 0.095s,  674.26/s  (0.095s,  674.26/s)  Peak Memory: 2546  LR: 2.555e-07  Data: 0.043 (0.043)
Train: 322 [ 780/781 (100%)]  Loss:  1.054628 (1.0475)  Time: 0.042s, 1530.20/s  (0.048s, 1329.71/s)  Peak Memory: 2546  LR: 2.555e-07  Data: 0.000 (0.003)
Test: [   0/156]  Time: 0.053 (0.053)  Loss:  0.7577 (0.7577)  Acc@1: 81.2500 (81.2500)  Acc@5: 98.4375 (98.4375)
Test: [ 156/156]  Time: 0.007 (0.011)  Loss:  0.7881 (0.9624)  Acc@1: 81.2500 (77.9200)  Acc@5: 93.7500 (93.4800)
*** Best metric: 78.81 (epoch 306)
Train: 323 [   0/781 (  0%)]  Loss:  1.014069 (1.0141)  Time: 0.092s,  696.43/s  (0.092s,  696.43/s)  Peak Memory: 2546  LR: 2.447e-07  Data: 0.043 (0.043)
Train: 323 [ 780/781 (100%)]  Loss:  1.024433 (1.0476)  Time: 0.043s, 1474.92/s  (0.047s, 1369.57/s)  Peak Memory: 2546  LR: 2.447e-07  Data: 0.000 (0.003)
Test: [   0/156]  Time: 0.058 (0.058)  Loss:  0.8003 (0.8003)  Acc@1: 78.1250 (78.1250)  Acc@5: 98.4375 (98.4375)
Test: [ 156/156]  Time: 0.013 (0.013)  Loss:  0.7503 (0.9585)  Acc@1: 81.2500 (78.3000)  Acc@5: 93.7500 (93.4500)
*** Best metric: 78.81 (epoch 306)
Train: 324 [   0/781 (  0%)]  Loss:  1.165746 (1.1657)  Time: 0.095s,  670.85/s  (0.095s,  670.85/s)  Peak Memory: 2546  LR: 2.342e-07  Data: 0.048 (0.048)
Train: 324 [ 780/781 (100%)]  Loss:  0.948881 (1.0458)  Time: 0.042s, 1528.03/s  (0.050s, 1288.12/s)  Peak Memory: 2546  LR: 2.342e-07  Data: 0.000 (0.004)
Test: [   0/156]  Time: 0.054 (0.054)  Loss:  0.8028 (0.8028)  Acc@1: 82.8125 (82.8125)  Acc@5: 96.8750 (96.8750)
Test: [ 156/156]  Time: 0.010 (0.011)  Loss:  0.6815 (0.9666)  Acc@1: 87.5000 (78.3200)  Acc@5: 93.7500 (93.6200)
*** Best metric: 78.81 (epoch 306)
Train: 325 [   0/781 (  0%)]  Loss:  1.071199 (1.0712)  Time: 0.099s,  648.89/s  (0.099s,  648.89/s)  Peak Memory: 2546  LR: 2.241e-07  Data: 0.048 (0.048)
Train: 325 [ 780/781 (100%)]  Loss:  0.984830 (1.0500)  Time: 0.049s, 1308.83/s  (0.048s, 1330.74/s)  Peak Memory: 2546  LR: 2.241e-07  Data: 0.000 (0.003)
Test: [   0/156]  Time: 0.044 (0.044)  Loss:  0.8023 (0.8023)  Acc@1: 84.3750 (84.3750)  Acc@5: 96.8750 (96.8750)
Test: [ 156/156]  Time: 0.010 (0.014)  Loss:  0.6518 (0.9620)  Acc@1: 93.7500 (78.3700)  Acc@5: 100.0000 (93.9200)
*** Best metric: 78.81 (epoch 306)
Train: 326 [   0/781 (  0%)]  Loss:  1.009748 (1.0097)  Time: 0.089s,  722.89/s  (0.089s,  722.89/s)  Peak Memory: 2546  LR: 2.144e-07  Data: 0.046 (0.046)
Train: 326 [ 780/781 (100%)]  Loss:  1.126467 (1.0500)  Time: 0.042s, 1525.21/s  (0.048s, 1321.71/s)  Peak Memory: 2546  LR: 2.144e-07  Data: 0.000 (0.003)
Test: [   0/156]  Time: 0.044 (0.044)  Loss:  0.8348 (0.8348)  Acc@1: 78.1250 (78.1250)  Acc@5: 95.3125 (95.3125)
Test: [ 156/156]  Time: 0.010 (0.011)  Loss:  0.6489 (0.9632)  Acc@1: 87.5000 (78.2800)  Acc@5: 100.0000 (93.6100)
*** Best metric: 78.81 (epoch 306)
Train: 327 [   0/781 (  0%)]  Loss:  0.950472 (0.9505)  Time: 0.104s,  612.98/s  (0.104s,  612.98/s)  Peak Memory: 2546  LR: 2.051e-07  Data: 0.061 (0.061)
Train: 327 [ 780/781 (100%)]  Loss:  1.104946 (1.0491)  Time: 0.050s, 1271.19/s  (0.048s, 1333.46/s)  Peak Memory: 2546  LR: 2.051e-07  Data: 0.000 (0.003)
Test: [   0/156]  Time: 0.055 (0.055)  Loss:  0.8550 (0.8550)  Acc@1: 79.6875 (79.6875)  Acc@5: 92.1875 (92.1875)
Test: [ 156/156]  Time: 0.020 (0.013)  Loss:  0.7094 (0.9665)  Acc@1: 81.2500 (77.8300)  Acc@5: 100.0000 (93.6800)
*** Best metric: 78.81 (epoch 306)
Train: 328 [   0/781 (  0%)]  Loss:  1.148697 (1.1487)  Time: 0.102s,  624.39/s  (0.102s,  624.39/s)  Peak Memory: 2546  LR: 1.962e-07  Data: 0.056 (0.056)
Train: 328 [ 780/781 (100%)]  Loss:  1.151660 (1.0453)  Time: 0.050s, 1270.51/s  (0.046s, 1378.04/s)  Peak Memory: 2546  LR: 1.962e-07  Data: 0.000 (0.003)
Test: [   0/156]  Time: 0.041 (0.041)  Loss:  0.9116 (0.9116)  Acc@1: 75.0000 (75.0000)  Acc@5: 96.8750 (96.8750)
Test: [ 156/156]  Time: 0.007 (0.011)  Loss:  0.7076 (0.9703)  Acc@1: 81.2500 (78.0200)  Acc@5: 100.0000 (93.9100)
*** Best metric: 78.81 (epoch 306)
Train: 329 [   0/781 (  0%)]  Loss:  1.105886 (1.1059)  Time: 0.079s,  805.70/s  (0.079s,  805.70/s)  Peak Memory: 2546  LR: 1.877e-07  Data: 0.040 (0.040)
Train: 329 [ 780/781 (100%)]  Loss:  1.089789 (1.0482)  Time: 0.042s, 1522.87/s  (0.048s, 1343.14/s)  Peak Memory: 2546  LR: 1.877e-07  Data: 0.000 (0.003)
Test: [   0/156]  Time: 0.057 (0.057)  Loss:  0.9103 (0.9103)  Acc@1: 76.5625 (76.5625)  Acc@5: 93.7500 (93.7500)
Test: [ 156/156]  Time: 0.007 (0.011)  Loss:  0.8222 (0.9601)  Acc@1: 81.2500 (78.1300)  Acc@5: 93.7500 (93.6000)
*** Best metric: 78.81 (epoch 306)
Train: 330 [   0/781 (  0%)]  Loss:  1.020665 (1.0207)  Time: 0.098s,  655.53/s  (0.098s,  655.53/s)  Peak Memory: 2546  LR: 1.795e-07  Data: 0.044 (0.044)
Train: 330 [ 780/781 (100%)]  Loss:  1.211270 (1.0485)  Time: 0.045s, 1414.06/s  (0.048s, 1344.78/s)  Peak Memory: 2546  LR: 1.795e-07  Data: 0.000 (0.003)
Test: [   0/156]  Time: 0.047 (0.047)  Loss:  0.8755 (0.8755)  Acc@1: 82.8125 (82.8125)  Acc@5: 93.7500 (93.7500)
Test: [ 156/156]  Time: 0.010 (0.011)  Loss:  0.6827 (0.9692)  Acc@1: 81.2500 (78.1700)  Acc@5: 93.7500 (93.7100)
*** Best metric: 78.81 (epoch 306)
Train: 331 [   0/781 (  0%)]  Loss:  1.007537 (1.0075)  Time: 0.097s,  661.91/s  (0.097s,  661.91/s)  Peak Memory: 2546  LR: 1.718e-07  Data: 0.052 (0.052)
Train: 331 [ 780/781 (100%)]  Loss:  1.025588 (1.0455)  Time: 0.043s, 1505.52/s  (0.048s, 1341.79/s)  Peak Memory: 2546  LR: 1.718e-07  Data: 0.000 (0.003)
Test: [   0/156]  Time: 0.044 (0.044)  Loss:  0.8542 (0.8542)  Acc@1: 79.6875 (79.6875)  Acc@5: 95.3125 (95.3125)
Test: [ 156/156]  Time: 0.007 (0.011)  Loss:  0.7661 (0.9571)  Acc@1: 81.2500 (78.2900)  Acc@5: 93.7500 (93.7300)
*** Best metric: 78.81 (epoch 306)
Train: 332 [   0/781 (  0%)]  Loss:  1.120239 (1.1202)  Time: 0.099s,  649.21/s  (0.099s,  649.21/s)  Peak Memory: 2546  LR: 1.645e-07  Data: 0.048 (0.048)
Train: 332 [ 780/781 (100%)]  Loss:  1.078591 (1.0468)  Time: 0.046s, 1406.53/s  (0.046s, 1385.47/s)  Peak Memory: 2546  LR: 1.645e-07  Data: 0.000 (0.003)
Test: [   0/156]  Time: 0.044 (0.044)  Loss:  0.7911 (0.7911)  Acc@1: 79.6875 (79.6875)  Acc@5: 96.8750 (96.8750)
Test: [ 156/156]  Time: 0.007 (0.011)  Loss:  0.8377 (0.9663)  Acc@1: 81.2500 (78.1700)  Acc@5: 87.5000 (93.4800)
*** Best metric: 78.81 (epoch 306)
Train: 333 [   0/781 (  0%)]  Loss:  0.986763 (0.9868)  Time: 0.091s,  701.15/s  (0.091s,  701.15/s)  Peak Memory: 2546  LR: 1.575e-07  Data: 0.047 (0.047)
Train: 333 [ 780/781 (100%)]  Loss:  1.094485 (1.0471)  Time: 0.043s, 1493.76/s  (0.047s, 1361.20/s)  Peak Memory: 2546  LR: 1.575e-07  Data: 0.000 (0.003)
Test: [   0/156]  Time: 0.053 (0.053)  Loss:  0.7898 (0.7898)  Acc@1: 81.2500 (81.2500)  Acc@5: 95.3125 (95.3125)
Test: [ 156/156]  Time: 0.010 (0.011)  Loss:  0.6162 (0.9620)  Acc@1: 87.5000 (77.9400)  Acc@5: 100.0000 (93.5800)
*** Best metric: 78.81 (epoch 306)
Train: 334 [   0/781 (  0%)]  Loss:  0.933669 (0.9337)  Time: 0.085s,  753.55/s  (0.085s,  753.55/s)  Peak Memory: 2546  LR: 1.510e-07  Data: 0.040 (0.040)
Train: 334 [ 780/781 (100%)]  Loss:  1.039324 (1.0502)  Time: 0.043s, 1503.02/s  (0.048s, 1335.98/s)  Peak Memory: 2546  LR: 1.510e-07  Data: 0.000 (0.003)
Test: [   0/156]  Time: 0.038 (0.038)  Loss:  0.8421 (0.8421)  Acc@1: 79.6875 (79.6875)  Acc@5: 96.8750 (96.8750)
Test: [ 156/156]  Time: 0.010 (0.011)  Loss:  0.8552 (0.9687)  Acc@1: 81.2500 (78.2100)  Acc@5: 93.7500 (93.6700)
*** Best metric: 78.81 (epoch 306)
Train: 335 [   0/781 (  0%)]  Loss:  1.070909 (1.0709)  Time: 0.088s,  730.61/s  (0.088s,  730.61/s)  Peak Memory: 2546  LR: 1.448e-07  Data: 0.045 (0.045)
Train: 335 [ 780/781 (100%)]  Loss:  1.006533 (1.0449)  Time: 0.042s, 1512.45/s  (0.047s, 1370.46/s)  Peak Memory: 2546  LR: 1.448e-07  Data: 0.000 (0.003)
Test: [   0/156]  Time: 0.039 (0.039)  Loss:  0.8295 (0.8295)  Acc@1: 82.8125 (82.8125)  Acc@5: 93.7500 (93.7500)
Test: [ 156/156]  Time: 0.010 (0.011)  Loss:  0.7563 (0.9604)  Acc@1: 81.2500 (78.2100)  Acc@5: 93.7500 (93.7000)
*** Best metric: 78.81 (epoch 306)
Train: 336 [   0/781 (  0%)]  Loss:  1.076735 (1.0767)  Time: 0.094s,  678.65/s  (0.094s,  678.65/s)  Peak Memory: 2546  LR: 1.390e-07  Data: 0.050 (0.050)
Train: 336 [ 780/781 (100%)]  Loss:  1.108151 (1.0480)  Time: 0.043s, 1474.79/s  (0.047s, 1358.48/s)  Peak Memory: 2546  LR: 1.390e-07  Data: 0.000 (0.003)
Test: [   0/156]  Time: 0.044 (0.044)  Loss:  0.7612 (0.7612)  Acc@1: 79.6875 (79.6875)  Acc@5: 96.8750 (96.8750)
Test: [ 156/156]  Time: 0.012 (0.013)  Loss:  0.7799 (0.9614)  Acc@1: 81.2500 (78.2100)  Acc@5: 100.0000 (93.6900)
*** Best metric: 78.81 (epoch 306)
Train: 337 [   0/781 (  0%)]  Loss:  1.032559 (1.0326)  Time: 0.105s,  607.22/s  (0.105s,  607.22/s)  Peak Memory: 2546  LR: 1.337e-07  Data: 0.047 (0.047)
Train: 337 [ 780/781 (100%)]  Loss:  1.110732 (1.0520)  Time: 0.049s, 1304.45/s  (0.047s, 1348.09/s)  Peak Memory: 2546  LR: 1.337e-07  Data: 0.000 (0.003)
Test: [   0/156]  Time: 0.054 (0.054)  Loss:  0.8741 (0.8741)  Acc@1: 76.5625 (76.5625)  Acc@5: 92.1875 (92.1875)
Test: [ 156/156]  Time: 0.010 (0.013)  Loss:  0.6547 (0.9656)  Acc@1: 87.5000 (78.3000)  Acc@5: 100.0000 (93.3200)
*** Best metric: 78.81 (epoch 306)
Train: 338 [   0/781 (  0%)]  Loss:  1.017418 (1.0174)  Time: 0.100s,  640.68/s  (0.100s,  640.68/s)  Peak Memory: 2546  LR: 1.287e-07  Data: 0.047 (0.047)
Train: 338 [ 780/781 (100%)]  Loss:  0.912252 (1.0498)  Time: 0.043s, 1481.43/s  (0.048s, 1342.13/s)  Peak Memory: 2546  LR: 1.287e-07  Data: 0.000 (0.003)
Test: [   0/156]  Time: 0.047 (0.047)  Loss:  0.8023 (0.8023)  Acc@1: 81.2500 (81.2500)  Acc@5: 95.3125 (95.3125)
Test: [ 156/156]  Time: 0.010 (0.011)  Loss:  0.7135 (0.9647)  Acc@1: 87.5000 (78.2400)  Acc@5: 93.7500 (93.5800)
*** Best metric: 78.81 (epoch 306)
Train: 339 [   0/781 (  0%)]  Loss:  1.069226 (1.0692)  Time: 0.090s,  712.60/s  (0.090s,  712.60/s)  Peak Memory: 2546  LR: 1.241e-07  Data: 0.041 (0.041)
Train: 339 [ 780/781 (100%)]  Loss:  1.017786 (1.0491)  Time: 0.043s, 1475.67/s  (0.047s, 1366.78/s)  Peak Memory: 2546  LR: 1.241e-07  Data: 0.000 (0.003)
Test: [   0/156]  Time: 0.036 (0.036)  Loss:  0.8302 (0.8302)  Acc@1: 81.2500 (81.2500)  Acc@5: 95.3125 (95.3125)
Test: [ 156/156]  Time: 0.010 (0.011)  Loss:  0.7048 (0.9603)  Acc@1: 87.5000 (78.1500)  Acc@5: 93.7500 (93.5700)
*** Best metric: 78.81 (epoch 306)
Train: 340 [   0/781 (  0%)]  Loss:  1.115137 (1.1151)  Time: 0.086s,  744.25/s  (0.086s,  744.25/s)  Peak Memory: 2546  LR: 1.199e-07  Data: 0.037 (0.037)
Train: 340 [ 780/781 (100%)]  Loss:  1.020275 (1.0453)  Time: 0.042s, 1513.47/s  (0.048s, 1346.43/s)  Peak Memory: 2546  LR: 1.199e-07  Data: 0.000 (0.003)
Test: [   0/156]  Time: 0.038 (0.038)  Loss:  0.8199 (0.8199)  Acc@1: 79.6875 (79.6875)  Acc@5: 96.8750 (96.8750)
Test: [ 156/156]  Time: 0.012 (0.012)  Loss:  0.6943 (0.9641)  Acc@1: 87.5000 (77.8500)  Acc@5: 93.7500 (93.7000)
*** Best metric: 78.81 (epoch 306)
Train: 341 [   0/781 (  0%)]  Loss:  0.971769 (0.9718)  Time: 0.112s,  570.02/s  (0.112s,  570.02/s)  Peak Memory: 2546  LR: 1.161e-07  Data: 0.054 (0.054)
Train: 341 [ 780/781 (100%)]  Loss:  1.012433 (1.0504)  Time: 0.042s, 1532.58/s  (0.047s, 1374.10/s)  Peak Memory: 2546  LR: 1.161e-07  Data: 0.000 (0.003)
Test: [   0/156]  Time: 0.049 (0.049)  Loss:  0.7900 (0.7900)  Acc@1: 79.6875 (79.6875)  Acc@5: 95.3125 (95.3125)
Test: [ 156/156]  Time: 0.007 (0.011)  Loss:  0.6438 (0.9686)  Acc@1: 87.5000 (78.2100)  Acc@5: 100.0000 (93.6500)
*** Best metric: 78.81 (epoch 306)
Train: 342 [   0/781 (  0%)]  Loss:  0.984286 (0.9843)  Time: 0.115s,  557.37/s  (0.115s,  557.37/s)  Peak Memory: 2546  LR: 1.128e-07  Data: 0.061 (0.061)
Train: 342 [ 780/781 (100%)]  Loss:  1.067984 (1.0488)  Time: 0.053s, 1211.26/s  (0.047s, 1353.29/s)  Peak Memory: 2546  LR: 1.128e-07  Data: 0.000 (0.003)
Test: [   0/156]  Time: 0.046 (0.046)  Loss:  0.9041 (0.9041)  Acc@1: 79.6875 (79.6875)  Acc@5: 95.3125 (95.3125)
Test: [ 156/156]  Time: 0.007 (0.011)  Loss:  0.6703 (0.9535)  Acc@1: 81.2500 (78.5000)  Acc@5: 93.7500 (93.8200)
*** Best metric: 78.81 (epoch 306)
Train: 343 [   0/781 (  0%)]  Loss:  0.966169 (0.9662)  Time: 0.089s,  723.07/s  (0.089s,  723.07/s)  Peak Memory: 2546  LR: 1.098e-07  Data: 0.041 (0.041)
Train: 343 [ 780/781 (100%)]  Loss:  1.083806 (1.0491)  Time: 0.043s, 1486.94/s  (0.047s, 1347.57/s)  Peak Memory: 2546  LR: 1.098e-07  Data: 0.000 (0.003)
Test: [   0/156]  Time: 0.039 (0.039)  Loss:  0.8186 (0.8186)  Acc@1: 81.2500 (81.2500)  Acc@5: 95.3125 (95.3125)
Test: [ 156/156]  Time: 0.010 (0.011)  Loss:  0.6965 (0.9589)  Acc@1: 81.2500 (78.2500)  Acc@5: 93.7500 (93.6400)
*** Best metric: 78.81 (epoch 306)
Train: 344 [   0/781 (  0%)]  Loss:  1.111709 (1.1117)  Time: 0.087s,  732.41/s  (0.087s,  732.41/s)  Peak Memory: 2546  LR: 1.072e-07  Data: 0.045 (0.045)
Train: 344 [ 780/781 (100%)]  Loss:  1.038306 (1.0480)  Time: 0.043s, 1482.68/s  (0.048s, 1324.96/s)  Peak Memory: 2546  LR: 1.072e-07  Data: 0.000 (0.003)
Test: [   0/156]  Time: 0.048 (0.048)  Loss:  0.8940 (0.8940)  Acc@1: 78.1250 (78.1250)  Acc@5: 93.7500 (93.7500)
Test: [ 156/156]  Time: 0.010 (0.011)  Loss:  0.6447 (0.9572)  Acc@1: 87.5000 (78.2800)  Acc@5: 100.0000 (93.8200)
*** Best metric: 78.81 (epoch 306)
Train: 345 [   0/781 (  0%)]  Loss:  0.990218 (0.9902)  Time: 0.102s,  625.22/s  (0.102s,  625.22/s)  Peak Memory: 2546  LR: 1.050e-07  Data: 0.051 (0.051)
Train: 345 [ 780/781 (100%)]  Loss:  1.191386 (1.0505)  Time: 0.042s, 1516.36/s  (0.046s, 1383.62/s)  Peak Memory: 2546  LR: 1.050e-07  Data: 0.000 (0.003)
Test: [   0/156]  Time: 0.040 (0.040)  Loss:  0.8412 (0.8412)  Acc@1: 81.2500 (81.2500)  Acc@5: 95.3125 (95.3125)
Test: [ 156/156]  Time: 0.010 (0.011)  Loss:  0.7132 (0.9647)  Acc@1: 81.2500 (78.1600)  Acc@5: 100.0000 (93.5700)
*** Best metric: 78.81 (epoch 306)
Train: 346 [   0/781 (  0%)]  Loss:  1.098377 (1.0984)  Time: 0.097s,  660.04/s  (0.097s,  660.04/s)  Peak Memory: 2546  LR: 1.032e-07  Data: 0.047 (0.047)
Train: 346 [ 780/781 (100%)]  Loss:  1.054387 (1.0507)  Time: 0.043s, 1496.88/s  (0.048s, 1338.70/s)  Peak Memory: 2546  LR: 1.032e-07  Data: 0.000 (0.004)
Test: [   0/156]  Time: 0.040 (0.040)  Loss:  0.8156 (0.8156)  Acc@1: 79.6875 (79.6875)  Acc@5: 93.7500 (93.7500)
Test: [ 156/156]  Time: 0.007 (0.011)  Loss:  0.6727 (0.9538)  Acc@1: 87.5000 (78.5600)  Acc@5: 93.7500 (93.6400)
*** Best metric: 78.81 (epoch 306)
Train: 347 [   0/781 (  0%)]  Loss:  1.057682 (1.0577)  Time: 0.101s,  634.93/s  (0.101s,  634.93/s)  Peak Memory: 2546  LR: 1.018e-07  Data: 0.047 (0.047)
Train: 347 [ 780/781 (100%)]  Loss:  0.972722 (1.0479)  Time: 0.042s, 1521.38/s  (0.047s, 1375.78/s)  Peak Memory: 2546  LR: 1.018e-07  Data: 0.000 (0.003)
Test: [   0/156]  Time: 0.047 (0.047)  Loss:  0.8340 (0.8340)  Acc@1: 79.6875 (79.6875)  Acc@5: 93.7500 (93.7500)
Test: [ 156/156]  Time: 0.010 (0.011)  Loss:  0.6419 (0.9673)  Acc@1: 87.5000 (78.3100)  Acc@5: 93.7500 (93.5900)
*** Best metric: 78.81 (epoch 306)
Train: 348 [   0/781 (  0%)]  Loss:  0.994175 (0.9942)  Time: 0.092s,  695.83/s  (0.092s,  695.83/s)  Peak Memory: 2546  LR: 1.008e-07  Data: 0.046 (0.046)
Train: 348 [ 780/781 (100%)]  Loss:  1.046594 (1.0486)  Time: 0.048s, 1326.75/s  (0.046s, 1397.52/s)  Peak Memory: 2546  LR: 1.008e-07  Data: 0.000 (0.003)
Test: [   0/156]  Time: 0.047 (0.047)  Loss:  0.7720 (0.7720)  Acc@1: 84.3750 (84.3750)  Acc@5: 95.3125 (95.3125)
Test: [ 156/156]  Time: 0.014 (0.013)  Loss:  0.6018 (0.9668)  Acc@1: 93.7500 (78.1000)  Acc@5: 93.7500 (93.7300)
*** Best metric: 78.81 (epoch 306)
Train: 349 [   0/781 (  0%)]  Loss:  0.992052 (0.9921)  Time: 0.104s,  615.94/s  (0.104s,  615.94/s)  Peak Memory: 2546  LR: 1.002e-07  Data: 0.050 (0.050)
Train: 349 [ 780/781 (100%)]  Loss:  1.183358 (1.0461)  Time: 0.043s, 1488.78/s  (0.047s, 1359.84/s)  Peak Memory: 2546  LR: 1.002e-07  Data: 0.000 (0.003)
Test: [   0/156]  Time: 0.038 (0.038)  Loss:  0.8995 (0.8995)  Acc@1: 76.5625 (76.5625)  Acc@5: 92.1875 (92.1875)
Test: [ 156/156]  Time: 0.007 (0.012)  Loss:  0.6700 (0.9696)  Acc@1: 87.5000 (77.9000)  Acc@5: 93.7500 (93.4400)
*** Best metric: 78.81 (epoch 306)
Train: 350 [   0/781 (  0%)]  Loss:  1.001984 (1.0020)  Time: 0.090s,  713.00/s  (0.090s,  713.00/s)  Peak Memory: 2546  LR: 1.000e-07  Data: 0.046 (0.046)
Train: 350 [ 780/781 (100%)]  Loss:  0.955292 (1.0446)  Time: 0.042s, 1524.37/s  (0.047s, 1347.50/s)  Peak Memory: 2546  LR: 1.000e-07  Data: 0.000 (0.003)
Test: [   0/156]  Time: 0.046 (0.046)  Loss:  0.8929 (0.8929)  Acc@1: 78.1250 (78.1250)  Acc@5: 95.3125 (95.3125)
Test: [ 156/156]  Time: 0.010 (0.011)  Loss:  0.6823 (0.9634)  Acc@1: 87.5000 (78.5900)  Acc@5: 100.0000 (93.3300)
*** Best metric: 78.81 (epoch 306)
Train: 351 [   0/781 (  0%)]  Loss:  1.295851 (1.2959)  Time: 0.094s,  682.66/s  (0.094s,  682.66/s)  Peak Memory: 2546  LR: 1.000e-07  Data: 0.050 (0.050)
Train: 351 [ 780/781 (100%)]  Loss:  1.070181 (1.0478)  Time: 0.043s, 1480.49/s  (0.049s, 1312.19/s)  Peak Memory: 2546  LR: 1.000e-07  Data: 0.000 (0.004)
Test: [   0/156]  Time: 0.040 (0.040)  Loss:  0.8745 (0.8745)  Acc@1: 79.6875 (79.6875)  Acc@5: 95.3125 (95.3125)
Test: [ 156/156]  Time: 0.011 (0.011)  Loss:  0.7466 (0.9735)  Acc@1: 87.5000 (78.1100)  Acc@5: 93.7500 (93.6200)
*** Best metric: 78.81 (epoch 306)
Train: 352 [   0/781 (  0%)]  Loss:  0.945570 (0.9456)  Time: 0.096s,  668.04/s  (0.096s,  668.04/s)  Peak Memory: 2546  LR: 1.000e-07  Data: 0.042 (0.042)
Train: 352 [ 780/781 (100%)]  Loss:  1.083941 (1.0516)  Time: 0.046s, 1380.10/s  (0.047s, 1372.27/s)  Peak Memory: 2546  LR: 1.000e-07  Data: 0.000 (0.003)
Test: [   0/156]  Time: 0.046 (0.046)  Loss:  0.8362 (0.8362)  Acc@1: 79.6875 (79.6875)  Acc@5: 95.3125 (95.3125)
Test: [ 156/156]  Time: 0.007 (0.011)  Loss:  0.7173 (0.9715)  Acc@1: 87.5000 (78.3300)  Acc@5: 93.7500 (93.4800)
*** Best metric: 78.81 (epoch 306)
Train: 353 [   0/781 (  0%)]  Loss:  0.994197 (0.9942)  Time: 0.102s,  626.77/s  (0.102s,  626.77/s)  Peak Memory: 2546  LR: 1.000e-07  Data: 0.060 (0.060)
Train: 353 [ 780/781 (100%)]  Loss:  1.100549 (1.0500)  Time: 0.043s, 1479.86/s  (0.046s, 1401.58/s)  Peak Memory: 2546  LR: 1.000e-07  Data: 0.000 (0.003)
Test: [   0/156]  Time: 0.041 (0.041)  Loss:  0.7737 (0.7737)  Acc@1: 82.8125 (82.8125)  Acc@5: 93.7500 (93.7500)
Test: [ 156/156]  Time: 0.012 (0.011)  Loss:  0.6391 (0.9610)  Acc@1: 87.5000 (78.4300)  Acc@5: 100.0000 (93.5400)
*** Best metric: 78.81 (epoch 306)
Train: 354 [   0/781 (  0%)]  Loss:  1.104607 (1.1046)  Time: 0.096s,  664.82/s  (0.096s,  664.82/s)  Peak Memory: 2546  LR: 1.000e-07  Data: 0.047 (0.047)
Train: 354 [ 780/781 (100%)]  Loss:  1.124123 (1.0537)  Time: 0.039s, 1625.27/s  (0.046s, 1389.58/s)  Peak Memory: 2546  LR: 1.000e-07  Data: 0.000 (0.003)
Test: [   0/156]  Time: 0.042 (0.042)  Loss:  0.8403 (0.8403)  Acc@1: 81.2500 (81.2500)  Acc@5: 95.3125 (95.3125)
Test: [ 156/156]  Time: 0.007 (0.011)  Loss:  0.7164 (0.9732)  Acc@1: 81.2500 (78.0200)  Acc@5: 100.0000 (93.5000)
*** Best metric: 78.81 (epoch 306)
Train: 355 [   0/781 (  0%)]  Loss:  1.114098 (1.1141)  Time: 0.098s,  656.04/s  (0.098s,  656.04/s)  Peak Memory: 2546  LR: 1.000e-07  Data: 0.048 (0.048)
Train: 355 [ 780/781 (100%)]  Loss:  1.110402 (1.0520)  Time: 0.045s, 1421.93/s  (0.047s, 1349.41/s)  Peak Memory: 2546  LR: 1.000e-07  Data: 0.000 (0.003)
Test: [   0/156]  Time: 0.050 (0.050)  Loss:  0.8432 (0.8432)  Acc@1: 78.1250 (78.1250)  Acc@5: 93.7500 (93.7500)
Test: [ 156/156]  Time: 0.010 (0.012)  Loss:  0.6162 (0.9737)  Acc@1: 93.7500 (78.2200)  Acc@5: 93.7500 (93.3800)
*** Best metric: 78.81 (epoch 306)
Train: 356 [   0/781 (  0%)]  Loss:  1.058143 (1.0581)  Time: 0.092s,  693.61/s  (0.092s,  693.61/s)  Peak Memory: 2546  LR: 1.000e-07  Data: 0.047 (0.047)
Train: 356 [ 780/781 (100%)]  Loss:  0.988665 (1.0507)  Time: 0.043s, 1492.42/s  (0.047s, 1352.13/s)  Peak Memory: 2546  LR: 1.000e-07  Data: 0.000 (0.003)
Test: [   0/156]  Time: 0.039 (0.039)  Loss:  0.8586 (0.8586)  Acc@1: 78.1250 (78.1250)  Acc@5: 95.3125 (95.3125)
Test: [ 156/156]  Time: 0.007 (0.011)  Loss:  0.5478 (0.9699)  Acc@1: 87.5000 (78.2100)  Acc@5: 100.0000 (93.5300)
*** Best metric: 78.81 (epoch 306)
Train: 357 [   0/781 (  0%)]  Loss:  1.108008 (1.1080)  Time: 0.094s,  684.16/s  (0.094s,  684.16/s)  Peak Memory: 2546  LR: 1.000e-07  Data: 0.043 (0.043)
Train: 357 [ 780/781 (100%)]  Loss:  0.922706 (1.0470)  Time: 0.042s, 1521.98/s  (0.047s, 1373.23/s)  Peak Memory: 2546  LR: 1.000e-07  Data: 0.000 (0.003)
Test: [   0/156]  Time: 0.042 (0.042)  Loss:  0.8825 (0.8825)  Acc@1: 78.1250 (78.1250)  Acc@5: 95.3125 (95.3125)
Test: [ 156/156]  Time: 0.007 (0.011)  Loss:  0.6158 (0.9545)  Acc@1: 81.2500 (78.1400)  Acc@5: 100.0000 (93.8300)
*** Best metric: 78.81 (epoch 306)
Train: 358 [   0/781 (  0%)]  Loss:  1.060962 (1.0610)  Time: 0.090s,  710.10/s  (0.090s,  710.10/s)  Peak Memory: 2546  LR: 1.000e-07  Data: 0.048 (0.048)
Train: 358 [ 780/781 (100%)]  Loss:  1.062510 (1.0486)  Time: 0.042s, 1508.06/s  (0.048s, 1342.05/s)  Peak Memory: 2546  LR: 1.000e-07  Data: 0.000 (0.003)
Test: [   0/156]  Time: 0.045 (0.045)  Loss:  0.7816 (0.7816)  Acc@1: 78.1250 (78.1250)  Acc@5: 96.8750 (96.8750)
Test: [ 156/156]  Time: 0.010 (0.011)  Loss:  0.6588 (0.9632)  Acc@1: 87.5000 (78.1800)  Acc@5: 100.0000 (93.5100)
*** Best metric: 78.81 (epoch 306)
Train: 359 [   0/781 (  0%)]  Loss:  1.206782 (1.2068)  Time: 0.095s,  674.08/s  (0.095s,  674.08/s)  Peak Memory: 2546  LR: 1.000e-07  Data: 0.055 (0.055)
Train: 359 [ 780/781 (100%)]  Loss:  1.133450 (1.0491)  Time: 0.043s, 1497.20/s  (0.046s, 1391.11/s)  Peak Memory: 2546  LR: 1.000e-07  Data: 0.000 (0.003)
Test: [   0/156]  Time: 0.044 (0.044)  Loss:  0.8318 (0.8318)  Acc@1: 79.6875 (79.6875)  Acc@5: 95.3125 (95.3125)
Test: [ 156/156]  Time: 0.010 (0.011)  Loss:  0.7916 (0.9657)  Acc@1: 87.5000 (78.4300)  Acc@5: 93.7500 (93.4100)
*** Best metric: 78.81 (epoch 306)
 | Best metric: 78.81 (epoch 306) | Total Training Time Cost: 0:56:16 |
