Train: 203 [   0/195 (  0%)]  Loss:  1.020089 (1.0201)  Time: 2.088s,  122.62/s  (2.088s,  122.62/s)  Peak Memory: 8938  LR: 2.442e-04  Data: 0.256 (0.256)
Train: 203 [ 194/195 (100%)]  Loss:  1.035984 (1.0361)  Time: 0.100s, 2568.75/s  (0.113s, 2259.84/s)  Peak Memory: 8938  LR: 2.442e-04  Data: 0.000 (0.008)
Test: [   0/39]  Time: 1.291 (1.291)  Loss:  1.0031 (1.0031)  Acc@1: 78.1250 (78.1250)  Acc@5: 93.3594 (93.3594)
Test: [  39/39]  Time: 0.235 (0.069)  Loss:  0.9436 (1.0389)  Acc@1: 75.0000 (76.5000)  Acc@5: 87.5000 (93.5600)
*** Best metric: 76.5 (epoch 203)
Train: 204 [   0/195 (  0%)]  Loss:  1.051599 (1.0516)  Time: 0.229s, 1118.31/s  (0.229s, 1118.31/s)  Peak Memory: 8938  LR: 2.398e-04  Data: 0.121 (0.121)
Train: 204 [ 194/195 (100%)]  Loss:  1.041780 (1.0309)  Time: 0.095s, 2687.97/s  (0.104s, 2469.67/s)  Peak Memory: 8938  LR: 2.398e-04  Data: 0.000 (0.008)
Test: [   0/39]  Time: 0.122 (0.122)  Loss:  1.0155 (1.0155)  Acc@1: 76.5625 (76.5625)  Acc@5: 93.3594 (93.3594)
Test: [  39/39]  Time: 0.014 (0.034)  Loss:  0.7598 (1.0240)  Acc@1: 75.0000 (76.6200)  Acc@5: 93.7500 (94.0100)
*** Best metric: 76.62 (epoch 204)
Train: 205 [   0/195 (  0%)]  Loss:  1.013685 (1.0137)  Time: 0.242s, 1057.23/s  (0.242s, 1057.23/s)  Peak Memory: 8938  LR: 2.354e-04  Data: 0.144 (0.144)
Train: 205 [ 194/195 (100%)]  Loss:  0.990349 (1.0365)  Time: 0.097s, 2626.33/s  (0.104s, 2456.96/s)  Peak Memory: 8938  LR: 2.354e-04  Data: 0.000 (0.008)
Test: [   0/39]  Time: 0.116 (0.116)  Loss:  0.9705 (0.9705)  Acc@1: 77.7344 (77.7344)  Acc@5: 93.3594 (93.3594)
Test: [  39/39]  Time: 0.015 (0.033)  Loss:  0.8832 (1.0240)  Acc@1: 75.0000 (76.5200)  Acc@5: 93.7500 (93.9400)
*** Best metric: 76.62 (epoch 204)
Train: 206 [   0/195 (  0%)]  Loss:  1.027530 (1.0275)  Time: 0.243s, 1051.63/s  (0.243s, 1051.63/s)  Peak Memory: 8938  LR: 2.311e-04  Data: 0.148 (0.148)
Train: 206 [ 194/195 (100%)]  Loss:  1.080708 (1.0234)  Time: 0.100s, 2567.42/s  (0.103s, 2482.59/s)  Peak Memory: 8938  LR: 2.311e-04  Data: 0.000 (0.007)
Test: [   0/39]  Time: 0.110 (0.110)  Loss:  0.9975 (0.9975)  Acc@1: 78.1250 (78.1250)  Acc@5: 93.7500 (93.7500)
Test: [  39/39]  Time: 0.011 (0.033)  Loss:  0.7309 (1.0263)  Acc@1: 81.2500 (76.4000)  Acc@5: 100.0000 (93.7100)
*** Best metric: 76.62 (epoch 204)
Train: 207 [   0/195 (  0%)]  Loss:  1.058291 (1.0583)  Time: 0.244s, 1050.67/s  (0.244s, 1050.67/s)  Peak Memory: 8938  LR: 2.268e-04  Data: 0.146 (0.146)
Train: 207 [ 194/195 (100%)]  Loss:  1.056865 (1.0251)  Time: 0.095s, 2692.12/s  (0.103s, 2488.99/s)  Peak Memory: 8938  LR: 2.268e-04  Data: 0.000 (0.008)
Test: [   0/39]  Time: 0.102 (0.102)  Loss:  0.9908 (0.9908)  Acc@1: 77.3438 (77.3438)  Acc@5: 92.5781 (92.5781)
Test: [  39/39]  Time: 0.014 (0.034)  Loss:  0.8643 (1.0234)  Acc@1: 75.0000 (76.2400)  Acc@5: 93.7500 (93.8500)
*** Best metric: 76.62 (epoch 204)
Train: 208 [   0/195 (  0%)]  Loss:  1.000340 (1.0003)  Time: 0.219s, 1170.25/s  (0.219s, 1170.25/s)  Peak Memory: 8938  LR: 2.225e-04  Data: 0.124 (0.124)
Train: 208 [ 194/195 (100%)]  Loss:  1.019593 (1.0221)  Time: 0.095s, 2684.56/s  (0.103s, 2487.99/s)  Peak Memory: 8938  LR: 2.225e-04  Data: 0.000 (0.007)
Test: [   0/39]  Time: 0.131 (0.131)  Loss:  0.9715 (0.9715)  Acc@1: 78.1250 (78.1250)  Acc@5: 92.5781 (92.5781)
Test: [  39/39]  Time: 0.014 (0.034)  Loss:  0.7976 (1.0195)  Acc@1: 81.2500 (76.4300)  Acc@5: 100.0000 (94.1000)
*** Best metric: 76.62 (epoch 204)
Train: 209 [   0/195 (  0%)]  Loss:  1.022855 (1.0229)  Time: 0.221s, 1156.61/s  (0.221s, 1156.61/s)  Peak Memory: 8938  LR: 2.183e-04  Data: 0.123 (0.123)
Train: 209 [ 194/195 (100%)]  Loss:  1.066962 (1.0288)  Time: 0.095s, 2689.50/s  (0.104s, 2468.88/s)  Peak Memory: 8938  LR: 2.183e-04  Data: 0.000 (0.008)
Test: [   0/39]  Time: 0.107 (0.107)  Loss:  0.9794 (0.9794)  Acc@1: 78.1250 (78.1250)  Acc@5: 94.5312 (94.5312)
Test: [  39/39]  Time: 0.008 (0.033)  Loss:  1.0049 (1.0167)  Acc@1: 75.0000 (76.1600)  Acc@5: 100.0000 (93.9700)
*** Best metric: 76.62 (epoch 204)
Train: 210 [   0/195 (  0%)]  Loss:  1.012599 (1.0126)  Time: 0.208s, 1232.65/s  (0.208s, 1232.65/s)  Peak Memory: 8938  LR: 2.140e-04  Data: 0.109 (0.109)
Train: 210 [ 194/195 (100%)]  Loss:  1.054874 (1.0237)  Time: 0.095s, 2690.17/s  (0.103s, 2476.77/s)  Peak Memory: 8938  LR: 2.140e-04  Data: 0.000 (0.007)
Test: [   0/39]  Time: 0.101 (0.101)  Loss:  0.9962 (0.9962)  Acc@1: 76.5625 (76.5625)  Acc@5: 93.3594 (93.3594)
Test: [  39/39]  Time: 0.014 (0.033)  Loss:  0.7641 (1.0125)  Acc@1: 75.0000 (76.1200)  Acc@5: 100.0000 (93.8400)
*** Best metric: 76.62 (epoch 204)
Train: 211 [   0/195 (  0%)]  Loss:  0.979401 (0.9794)  Time: 0.210s, 1216.41/s  (0.210s, 1216.41/s)  Peak Memory: 8938  LR: 2.099e-04  Data: 0.116 (0.116)
Train: 211 [ 194/195 (100%)]  Loss:  0.990518 (1.0167)  Time: 0.095s, 2694.87/s  (0.103s, 2473.49/s)  Peak Memory: 8938  LR: 2.099e-04  Data: 0.000 (0.008)
Test: [   0/39]  Time: 0.148 (0.148)  Loss:  0.9868 (0.9868)  Acc@1: 77.7344 (77.7344)  Acc@5: 93.3594 (93.3594)
Test: [  39/39]  Time: 0.011 (0.033)  Loss:  0.8056 (1.0172)  Acc@1: 75.0000 (76.1800)  Acc@5: 100.0000 (93.9900)
*** Best metric: 76.62 (epoch 204)
Train: 212 [   0/195 (  0%)]  Loss:  1.015757 (1.0158)  Time: 0.222s, 1152.99/s  (0.222s, 1152.99/s)  Peak Memory: 8938  LR: 2.057e-04  Data: 0.127 (0.127)
Train: 212 [ 194/195 (100%)]  Loss:  1.008174 (1.0163)  Time: 0.095s, 2688.29/s  (0.102s, 2505.94/s)  Peak Memory: 8938  LR: 2.057e-04  Data: 0.000 (0.007)
Test: [   0/39]  Time: 0.137 (0.137)  Loss:  0.9922 (0.9922)  Acc@1: 76.9531 (76.9531)  Acc@5: 94.5312 (94.5312)
Test: [  39/39]  Time: 0.015 (0.034)  Loss:  0.7966 (1.0165)  Acc@1: 75.0000 (76.2800)  Acc@5: 100.0000 (94.0400)
*** Best metric: 76.62 (epoch 204)
Train: 213 [   0/195 (  0%)]  Loss:  1.033707 (1.0337)  Time: 0.205s, 1249.62/s  (0.205s, 1249.62/s)  Peak Memory: 8938  LR: 2.016e-04  Data: 0.110 (0.110)
Train: 213 [ 194/195 (100%)]  Loss:  1.060424 (1.0227)  Time: 0.095s, 2703.05/s  (0.103s, 2489.41/s)  Peak Memory: 8938  LR: 2.016e-04  Data: 0.000 (0.007)
Test: [   0/39]  Time: 0.134 (0.134)  Loss:  0.9593 (0.9593)  Acc@1: 76.5625 (76.5625)  Acc@5: 94.1406 (94.1406)
Test: [  39/39]  Time: 0.011 (0.033)  Loss:  0.8605 (1.0081)  Acc@1: 75.0000 (76.5500)  Acc@5: 93.7500 (94.1100)
*** Best metric: 76.62 (epoch 204)
Train: 214 [   0/195 (  0%)]  Loss:  1.086604 (1.0866)  Time: 0.194s, 1319.73/s  (0.194s, 1319.73/s)  Peak Memory: 8938  LR: 1.975e-04  Data: 0.098 (0.098)
Train: 214 [ 194/195 (100%)]  Loss:  1.010319 (1.0185)  Time: 0.096s, 2655.90/s  (0.104s, 2472.98/s)  Peak Memory: 8938  LR: 1.975e-04  Data: 0.000 (0.008)
Test: [   0/39]  Time: 0.115 (0.115)  Loss:  0.9483 (0.9483)  Acc@1: 78.1250 (78.1250)  Acc@5: 93.3594 (93.3594)
Test: [  39/39]  Time: 0.014 (0.033)  Loss:  0.8326 (1.0198)  Acc@1: 75.0000 (76.3100)  Acc@5: 93.7500 (93.7300)
*** Best metric: 76.62 (epoch 204)
Train: 215 [   0/195 (  0%)]  Loss:  0.957607 (0.9576)  Time: 0.254s, 1009.82/s  (0.254s, 1009.82/s)  Peak Memory: 8938  LR: 1.935e-04  Data: 0.154 (0.154)
Train: 215 [ 194/195 (100%)]  Loss:  1.074906 (1.0229)  Time: 0.095s, 2687.33/s  (0.103s, 2495.37/s)  Peak Memory: 8938  LR: 1.935e-04  Data: 0.000 (0.007)
Test: [   0/39]  Time: 0.115 (0.115)  Loss:  1.0078 (1.0078)  Acc@1: 77.3438 (77.3438)  Acc@5: 93.7500 (93.7500)
Test: [  39/39]  Time: 0.014 (0.034)  Loss:  0.8176 (1.0150)  Acc@1: 81.2500 (76.2400)  Acc@5: 93.7500 (93.8500)
*** Best metric: 76.62 (epoch 204)
Train: 216 [   0/195 (  0%)]  Loss:  1.022136 (1.0221)  Time: 0.227s, 1125.55/s  (0.227s, 1125.55/s)  Peak Memory: 8938  LR: 1.895e-04  Data: 0.132 (0.132)
Train: 216 [ 194/195 (100%)]  Loss:  1.005777 (1.0178)  Time: 0.095s, 2690.68/s  (0.102s, 2499.26/s)  Peak Memory: 8938  LR: 1.895e-04  Data: 0.000 (0.007)
Test: [   0/39]  Time: 0.121 (0.121)  Loss:  0.9825 (0.9825)  Acc@1: 78.1250 (78.1250)  Acc@5: 92.9688 (92.9688)
Test: [  39/39]  Time: 0.014 (0.034)  Loss:  0.8649 (1.0134)  Acc@1: 75.0000 (76.4700)  Acc@5: 93.7500 (93.8500)
*** Best metric: 76.62 (epoch 204)
Train: 217 [   0/195 (  0%)]  Loss:  1.024791 (1.0248)  Time: 0.226s, 1130.73/s  (0.226s, 1130.73/s)  Peak Memory: 8938  LR: 1.855e-04  Data: 0.130 (0.130)
Train: 217 [ 194/195 (100%)]  Loss:  1.033144 (1.0180)  Time: 0.095s, 2691.66/s  (0.104s, 2465.56/s)  Peak Memory: 8938  LR: 1.855e-04  Data: 0.000 (0.008)
Test: [   0/39]  Time: 0.123 (0.123)  Loss:  0.9877 (0.9877)  Acc@1: 77.3438 (77.3438)  Acc@5: 93.3594 (93.3594)
Test: [  39/39]  Time: 0.015 (0.034)  Loss:  0.7860 (1.0145)  Acc@1: 75.0000 (76.3800)  Acc@5: 100.0000 (93.8100)
*** Best metric: 76.62 (epoch 204)
Train: 218 [   0/195 (  0%)]  Loss:  1.037360 (1.0374)  Time: 0.245s, 1044.25/s  (0.245s, 1044.25/s)  Peak Memory: 8938  LR: 1.816e-04  Data: 0.150 (0.150)
Train: 218 [ 194/195 (100%)]  Loss:  0.984848 (1.0180)  Time: 0.095s, 2686.65/s  (0.104s, 2469.28/s)  Peak Memory: 8938  LR: 1.816e-04  Data: 0.000 (0.008)
Test: [   0/39]  Time: 0.103 (0.103)  Loss:  0.9913 (0.9913)  Acc@1: 76.5625 (76.5625)  Acc@5: 93.3594 (93.3594)
Test: [  39/39]  Time: 0.014 (0.034)  Loss:  0.9285 (1.0192)  Acc@1: 75.0000 (75.7900)  Acc@5: 93.7500 (93.9200)
*** Best metric: 76.62 (epoch 204)
Train: 219 [   0/195 (  0%)]  Loss:  1.110051 (1.1101)  Time: 0.233s, 1098.49/s  (0.233s, 1098.49/s)  Peak Memory: 8938  LR: 1.777e-04  Data: 0.132 (0.132)
Train: 219 [ 194/195 (100%)]  Loss:  1.012264 (1.0164)  Time: 0.098s, 2615.89/s  (0.105s, 2436.88/s)  Peak Memory: 8938  LR: 1.777e-04  Data: 0.000 (0.007)
Test: [   0/39]  Time: 0.102 (0.102)  Loss:  0.9420 (0.9420)  Acc@1: 78.1250 (78.1250)  Acc@5: 92.1875 (92.1875)
Test: [  39/39]  Time: 0.012 (0.033)  Loss:  0.7390 (1.0076)  Acc@1: 81.2500 (76.4600)  Acc@5: 100.0000 (93.7700)
*** Best metric: 76.62 (epoch 204)
Train: 220 [   0/195 (  0%)]  Loss:  1.002119 (1.0021)  Time: 0.215s, 1189.66/s  (0.215s, 1189.66/s)  Peak Memory: 8938  LR: 1.738e-04  Data: 0.118 (0.118)
Train: 220 [ 194/195 (100%)]  Loss:  1.013795 (1.0106)  Time: 0.095s, 2693.58/s  (0.106s, 2411.47/s)  Peak Memory: 8938  LR: 1.738e-04  Data: 0.000 (0.008)
Test: [   0/39]  Time: 0.102 (0.102)  Loss:  1.0014 (1.0014)  Acc@1: 76.1719 (76.1719)  Acc@5: 92.9688 (92.9688)
Test: [  39/39]  Time: 0.012 (0.033)  Loss:  0.7514 (1.0155)  Acc@1: 75.0000 (76.3000)  Acc@5: 100.0000 (93.8100)
*** Best metric: 76.62 (epoch 204)
Train: 221 [   0/195 (  0%)]  Loss:  0.993322 (0.9933)  Time: 0.197s, 1302.79/s  (0.197s, 1302.79/s)  Peak Memory: 8938  LR: 1.699e-04  Data: 0.102 (0.102)
Train: 221 [ 194/195 (100%)]  Loss:  1.028411 (1.0164)  Time: 0.099s, 2582.71/s  (0.102s, 2516.69/s)  Peak Memory: 8938  LR: 1.699e-04  Data: 0.000 (0.007)
Test: [   0/39]  Time: 0.099 (0.099)  Loss:  1.0035 (1.0035)  Acc@1: 75.7812 (75.7812)  Acc@5: 93.3594 (93.3594)
Test: [  39/39]  Time: 0.012 (0.033)  Loss:  0.8400 (1.0184)  Acc@1: 75.0000 (76.0800)  Acc@5: 87.5000 (93.4900)
*** Best metric: 76.62 (epoch 204)
Train: 222 [   0/195 (  0%)]  Loss:  1.052175 (1.0522)  Time: 0.223s, 1146.98/s  (0.223s, 1146.98/s)  Peak Memory: 8938  LR: 1.661e-04  Data: 0.128 (0.128)
Train: 222 [ 194/195 (100%)]  Loss:  0.978806 (1.0160)  Time: 0.095s, 2696.77/s  (0.104s, 2463.75/s)  Peak Memory: 8938  LR: 1.661e-04  Data: 0.000 (0.008)
Test: [   0/39]  Time: 0.108 (0.108)  Loss:  0.9846 (0.9846)  Acc@1: 76.5625 (76.5625)  Acc@5: 92.5781 (92.5781)
Test: [  39/39]  Time: 0.012 (0.032)  Loss:  0.7866 (1.0149)  Acc@1: 75.0000 (76.1700)  Acc@5: 93.7500 (93.8600)
*** Best metric: 76.62 (epoch 204)
Train: 223 [   0/195 (  0%)]  Loss:  1.036729 (1.0367)  Time: 0.204s, 1255.24/s  (0.204s, 1255.24/s)  Peak Memory: 8938  LR: 1.624e-04  Data: 0.109 (0.109)
Train: 223 [ 194/195 (100%)]  Loss:  1.032721 (1.0127)  Time: 0.095s, 2685.64/s  (0.102s, 2505.92/s)  Peak Memory: 8938  LR: 1.624e-04  Data: 0.000 (0.007)
Test: [   0/39]  Time: 0.107 (0.107)  Loss:  0.9524 (0.9524)  Acc@1: 78.1250 (78.1250)  Acc@5: 93.3594 (93.3594)
Test: [  39/39]  Time: 0.014 (0.034)  Loss:  0.7171 (1.0157)  Acc@1: 87.5000 (76.1700)  Acc@5: 100.0000 (93.7900)
*** Best metric: 76.62 (epoch 204)
Train: 224 [   0/195 (  0%)]  Loss:  1.012364 (1.0124)  Time: 0.233s, 1098.05/s  (0.233s, 1098.05/s)  Peak Memory: 8938  LR: 1.587e-04  Data: 0.137 (0.137)
Train: 224 [ 194/195 (100%)]  Loss:  1.086667 (1.0148)  Time: 0.095s, 2696.31/s  (0.103s, 2479.48/s)  Peak Memory: 8938  LR: 1.587e-04  Data: 0.000 (0.008)
Test: [   0/39]  Time: 0.149 (0.149)  Loss:  1.0005 (1.0005)  Acc@1: 77.7344 (77.7344)  Acc@5: 93.7500 (93.7500)
Test: [  39/39]  Time: 0.015 (0.035)  Loss:  0.7442 (1.0198)  Acc@1: 81.2500 (75.8300)  Acc@5: 100.0000 (93.7600)
*** Best metric: 76.62 (epoch 204)
Train: 225 [   0/195 (  0%)]  Loss:  0.979135 (0.9791)  Time: 0.209s, 1222.61/s  (0.209s, 1222.61/s)  Peak Memory: 8938  LR: 1.550e-04  Data: 0.110 (0.110)
Train: 225 [ 194/195 (100%)]  Loss:  1.021477 (1.0078)  Time: 0.095s, 2702.07/s  (0.103s, 2476.92/s)  Peak Memory: 8938  LR: 1.550e-04  Data: 0.000 (0.008)
Test: [   0/39]  Time: 0.101 (0.101)  Loss:  0.9785 (0.9785)  Acc@1: 76.9531 (76.9531)  Acc@5: 91.7969 (91.7969)
Test: [  39/39]  Time: 0.012 (0.032)  Loss:  0.8020 (1.0079)  Acc@1: 75.0000 (76.4500)  Acc@5: 87.5000 (93.9000)
*** Best metric: 76.62 (epoch 204)
Train: 226 [   0/195 (  0%)]  Loss:  1.077188 (1.0772)  Time: 0.211s, 1215.44/s  (0.211s, 1215.44/s)  Peak Memory: 8938  LR: 1.513e-04  Data: 0.110 (0.110)
Train: 226 [ 194/195 (100%)]  Loss:  1.039173 (1.0131)  Time: 0.096s, 2676.20/s  (0.102s, 2510.37/s)  Peak Memory: 8938  LR: 1.513e-04  Data: 0.000 (0.007)
Test: [   0/39]  Time: 0.179 (0.179)  Loss:  0.9519 (0.9519)  Acc@1: 78.5156 (78.5156)  Acc@5: 93.3594 (93.3594)
Test: [  39/39]  Time: 0.014 (0.036)  Loss:  0.7583 (1.0120)  Acc@1: 81.2500 (76.2800)  Acc@5: 93.7500 (93.6800)
*** Best metric: 76.62 (epoch 204)
Train: 227 [   0/195 (  0%)]  Loss:  1.032359 (1.0324)  Time: 0.249s, 1028.48/s  (0.249s, 1028.48/s)  Peak Memory: 8938  LR: 1.477e-04  Data: 0.154 (0.154)
Train: 227 [ 194/195 (100%)]  Loss:  1.104056 (1.0163)  Time: 0.095s, 2696.67/s  (0.103s, 2479.11/s)  Peak Memory: 8938  LR: 1.477e-04  Data: 0.000 (0.008)
Test: [   0/39]  Time: 0.102 (0.102)  Loss:  0.9988 (0.9988)  Acc@1: 76.1719 (76.1719)  Acc@5: 93.3594 (93.3594)
Test: [  39/39]  Time: 0.017 (0.033)  Loss:  0.7735 (1.0124)  Acc@1: 75.0000 (76.6400)  Acc@5: 93.7500 (93.6900)
*** Best metric: 76.64 (epoch 227)
Train: 228 [   0/195 (  0%)]  Loss:  1.012176 (1.0122)  Time: 0.212s, 1205.56/s  (0.212s, 1205.56/s)  Peak Memory: 8938  LR: 1.442e-04  Data: 0.118 (0.118)
Train: 228 [ 194/195 (100%)]  Loss:  1.016419 (1.0155)  Time: 0.101s, 2530.74/s  (0.104s, 2455.15/s)  Peak Memory: 8938  LR: 1.442e-04  Data: 0.000 (0.008)
Test: [   0/39]  Time: 0.119 (0.119)  Loss:  1.0043 (1.0043)  Acc@1: 79.6875 (79.6875)  Acc@5: 92.5781 (92.5781)
Test: [  39/39]  Time: 0.012 (0.033)  Loss:  0.6823 (1.0130)  Acc@1: 87.5000 (76.5000)  Acc@5: 93.7500 (93.9200)
*** Best metric: 76.64 (epoch 227)
Train: 229 [   0/195 (  0%)]  Loss:  1.023096 (1.0231)  Time: 0.204s, 1256.73/s  (0.204s, 1256.73/s)  Peak Memory: 8938  LR: 1.406e-04  Data: 0.105 (0.105)
Train: 229 [ 194/195 (100%)]  Loss:  1.012664 (1.0091)  Time: 0.095s, 2695.11/s  (0.104s, 2471.08/s)  Peak Memory: 8938  LR: 1.406e-04  Data: 0.000 (0.007)
Test: [   0/39]  Time: 0.132 (0.132)  Loss:  0.9741 (0.9741)  Acc@1: 78.9062 (78.9062)  Acc@5: 93.3594 (93.3594)
Test: [  39/39]  Time: 0.011 (0.033)  Loss:  0.7898 (1.0147)  Acc@1: 75.0000 (76.4100)  Acc@5: 93.7500 (93.9200)
*** Best metric: 76.64 (epoch 227)
Train: 230 [   0/195 (  0%)]  Loss:  0.986531 (0.9865)  Time: 0.214s, 1195.22/s  (0.214s, 1195.22/s)  Peak Memory: 8938  LR: 1.371e-04  Data: 0.119 (0.119)
Train: 230 [ 194/195 (100%)]  Loss:  1.025421 (1.0124)  Time: 0.095s, 2702.20/s  (0.102s, 2503.50/s)  Peak Memory: 8938  LR: 1.371e-04  Data: 0.000 (0.007)
Test: [   0/39]  Time: 0.107 (0.107)  Loss:  1.0010 (1.0010)  Acc@1: 76.5625 (76.5625)  Acc@5: 93.3594 (93.3594)
Test: [  39/39]  Time: 0.015 (0.033)  Loss:  0.9334 (1.0195)  Acc@1: 75.0000 (76.3400)  Acc@5: 93.7500 (93.7200)
*** Best metric: 76.64 (epoch 227)
Train: 231 [   0/195 (  0%)]  Loss:  0.999101 (0.9991)  Time: 0.219s, 1168.90/s  (0.219s, 1168.90/s)  Peak Memory: 8938  LR: 1.337e-04  Data: 0.124 (0.124)
Train: 231 [ 194/195 (100%)]  Loss:  1.061421 (1.0106)  Time: 0.099s, 2578.70/s  (0.103s, 2477.50/s)  Peak Memory: 8938  LR: 1.337e-04  Data: 0.000 (0.008)
Test: [   0/39]  Time: 0.107 (0.107)  Loss:  0.9769 (0.9769)  Acc@1: 77.7344 (77.7344)  Acc@5: 92.9688 (92.9688)
Test: [  39/39]  Time: 0.014 (0.034)  Loss:  0.8248 (1.0095)  Acc@1: 75.0000 (76.6500)  Acc@5: 93.7500 (93.6800)
*** Best metric: 76.65 (epoch 231)
Train: 232 [   0/195 (  0%)]  Loss:  0.950008 (0.9500)  Time: 0.256s, 1001.02/s  (0.256s, 1001.02/s)  Peak Memory: 8938  LR: 1.303e-04  Data: 0.155 (0.155)
Train: 232 [ 194/195 (100%)]  Loss:  0.971932 (1.0061)  Time: 0.097s, 2649.57/s  (0.104s, 2450.09/s)  Peak Memory: 8938  LR: 1.303e-04  Data: 0.000 (0.008)
Test: [   0/39]  Time: 0.122 (0.122)  Loss:  0.9499 (0.9499)  Acc@1: 78.5156 (78.5156)  Acc@5: 93.7500 (93.7500)
Test: [  39/39]  Time: 0.011 (0.034)  Loss:  0.7381 (1.0089)  Acc@1: 75.0000 (76.5200)  Acc@5: 100.0000 (93.9000)
*** Best metric: 76.65 (epoch 231)
Train: 233 [   0/195 (  0%)]  Loss:  0.957045 (0.9570)  Time: 0.215s, 1189.59/s  (0.215s, 1189.59/s)  Peak Memory: 8938  LR: 1.269e-04  Data: 0.115 (0.115)
Train: 233 [ 194/195 (100%)]  Loss:  1.023052 (1.0109)  Time: 0.095s, 2685.49/s  (0.103s, 2493.25/s)  Peak Memory: 8938  LR: 1.269e-04  Data: 0.000 (0.007)
Test: [   0/39]  Time: 0.116 (0.116)  Loss:  0.9874 (0.9874)  Acc@1: 78.1250 (78.1250)  Acc@5: 92.1875 (92.1875)
Test: [  39/39]  Time: 0.008 (0.033)  Loss:  0.7353 (1.0146)  Acc@1: 81.2500 (76.5300)  Acc@5: 100.0000 (93.7900)
*** Best metric: 76.65 (epoch 231)
Train: 234 [   0/195 (  0%)]  Loss:  1.001949 (1.0019)  Time: 0.219s, 1170.97/s  (0.219s, 1170.97/s)  Peak Memory: 8938  LR: 1.236e-04  Data: 0.124 (0.124)
Train: 234 [ 194/195 (100%)]  Loss:  1.041831 (1.0119)  Time: 0.095s, 2688.82/s  (0.103s, 2479.54/s)  Peak Memory: 8938  LR: 1.236e-04  Data: 0.000 (0.007)
Test: [   0/39]  Time: 0.136 (0.136)  Loss:  0.9697 (0.9697)  Acc@1: 76.9531 (76.9531)  Acc@5: 92.1875 (92.1875)
Test: [  39/39]  Time: 0.012 (0.033)  Loss:  0.8444 (1.0069)  Acc@1: 75.0000 (76.3800)  Acc@5: 100.0000 (93.9800)
*** Best metric: 76.65 (epoch 231)
Train: 235 [   0/195 (  0%)]  Loss:  1.052264 (1.0523)  Time: 0.242s, 1056.28/s  (0.242s, 1056.28/s)  Peak Memory: 8938  LR: 1.203e-04  Data: 0.142 (0.142)
Train: 235 [ 194/195 (100%)]  Loss:  1.008144 (1.0087)  Time: 0.095s, 2696.16/s  (0.102s, 2515.85/s)  Peak Memory: 8938  LR: 1.203e-04  Data: 0.000 (0.007)
Test: [   0/39]  Time: 0.138 (0.138)  Loss:  0.9679 (0.9679)  Acc@1: 76.9531 (76.9531)  Acc@5: 93.3594 (93.3594)
Test: [  39/39]  Time: 0.012 (0.034)  Loss:  0.7971 (1.0143)  Acc@1: 75.0000 (76.1900)  Acc@5: 100.0000 (94.0500)
*** Best metric: 76.65 (epoch 231)
Train: 236 [   0/195 (  0%)]  Loss:  0.980991 (0.9810)  Time: 0.201s, 1272.06/s  (0.201s, 1272.06/s)  Peak Memory: 8938  LR: 1.171e-04  Data: 0.106 (0.106)
Train: 236 [ 194/195 (100%)]  Loss:  1.035692 (1.0098)  Time: 0.095s, 2703.69/s  (0.103s, 2492.91/s)  Peak Memory: 8938  LR: 1.171e-04  Data: 0.000 (0.007)
Test: [   0/39]  Time: 0.126 (0.126)  Loss:  0.9647 (0.9647)  Acc@1: 79.2969 (79.2969)  Acc@5: 93.3594 (93.3594)
Test: [  39/39]  Time: 0.014 (0.034)  Loss:  0.6744 (1.0174)  Acc@1: 81.2500 (76.4200)  Acc@5: 93.7500 (93.6800)
*** Best metric: 76.65 (epoch 231)
Train: 237 [   0/195 (  0%)]  Loss:  1.002647 (1.0026)  Time: 0.209s, 1226.14/s  (0.209s, 1226.14/s)  Peak Memory: 8938  LR: 1.139e-04  Data: 0.114 (0.114)
Train: 237 [ 194/195 (100%)]  Loss:  1.047318 (1.0099)  Time: 0.096s, 2655.65/s  (0.103s, 2496.79/s)  Peak Memory: 8938  LR: 1.139e-04  Data: 0.000 (0.007)
Test: [   0/39]  Time: 0.108 (0.108)  Loss:  0.9674 (0.9674)  Acc@1: 76.5625 (76.5625)  Acc@5: 93.7500 (93.7500)
Test: [  39/39]  Time: 0.012 (0.033)  Loss:  0.7602 (1.0102)  Acc@1: 81.2500 (76.3400)  Acc@5: 100.0000 (93.9000)
*** Best metric: 76.65 (epoch 231)
Train: 238 [   0/195 (  0%)]  Loss:  0.970400 (0.9704)  Time: 0.210s, 1220.92/s  (0.210s, 1220.92/s)  Peak Memory: 8938  LR: 1.107e-04  Data: 0.114 (0.114)
Train: 238 [ 194/195 (100%)]  Loss:  0.988158 (1.0068)  Time: 0.095s, 2703.57/s  (0.105s, 2449.17/s)  Peak Memory: 8938  LR: 1.107e-04  Data: 0.000 (0.008)
Test: [   0/39]  Time: 0.096 (0.096)  Loss:  0.9972 (0.9972)  Acc@1: 78.5156 (78.5156)  Acc@5: 92.9688 (92.9688)
Test: [  39/39]  Time: 0.012 (0.032)  Loss:  0.6703 (1.0133)  Acc@1: 81.2500 (76.6700)  Acc@5: 100.0000 (93.9200)
*** Best metric: 76.67 (epoch 238)
Train: 239 [   0/195 (  0%)]  Loss:  0.958069 (0.9581)  Time: 0.199s, 1288.30/s  (0.199s, 1288.30/s)  Peak Memory: 8938  LR: 1.076e-04  Data: 0.104 (0.104)
Train: 239 [ 194/195 (100%)]  Loss:  1.064424 (1.0077)  Time: 0.095s, 2688.64/s  (0.101s, 2532.05/s)  Peak Memory: 8938  LR: 1.076e-04  Data: 0.000 (0.006)
Test: [   0/39]  Time: 0.130 (0.130)  Loss:  0.9383 (0.9383)  Acc@1: 78.1250 (78.1250)  Acc@5: 92.5781 (92.5781)
Test: [  39/39]  Time: 0.014 (0.035)  Loss:  1.0071 (1.0112)  Acc@1: 75.0000 (76.5000)  Acc@5: 100.0000 (93.9400)
*** Best metric: 76.67 (epoch 238)
Train: 240 [   0/195 (  0%)]  Loss:  0.925858 (0.9259)  Time: 0.242s, 1059.94/s  (0.242s, 1059.94/s)  Peak Memory: 8938  LR: 1.045e-04  Data: 0.146 (0.146)
Train: 240 [ 194/195 (100%)]  Loss:  0.984535 (1.0075)  Time: 0.095s, 2688.89/s  (0.103s, 2480.35/s)  Peak Memory: 8938  LR: 1.045e-04  Data: 0.000 (0.008)
Test: [   0/39]  Time: 0.117 (0.117)  Loss:  1.0058 (1.0058)  Acc@1: 78.5156 (78.5156)  Acc@5: 93.3594 (93.3594)
Test: [  39/39]  Time: 0.014 (0.035)  Loss:  0.8144 (1.0156)  Acc@1: 81.2500 (76.3100)  Acc@5: 93.7500 (93.9500)
*** Best metric: 76.67 (epoch 238)
Train: 241 [   0/195 (  0%)]  Loss:  0.974408 (0.9744)  Time: 0.216s, 1187.33/s  (0.216s, 1187.33/s)  Peak Memory: 8938  LR: 1.015e-04  Data: 0.116 (0.116)
Train: 241 [ 194/195 (100%)]  Loss:  1.001384 (1.0091)  Time: 0.095s, 2703.77/s  (0.102s, 2498.14/s)  Peak Memory: 8938  LR: 1.015e-04  Data: 0.000 (0.007)
Test: [   0/39]  Time: 0.093 (0.093)  Loss:  1.0000 (1.0000)  Acc@1: 76.5625 (76.5625)  Acc@5: 92.9688 (92.9688)
Test: [  39/39]  Time: 0.012 (0.032)  Loss:  0.7760 (1.0102)  Acc@1: 81.2500 (76.3600)  Acc@5: 93.7500 (93.9300)
*** Best metric: 76.67 (epoch 238)
Train: 242 [   0/195 (  0%)]  Loss:  1.048383 (1.0484)  Time: 0.222s, 1154.36/s  (0.222s, 1154.36/s)  Peak Memory: 8938  LR: 9.853e-05  Data: 0.126 (0.126)
Train: 242 [ 194/195 (100%)]  Loss:  1.055269 (1.0080)  Time: 0.095s, 2681.87/s  (0.103s, 2490.75/s)  Peak Memory: 8938  LR: 9.853e-05  Data: 0.000 (0.007)
Test: [   0/39]  Time: 0.147 (0.147)  Loss:  0.9631 (0.9631)  Acc@1: 78.9062 (78.9062)  Acc@5: 91.0156 (91.0156)
Test: [  39/39]  Time: 0.014 (0.034)  Loss:  0.8588 (1.0170)  Acc@1: 81.2500 (76.0600)  Acc@5: 100.0000 (93.4800)
*** Best metric: 76.67 (epoch 238)
Train: 243 [   0/195 (  0%)]  Loss:  1.046086 (1.0461)  Time: 0.233s, 1096.37/s  (0.233s, 1096.37/s)  Peak Memory: 8938  LR: 9.560e-05  Data: 0.137 (0.137)
Train: 243 [ 194/195 (100%)]  Loss:  0.986901 (1.0048)  Time: 0.101s, 2540.82/s  (0.104s, 2451.74/s)  Peak Memory: 8938  LR: 9.560e-05  Data: 0.000 (0.008)
Test: [   0/39]  Time: 0.182 (0.182)  Loss:  0.9699 (0.9699)  Acc@1: 79.6875 (79.6875)  Acc@5: 94.1406 (94.1406)
Test: [  39/39]  Time: 0.015 (0.036)  Loss:  0.8749 (1.0124)  Acc@1: 75.0000 (76.4300)  Acc@5: 100.0000 (93.9700)
*** Best metric: 76.67 (epoch 238)
Train: 244 [   0/195 (  0%)]  Loss:  1.071668 (1.0717)  Time: 0.231s, 1110.28/s  (0.231s, 1110.28/s)  Peak Memory: 8938  LR: 9.270e-05  Data: 0.134 (0.134)
Train: 244 [ 194/195 (100%)]  Loss:  1.039144 (1.0058)  Time: 0.095s, 2702.75/s  (0.103s, 2477.41/s)  Peak Memory: 8938  LR: 9.270e-05  Data: 0.000 (0.008)
Test: [   0/39]  Time: 0.134 (0.134)  Loss:  0.9775 (0.9775)  Acc@1: 77.7344 (77.7344)  Acc@5: 93.7500 (93.7500)
Test: [  39/39]  Time: 0.012 (0.033)  Loss:  0.9898 (1.0132)  Acc@1: 75.0000 (76.2100)  Acc@5: 93.7500 (93.9800)
*** Best metric: 76.67 (epoch 238)
Train: 245 [   0/195 (  0%)]  Loss:  1.072962 (1.0730)  Time: 0.215s, 1192.06/s  (0.215s, 1192.06/s)  Peak Memory: 8938  LR: 8.986e-05  Data: 0.119 (0.119)
Train: 245 [ 194/195 (100%)]  Loss:  1.054711 (1.0092)  Time: 0.095s, 2708.92/s  (0.102s, 2515.56/s)  Peak Memory: 8938  LR: 8.986e-05  Data: 0.000 (0.007)
Test: [   0/39]  Time: 0.104 (0.104)  Loss:  0.9836 (0.9836)  Acc@1: 78.1250 (78.1250)  Acc@5: 92.5781 (92.5781)
Test: [  39/39]  Time: 0.008 (0.032)  Loss:  0.6906 (1.0087)  Acc@1: 81.2500 (76.4300)  Acc@5: 100.0000 (93.8600)
*** Best metric: 76.67 (epoch 238)
Train: 246 [   0/195 (  0%)]  Loss:  1.007680 (1.0077)  Time: 0.213s, 1201.22/s  (0.213s, 1201.22/s)  Peak Memory: 8938  LR: 8.706e-05  Data: 0.117 (0.117)
Train: 246 [ 194/195 (100%)]  Loss:  1.020918 (1.0003)  Time: 0.095s, 2693.75/s  (0.103s, 2484.50/s)  Peak Memory: 8938  LR: 8.706e-05  Data: 0.000 (0.008)
Test: [   0/39]  Time: 0.100 (0.100)  Loss:  0.9949 (0.9949)  Acc@1: 77.3438 (77.3438)  Acc@5: 92.1875 (92.1875)
Test: [  39/39]  Time: 0.012 (0.032)  Loss:  0.8858 (1.0130)  Acc@1: 81.2500 (76.2200)  Acc@5: 87.5000 (93.8800)
*** Best metric: 76.67 (epoch 238)
Train: 247 [   0/195 (  0%)]  Loss:  0.998234 (0.9982)  Time: 0.220s, 1165.97/s  (0.220s, 1165.97/s)  Peak Memory: 8938  LR: 8.430e-05  Data: 0.124 (0.124)
Train: 247 [ 194/195 (100%)]  Loss:  1.059581 (1.0067)  Time: 0.095s, 2690.15/s  (0.104s, 2464.38/s)  Peak Memory: 8938  LR: 8.430e-05  Data: 0.000 (0.008)
Test: [   0/39]  Time: 0.114 (0.114)  Loss:  0.9639 (0.9639)  Acc@1: 78.5156 (78.5156)  Acc@5: 93.7500 (93.7500)
Test: [  39/39]  Time: 0.010 (0.034)  Loss:  1.0371 (1.0100)  Acc@1: 75.0000 (76.2200)  Acc@5: 87.5000 (93.8300)
*** Best metric: 76.67 (epoch 238)
Train: 248 [   0/195 (  0%)]  Loss:  1.020062 (1.0201)  Time: 0.212s, 1206.81/s  (0.212s, 1206.81/s)  Peak Memory: 8938  LR: 8.159e-05  Data: 0.116 (0.116)
Train: 248 [ 194/195 (100%)]  Loss:  1.031385 (1.0146)  Time: 0.095s, 2690.09/s  (0.103s, 2480.34/s)  Peak Memory: 8938  LR: 8.159e-05  Data: 0.000 (0.008)
Test: [   0/39]  Time: 0.110 (0.110)  Loss:  0.9848 (0.9848)  Acc@1: 76.9531 (76.9531)  Acc@5: 92.1875 (92.1875)
Test: [  39/39]  Time: 0.012 (0.034)  Loss:  1.0370 (1.0139)  Acc@1: 75.0000 (76.1800)  Acc@5: 87.5000 (93.9100)
*** Best metric: 76.67 (epoch 238)
Train: 249 [   0/195 (  0%)]  Loss:  1.007710 (1.0077)  Time: 0.207s, 1237.88/s  (0.207s, 1237.88/s)  Peak Memory: 8938  LR: 7.893e-05  Data: 0.107 (0.107)
Train: 249 [ 194/195 (100%)]  Loss:  0.992680 (1.0098)  Time: 0.095s, 2690.25/s  (0.103s, 2477.68/s)  Peak Memory: 8938  LR: 7.893e-05  Data: 0.000 (0.007)
Test: [   0/39]  Time: 0.105 (0.105)  Loss:  0.9662 (0.9662)  Acc@1: 77.3438 (77.3438)  Acc@5: 92.9688 (92.9688)
Test: [  39/39]  Time: 0.012 (0.033)  Loss:  0.6571 (1.0090)  Acc@1: 81.2500 (76.4300)  Acc@5: 93.7500 (93.9100)
*** Best metric: 76.67 (epoch 238)
Train: 250 [   0/195 (  0%)]  Loss:  1.049613 (1.0496)  Time: 0.202s, 1264.54/s  (0.202s, 1264.54/s)  Peak Memory: 8938  LR: 7.632e-05  Data: 0.107 (0.107)
Train: 250 [ 194/195 (100%)]  Loss:  0.977562 (1.0058)  Time: 0.095s, 2690.08/s  (0.103s, 2495.96/s)  Peak Memory: 8938  LR: 7.632e-05  Data: 0.000 (0.007)
Test: [   0/39]  Time: 0.113 (0.113)  Loss:  0.9918 (0.9918)  Acc@1: 77.3438 (77.3438)  Acc@5: 92.5781 (92.5781)
Test: [  39/39]  Time: 0.015 (0.034)  Loss:  0.7114 (1.0058)  Acc@1: 75.0000 (76.4000)  Acc@5: 100.0000 (94.0900)
*** Best metric: 76.67 (epoch 238)
Train: 251 [   0/195 (  0%)]  Loss:  1.061693 (1.0617)  Time: 0.248s, 1033.48/s  (0.248s, 1033.48/s)  Peak Memory: 8938  LR: 7.375e-05  Data: 0.149 (0.149)
Train: 251 [ 194/195 (100%)]  Loss:  1.057034 (1.0058)  Time: 0.095s, 2698.78/s  (0.104s, 2453.55/s)  Peak Memory: 8938  LR: 7.375e-05  Data: 0.000 (0.008)
Test: [   0/39]  Time: 0.101 (0.101)  Loss:  0.9822 (0.9822)  Acc@1: 77.7344 (77.7344)  Acc@5: 93.3594 (93.3594)
Test: [  39/39]  Time: 0.014 (0.033)  Loss:  0.8988 (1.0099)  Acc@1: 81.2500 (76.6100)  Acc@5: 93.7500 (93.8200)
*** Best metric: 76.67 (epoch 238)
Train: 252 [   0/195 (  0%)]  Loss:  0.940525 (0.9405)  Time: 0.213s, 1201.57/s  (0.213s, 1201.57/s)  Peak Memory: 8938  LR: 7.123e-05  Data: 0.118 (0.118)
Train: 252 [ 194/195 (100%)]  Loss:  0.976795 (1.0032)  Time: 0.095s, 2689.77/s  (0.104s, 2470.99/s)  Peak Memory: 8938  LR: 7.123e-05  Data: 0.000 (0.008)
Test: [   0/39]  Time: 0.111 (0.111)  Loss:  0.9835 (0.9835)  Acc@1: 76.9531 (76.9531)  Acc@5: 92.9688 (92.9688)
Test: [  39/39]  Time: 0.014 (0.034)  Loss:  0.7568 (1.0114)  Acc@1: 75.0000 (76.2200)  Acc@5: 93.7500 (93.9700)
*** Best metric: 76.67 (epoch 238)
Train: 253 [   0/195 (  0%)]  Loss:  1.019525 (1.0195)  Time: 0.232s, 1105.31/s  (0.232s, 1105.31/s)  Peak Memory: 8938  LR: 6.875e-05  Data: 0.132 (0.132)
Train: 253 [ 194/195 (100%)]  Loss:  1.009277 (1.0019)  Time: 0.098s, 2606.50/s  (0.104s, 2462.15/s)  Peak Memory: 8938  LR: 6.875e-05  Data: 0.000 (0.007)
Test: [   0/39]  Time: 0.109 (0.109)  Loss:  0.9785 (0.9785)  Acc@1: 77.3438 (77.3438)  Acc@5: 93.3594 (93.3594)
Test: [  39/39]  Time: 0.008 (0.033)  Loss:  0.7046 (1.0025)  Acc@1: 81.2500 (76.5200)  Acc@5: 100.0000 (93.8900)
*** Best metric: 76.67 (epoch 238)
Train: 254 [   0/195 (  0%)]  Loss:  0.966650 (0.9667)  Time: 0.201s, 1270.60/s  (0.201s, 1270.60/s)  Peak Memory: 8938  LR: 6.633e-05  Data: 0.103 (0.103)
Train: 254 [ 194/195 (100%)]  Loss:  1.013470 (1.0025)  Time: 0.094s, 2709.88/s  (0.102s, 2498.56/s)  Peak Memory: 8938  LR: 6.633e-05  Data: 0.000 (0.007)
Test: [   0/39]  Time: 0.099 (0.099)  Loss:  0.9602 (0.9602)  Acc@1: 78.1250 (78.1250)  Acc@5: 92.5781 (92.5781)
Test: [  39/39]  Time: 0.008 (0.032)  Loss:  0.8228 (1.0153)  Acc@1: 81.2500 (76.4500)  Acc@5: 100.0000 (93.5000)
*** Best metric: 76.67 (epoch 238)
Train: 255 [   0/195 (  0%)]  Loss:  1.015948 (1.0159)  Time: 0.226s, 1131.01/s  (0.226s, 1131.01/s)  Peak Memory: 8938  LR: 6.395e-05  Data: 0.131 (0.131)
Train: 255 [ 194/195 (100%)]  Loss:  1.015134 (1.0019)  Time: 0.095s, 2688.67/s  (0.102s, 2501.08/s)  Peak Memory: 8938  LR: 6.395e-05  Data: 0.000 (0.007)
Test: [   0/39]  Time: 0.107 (0.107)  Loss:  0.9874 (0.9874)  Acc@1: 77.7344 (77.7344)  Acc@5: 92.9688 (92.9688)
Test: [  39/39]  Time: 0.014 (0.033)  Loss:  0.7210 (1.0159)  Acc@1: 75.0000 (75.9900)  Acc@5: 100.0000 (93.8000)
*** Best metric: 76.67 (epoch 238)
Train: 256 [   0/195 (  0%)]  Loss:  0.985069 (0.9851)  Time: 0.251s, 1021.75/s  (0.251s, 1021.75/s)  Peak Memory: 8938  LR: 6.162e-05  Data: 0.156 (0.156)
Train: 256 [ 194/195 (100%)]  Loss:  1.033393 (1.0014)  Time: 0.095s, 2702.71/s  (0.103s, 2477.46/s)  Peak Memory: 8938  LR: 6.162e-05  Data: 0.000 (0.008)
Test: [   0/39]  Time: 0.100 (0.100)  Loss:  1.0094 (1.0094)  Acc@1: 77.3438 (77.3438)  Acc@5: 93.3594 (93.3594)
Test: [  39/39]  Time: 0.008 (0.032)  Loss:  0.6998 (1.0201)  Acc@1: 81.2500 (76.1100)  Acc@5: 100.0000 (93.8800)
*** Best metric: 76.67 (epoch 238)
Train: 257 [   0/195 (  0%)]  Loss:  0.991918 (0.9919)  Time: 0.222s, 1155.29/s  (0.222s, 1155.29/s)  Peak Memory: 8938  LR: 5.934e-05  Data: 0.127 (0.127)
Train: 257 [ 194/195 (100%)]  Loss:  1.082266 (1.0071)  Time: 0.095s, 2708.89/s  (0.102s, 2498.20/s)  Peak Memory: 8938  LR: 5.934e-05  Data: 0.000 (0.007)
Test: [   0/39]  Time: 0.104 (0.104)  Loss:  0.9858 (0.9858)  Acc@1: 77.3438 (77.3438)  Acc@5: 92.9688 (92.9688)
Test: [  39/39]  Time: 0.014 (0.033)  Loss:  0.8268 (1.0165)  Acc@1: 75.0000 (75.9000)  Acc@5: 93.7500 (93.8800)
*** Best metric: 76.67 (epoch 238)
Train: 258 [   0/195 (  0%)]  Loss:  1.028604 (1.0286)  Time: 0.211s, 1211.32/s  (0.211s, 1211.32/s)  Peak Memory: 8938  LR: 5.711e-05  Data: 0.117 (0.117)
Train: 258 [ 194/195 (100%)]  Loss:  0.898521 (1.0015)  Time: 0.095s, 2687.08/s  (0.104s, 2456.47/s)  Peak Memory: 8938  LR: 5.711e-05  Data: 0.000 (0.008)
Test: [   0/39]  Time: 0.096 (0.096)  Loss:  0.9957 (0.9957)  Acc@1: 77.3438 (77.3438)  Acc@5: 93.3594 (93.3594)
Test: [  39/39]  Time: 0.012 (0.032)  Loss:  0.8999 (1.0163)  Acc@1: 75.0000 (76.4400)  Acc@5: 100.0000 (93.6700)
*** Best metric: 76.67 (epoch 238)
Train: 259 [   0/195 (  0%)]  Loss:  1.044200 (1.0442)  Time: 0.202s, 1268.16/s  (0.202s, 1268.16/s)  Peak Memory: 8938  LR: 5.493e-05  Data: 0.107 (0.107)
Train: 259 [ 194/195 (100%)]  Loss:  0.946770 (1.0046)  Time: 0.095s, 2681.63/s  (0.103s, 2481.51/s)  Peak Memory: 8938  LR: 5.493e-05  Data: 0.000 (0.008)
Test: [   0/39]  Time: 0.119 (0.119)  Loss:  1.0229 (1.0229)  Acc@1: 78.5156 (78.5156)  Acc@5: 91.7969 (91.7969)
Test: [  39/39]  Time: 0.015 (0.034)  Loss:  0.9374 (1.0131)  Acc@1: 75.0000 (76.3900)  Acc@5: 100.0000 (93.8100)
*** Best metric: 76.67 (epoch 238)
Train: 260 [   0/195 (  0%)]  Loss:  0.949516 (0.9495)  Time: 0.221s, 1158.85/s  (0.221s, 1158.85/s)  Peak Memory: 8938  LR: 5.279e-05  Data: 0.125 (0.125)
Train: 260 [ 194/195 (100%)]  Loss:  0.997111 (1.0077)  Time: 0.095s, 2686.43/s  (0.103s, 2481.88/s)  Peak Memory: 8938  LR: 5.279e-05  Data: 0.000 (0.008)
Test: [   0/39]  Time: 0.108 (0.108)  Loss:  0.9861 (0.9861)  Acc@1: 76.5625 (76.5625)  Acc@5: 94.5312 (94.5312)
Test: [  39/39]  Time: 0.014 (0.034)  Loss:  0.7857 (1.0118)  Acc@1: 81.2500 (76.2000)  Acc@5: 93.7500 (93.8000)
*** Best metric: 76.67 (epoch 238)
Train: 261 [   0/195 (  0%)]  Loss:  1.009519 (1.0095)  Time: 0.233s, 1100.63/s  (0.233s, 1100.63/s)  Peak Memory: 8938  LR: 5.071e-05  Data: 0.137 (0.137)
Train: 261 [ 194/195 (100%)]  Loss:  0.965917 (1.0064)  Time: 0.095s, 2689.84/s  (0.104s, 2450.22/s)  Peak Memory: 8938  LR: 5.071e-05  Data: 0.000 (0.008)
Test: [   0/39]  Time: 0.173 (0.173)  Loss:  0.9800 (0.9800)  Acc@1: 78.1250 (78.1250)  Acc@5: 93.7500 (93.7500)
Test: [  39/39]  Time: 0.015 (0.036)  Loss:  0.8893 (1.0201)  Acc@1: 75.0000 (76.0000)  Acc@5: 100.0000 (93.6900)
*** Best metric: 76.67 (epoch 238)
Train: 262 [   0/195 (  0%)]  Loss:  0.943728 (0.9437)  Time: 0.250s, 1023.49/s  (0.250s, 1023.49/s)  Peak Memory: 8938  LR: 4.868e-05  Data: 0.151 (0.151)
Train: 262 [ 194/195 (100%)]  Loss:  1.036502 (1.0055)  Time: 0.095s, 2690.36/s  (0.104s, 2458.43/s)  Peak Memory: 8938  LR: 4.868e-05  Data: 0.000 (0.008)
Test: [   0/39]  Time: 0.160 (0.160)  Loss:  0.9829 (0.9829)  Acc@1: 78.5156 (78.5156)  Acc@5: 93.7500 (93.7500)
Test: [  39/39]  Time: 0.014 (0.036)  Loss:  0.8245 (1.0119)  Acc@1: 75.0000 (76.5100)  Acc@5: 100.0000 (93.7900)
*** Best metric: 76.67 (epoch 238)
Train: 263 [   0/195 (  0%)]  Loss:  0.992926 (0.9929)  Time: 0.227s, 1127.13/s  (0.227s, 1127.13/s)  Peak Memory: 8938  LR: 4.669e-05  Data: 0.128 (0.128)
Train: 263 [ 194/195 (100%)]  Loss:  1.005044 (1.0051)  Time: 0.095s, 2692.77/s  (0.105s, 2440.46/s)  Peak Memory: 8938  LR: 4.669e-05  Data: 0.000 (0.007)
Test: [   0/39]  Time: 0.136 (0.136)  Loss:  0.9574 (0.9574)  Acc@1: 77.7344 (77.7344)  Acc@5: 94.1406 (94.1406)
Test: [  39/39]  Time: 0.014 (0.034)  Loss:  0.8386 (1.0055)  Acc@1: 75.0000 (76.3200)  Acc@5: 100.0000 (93.9300)
*** Best metric: 76.67 (epoch 238)
Train: 264 [   0/195 (  0%)]  Loss:  1.016738 (1.0167)  Time: 0.223s, 1145.47/s  (0.223s, 1145.47/s)  Peak Memory: 8938  LR: 4.476e-05  Data: 0.125 (0.125)
Train: 264 [ 194/195 (100%)]  Loss:  0.988610 (1.0048)  Time: 0.095s, 2701.40/s  (0.103s, 2473.81/s)  Peak Memory: 8938  LR: 4.476e-05  Data: 0.000 (0.008)
Test: [   0/39]  Time: 0.101 (0.101)  Loss:  1.0057 (1.0057)  Acc@1: 77.3438 (77.3438)  Acc@5: 94.1406 (94.1406)
Test: [  39/39]  Time: 0.011 (0.032)  Loss:  0.8832 (1.0107)  Acc@1: 75.0000 (76.1800)  Acc@5: 100.0000 (93.7400)
*** Best metric: 76.67 (epoch 238)
Train: 265 [   0/195 (  0%)]  Loss:  1.009520 (1.0095)  Time: 0.240s, 1067.68/s  (0.240s, 1067.68/s)  Peak Memory: 8938  LR: 4.288e-05  Data: 0.143 (0.143)
Train: 265 [ 194/195 (100%)]  Loss:  0.998732 (1.0047)  Time: 0.095s, 2686.52/s  (0.104s, 2473.26/s)  Peak Memory: 8938  LR: 4.288e-05  Data: 0.000 (0.008)
Test: [   0/39]  Time: 0.110 (0.110)  Loss:  0.9728 (0.9728)  Acc@1: 77.7344 (77.7344)  Acc@5: 93.3594 (93.3594)
Test: [  39/39]  Time: 0.014 (0.033)  Loss:  0.7002 (1.0122)  Acc@1: 81.2500 (76.2800)  Acc@5: 93.7500 (94.0400)
*** Best metric: 76.67 (epoch 238)
Train: 266 [   0/195 (  0%)]  Loss:  1.009515 (1.0095)  Time: 0.261s,  979.08/s  (0.261s,  979.08/s)  Peak Memory: 8938  LR: 4.105e-05  Data: 0.166 (0.166)
Train: 266 [ 194/195 (100%)]  Loss:  0.972185 (1.0031)  Time: 0.095s, 2688.12/s  (0.102s, 2500.50/s)  Peak Memory: 8938  LR: 4.105e-05  Data: 0.000 (0.007)
Test: [   0/39]  Time: 0.108 (0.108)  Loss:  0.9836 (0.9836)  Acc@1: 77.7344 (77.7344)  Acc@5: 92.9688 (92.9688)
Test: [  39/39]  Time: 0.012 (0.033)  Loss:  0.8474 (1.0103)  Acc@1: 75.0000 (76.4500)  Acc@5: 100.0000 (93.9000)
*** Best metric: 76.67 (epoch 238)
Train: 267 [   0/195 (  0%)]  Loss:  0.975563 (0.9756)  Time: 0.194s, 1317.87/s  (0.194s, 1317.87/s)  Peak Memory: 8938  LR: 3.926e-05  Data: 0.099 (0.099)
Train: 267 [ 194/195 (100%)]  Loss:  0.914305 (1.0022)  Time: 0.101s, 2542.67/s  (0.102s, 2501.58/s)  Peak Memory: 8938  LR: 3.926e-05  Data: 0.000 (0.007)
Test: [   0/39]  Time: 0.109 (0.109)  Loss:  0.9791 (0.9791)  Acc@1: 77.3438 (77.3438)  Acc@5: 92.5781 (92.5781)
Test: [  39/39]  Time: 0.014 (0.033)  Loss:  0.7615 (1.0095)  Acc@1: 75.0000 (76.2500)  Acc@5: 93.7500 (93.7400)
*** Best metric: 76.67 (epoch 238)
Train: 268 [   0/195 (  0%)]  Loss:  1.046593 (1.0466)  Time: 0.271s,  945.53/s  (0.271s,  945.53/s)  Peak Memory: 8938  LR: 3.753e-05  Data: 0.175 (0.175)
Train: 268 [ 194/195 (100%)]  Loss:  1.028904 (1.0046)  Time: 0.095s, 2687.46/s  (0.104s, 2471.35/s)  Peak Memory: 8938  LR: 3.753e-05  Data: 0.000 (0.008)
Test: [   0/39]  Time: 0.111 (0.111)  Loss:  1.0063 (1.0063)  Acc@1: 76.9531 (76.9531)  Acc@5: 92.9688 (92.9688)
Test: [  39/39]  Time: 0.011 (0.034)  Loss:  0.8402 (1.0080)  Acc@1: 75.0000 (76.3800)  Acc@5: 93.7500 (93.8300)
*** Best metric: 76.67 (epoch 238)
Train: 269 [   0/195 (  0%)]  Loss:  0.972525 (0.9725)  Time: 0.190s, 1344.45/s  (0.190s, 1344.45/s)  Peak Memory: 8938  LR: 3.585e-05  Data: 0.096 (0.096)
Train: 269 [ 194/195 (100%)]  Loss:  0.958977 (1.0008)  Time: 0.095s, 2688.14/s  (0.104s, 2462.91/s)  Peak Memory: 8938  LR: 3.585e-05  Data: 0.000 (0.008)
Test: [   0/39]  Time: 0.104 (0.104)  Loss:  1.0050 (1.0050)  Acc@1: 77.7344 (77.7344)  Acc@5: 93.3594 (93.3594)
Test: [  39/39]  Time: 0.015 (0.033)  Loss:  0.9276 (1.0135)  Acc@1: 75.0000 (76.3800)  Acc@5: 87.5000 (93.8500)
*** Best metric: 76.67 (epoch 238)
Train: 270 [   0/195 (  0%)]  Loss:  1.050684 (1.0507)  Time: 0.207s, 1237.38/s  (0.207s, 1237.38/s)  Peak Memory: 8938  LR: 3.423e-05  Data: 0.112 (0.112)
Train: 270 [ 194/195 (100%)]  Loss:  1.029440 (1.0053)  Time: 0.095s, 2681.28/s  (0.102s, 2505.09/s)  Peak Memory: 8938  LR: 3.423e-05  Data: 0.000 (0.007)
Test: [   0/39]  Time: 0.116 (0.116)  Loss:  1.0084 (1.0084)  Acc@1: 78.5156 (78.5156)  Acc@5: 92.9688 (92.9688)
Test: [  39/39]  Time: 0.014 (0.034)  Loss:  0.7079 (1.0093)  Acc@1: 75.0000 (76.3100)  Acc@5: 100.0000 (93.7000)
*** Best metric: 76.67 (epoch 238)
Train: 271 [   0/195 (  0%)]  Loss:  1.053183 (1.0532)  Time: 0.211s, 1216.14/s  (0.211s, 1216.14/s)  Peak Memory: 8938  LR: 3.265e-05  Data: 0.115 (0.115)
Train: 271 [ 194/195 (100%)]  Loss:  1.086447 (1.0066)  Time: 0.095s, 2689.04/s  (0.104s, 2457.33/s)  Peak Memory: 8938  LR: 3.265e-05  Data: 0.000 (0.008)
Test: [   0/39]  Time: 0.111 (0.111)  Loss:  0.9713 (0.9713)  Acc@1: 78.1250 (78.1250)  Acc@5: 93.3594 (93.3594)
Test: [  39/39]  Time: 0.014 (0.034)  Loss:  0.6557 (1.0213)  Acc@1: 81.2500 (76.4400)  Acc@5: 100.0000 (93.6900)
*** Best metric: 76.67 (epoch 238)
Train: 272 [   0/195 (  0%)]  Loss:  0.971580 (0.9716)  Time: 0.224s, 1144.09/s  (0.224s, 1144.09/s)  Peak Memory: 8938  LR: 3.113e-05  Data: 0.128 (0.128)
Train: 272 [ 194/195 (100%)]  Loss:  0.976064 (1.0043)  Time: 0.095s, 2689.25/s  (0.102s, 2509.66/s)  Peak Memory: 8938  LR: 3.113e-05  Data: 0.000 (0.007)
Test: [   0/39]  Time: 0.114 (0.114)  Loss:  0.9899 (0.9899)  Acc@1: 76.5625 (76.5625)  Acc@5: 94.5312 (94.5312)
Test: [  39/39]  Time: 0.012 (0.034)  Loss:  0.7692 (1.0173)  Acc@1: 75.0000 (76.3700)  Acc@5: 100.0000 (94.0500)
*** Best metric: 76.67 (epoch 238)
Train: 273 [   0/195 (  0%)]  Loss:  0.961346 (0.9613)  Time: 0.206s, 1241.51/s  (0.206s, 1241.51/s)  Peak Memory: 8938  LR: 2.965e-05  Data: 0.111 (0.111)
Train: 273 [ 194/195 (100%)]  Loss:  0.974766 (1.0005)  Time: 0.095s, 2690.78/s  (0.103s, 2480.41/s)  Peak Memory: 8938  LR: 2.965e-05  Data: 0.000 (0.008)
Test: [   0/39]  Time: 0.138 (0.138)  Loss:  0.9749 (0.9749)  Acc@1: 79.6875 (79.6875)  Acc@5: 93.3594 (93.3594)
Test: [  39/39]  Time: 0.014 (0.035)  Loss:  0.8203 (1.0117)  Acc@1: 75.0000 (76.2600)  Acc@5: 93.7500 (93.7700)
*** Best metric: 76.67 (epoch 238)
Train: 274 [   0/195 (  0%)]  Loss:  1.020793 (1.0208)  Time: 0.235s, 1090.14/s  (0.235s, 1090.14/s)  Peak Memory: 8938  LR: 2.823e-05  Data: 0.133 (0.133)
Train: 274 [ 194/195 (100%)]  Loss:  0.968553 (1.0048)  Time: 0.095s, 2702.18/s  (0.103s, 2477.86/s)  Peak Memory: 8938  LR: 2.823e-05  Data: 0.000 (0.008)
Test: [   0/39]  Time: 0.102 (0.102)  Loss:  1.0059 (1.0059)  Acc@1: 76.5625 (76.5625)  Acc@5: 91.7969 (91.7969)
Test: [  39/39]  Time: 0.012 (0.032)  Loss:  0.9432 (1.0073)  Acc@1: 75.0000 (76.6000)  Acc@5: 93.7500 (93.8300)
*** Best metric: 76.67 (epoch 238)
Train: 275 [   0/195 (  0%)]  Loss:  1.089910 (1.0899)  Time: 0.203s, 1263.30/s  (0.203s, 1263.30/s)  Peak Memory: 8938  LR: 2.687e-05  Data: 0.108 (0.108)
Train: 275 [ 194/195 (100%)]  Loss:  1.068881 (1.0028)  Time: 0.095s, 2703.16/s  (0.105s, 2441.82/s)  Peak Memory: 8938  LR: 2.687e-05  Data: 0.000 (0.008)
Test: [   0/39]  Time: 0.102 (0.102)  Loss:  0.9550 (0.9550)  Acc@1: 80.0781 (80.0781)  Acc@5: 93.3594 (93.3594)
Test: [  39/39]  Time: 0.014 (0.033)  Loss:  0.7982 (1.0128)  Acc@1: 75.0000 (76.0500)  Acc@5: 93.7500 (93.8300)
*** Best metric: 76.67 (epoch 238)
Train: 276 [   0/195 (  0%)]  Loss:  1.023648 (1.0236)  Time: 0.227s, 1127.08/s  (0.227s, 1127.08/s)  Peak Memory: 8938  LR: 2.555e-05  Data: 0.132 (0.132)
Train: 276 [ 194/195 (100%)]  Loss:  1.096916 (1.0084)  Time: 0.095s, 2694.29/s  (0.104s, 2465.64/s)  Peak Memory: 8938  LR: 2.555e-05  Data: 0.000 (0.008)
Test: [   0/39]  Time: 0.126 (0.126)  Loss:  0.9729 (0.9729)  Acc@1: 78.1250 (78.1250)  Acc@5: 93.3594 (93.3594)
Test: [  39/39]  Time: 0.012 (0.033)  Loss:  0.8506 (1.0134)  Acc@1: 75.0000 (76.3500)  Acc@5: 93.7500 (93.9200)
*** Best metric: 76.67 (epoch 238)
Train: 277 [   0/195 (  0%)]  Loss:  0.924532 (0.9245)  Time: 0.206s, 1240.13/s  (0.206s, 1240.13/s)  Peak Memory: 8938  LR: 2.429e-05  Data: 0.112 (0.112)
Train: 277 [ 194/195 (100%)]  Loss:  1.059983 (0.9965)  Time: 0.096s, 2679.38/s  (0.102s, 2500.58/s)  Peak Memory: 8938  LR: 2.429e-05  Data: 0.000 (0.007)
Test: [   0/39]  Time: 0.111 (0.111)  Loss:  1.0090 (1.0090)  Acc@1: 77.7344 (77.7344)  Acc@5: 92.9688 (92.9688)
Test: [  39/39]  Time: 0.012 (0.034)  Loss:  0.8932 (1.0142)  Acc@1: 75.0000 (76.3900)  Acc@5: 100.0000 (93.8800)
*** Best metric: 76.67 (epoch 238)
Train: 278 [   0/195 (  0%)]  Loss:  1.011327 (1.0113)  Time: 0.224s, 1143.46/s  (0.224s, 1143.46/s)  Peak Memory: 8938  LR: 2.308e-05  Data: 0.124 (0.124)
Train: 278 [ 194/195 (100%)]  Loss:  1.014389 (1.0017)  Time: 0.095s, 2689.52/s  (0.103s, 2476.47/s)  Peak Memory: 8938  LR: 2.308e-05  Data: 0.000 (0.008)
Test: [   0/39]  Time: 0.109 (0.109)  Loss:  0.9861 (0.9861)  Acc@1: 78.1250 (78.1250)  Acc@5: 94.1406 (94.1406)
Test: [  39/39]  Time: 0.008 (0.033)  Loss:  0.7318 (1.0147)  Acc@1: 81.2500 (76.3900)  Acc@5: 100.0000 (93.6700)
*** Best metric: 76.67 (epoch 238)
Train: 279 [   0/195 (  0%)]  Loss:  1.007088 (1.0071)  Time: 0.228s, 1123.11/s  (0.228s, 1123.11/s)  Peak Memory: 8938  LR: 2.192e-05  Data: 0.133 (0.133)
Train: 279 [ 194/195 (100%)]  Loss:  0.984702 (1.0072)  Time: 0.095s, 2694.52/s  (0.102s, 2498.59/s)  Peak Memory: 8938  LR: 2.192e-05  Data: 0.000 (0.007)
Test: [   0/39]  Time: 0.115 (0.115)  Loss:  0.9245 (0.9245)  Acc@1: 80.0781 (80.0781)  Acc@5: 93.7500 (93.7500)
Test: [  39/39]  Time: 0.015 (0.034)  Loss:  0.9049 (1.0118)  Acc@1: 75.0000 (76.2900)  Acc@5: 87.5000 (93.9400)
*** Best metric: 76.67 (epoch 238)
Train: 280 [   0/195 (  0%)]  Loss:  0.971543 (0.9715)  Time: 0.231s, 1109.00/s  (0.231s, 1109.00/s)  Peak Memory: 8938  LR: 2.082e-05  Data: 0.135 (0.135)
Train: 280 [ 194/195 (100%)]  Loss:  0.990982 (1.0003)  Time: 0.095s, 2683.93/s  (0.102s, 2502.74/s)  Peak Memory: 8938  LR: 2.082e-05  Data: 0.000 (0.007)
Test: [   0/39]  Time: 0.136 (0.136)  Loss:  0.9436 (0.9436)  Acc@1: 78.9062 (78.9062)  Acc@5: 93.7500 (93.7500)
Test: [  39/39]  Time: 0.015 (0.034)  Loss:  0.6830 (1.0106)  Acc@1: 87.5000 (76.1500)  Acc@5: 100.0000 (93.8900)
*** Best metric: 76.67 (epoch 238)
Train: 281 [   0/195 (  0%)]  Loss:  0.985382 (0.9854)  Time: 0.223s, 1149.38/s  (0.223s, 1149.38/s)  Peak Memory: 8938  LR: 1.977e-05  Data: 0.127 (0.127)
Train: 281 [ 194/195 (100%)]  Loss:  1.038474 (1.0008)  Time: 0.098s, 2621.13/s  (0.104s, 2461.22/s)  Peak Memory: 8938  LR: 1.977e-05  Data: 0.000 (0.008)
Test: [   0/39]  Time: 0.102 (0.102)  Loss:  0.9841 (0.9841)  Acc@1: 77.7344 (77.7344)  Acc@5: 93.7500 (93.7500)
Test: [  39/39]  Time: 0.012 (0.033)  Loss:  0.7869 (1.0142)  Acc@1: 75.0000 (76.5200)  Acc@5: 100.0000 (93.7700)
*** Best metric: 76.67 (epoch 238)
Train: 282 [   0/195 (  0%)]  Loss:  1.025432 (1.0254)  Time: 0.209s, 1225.98/s  (0.209s, 1225.98/s)  Peak Memory: 8938  LR: 1.877e-05  Data: 0.109 (0.109)
Train: 282 [ 194/195 (100%)]  Loss:  1.007078 (0.9970)  Time: 0.098s, 2609.93/s  (0.105s, 2429.14/s)  Peak Memory: 8938  LR: 1.877e-05  Data: 0.000 (0.007)
Test: [   0/39]  Time: 0.106 (0.106)  Loss:  0.9998 (0.9998)  Acc@1: 77.3438 (77.3438)  Acc@5: 92.1875 (92.1875)
Test: [  39/39]  Time: 0.014 (0.033)  Loss:  0.8016 (1.0129)  Acc@1: 87.5000 (76.2500)  Acc@5: 93.7500 (93.5400)
*** Best metric: 76.67 (epoch 238)
Train: 283 [   0/195 (  0%)]  Loss:  0.951247 (0.9512)  Time: 0.243s, 1053.93/s  (0.243s, 1053.93/s)  Peak Memory: 8938  LR: 1.782e-05  Data: 0.147 (0.147)
Train: 283 [ 194/195 (100%)]  Loss:  0.934506 (1.0000)  Time: 0.095s, 2687.52/s  (0.104s, 2465.51/s)  Peak Memory: 8938  LR: 1.782e-05  Data: 0.000 (0.008)
Test: [   0/39]  Time: 0.117 (0.117)  Loss:  0.9738 (0.9738)  Acc@1: 78.1250 (78.1250)  Acc@5: 93.3594 (93.3594)
Test: [  39/39]  Time: 0.009 (0.034)  Loss:  0.7222 (1.0081)  Acc@1: 87.5000 (76.5000)  Acc@5: 100.0000 (93.7500)
*** Best metric: 76.67 (epoch 238)
Train: 284 [   0/195 (  0%)]  Loss:  0.987091 (0.9871)  Time: 0.195s, 1312.85/s  (0.195s, 1312.85/s)  Peak Memory: 8938  LR: 1.693e-05  Data: 0.100 (0.100)
Train: 284 [ 194/195 (100%)]  Loss:  0.935200 (1.0046)  Time: 0.095s, 2703.47/s  (0.103s, 2474.85/s)  Peak Memory: 8938  LR: 1.693e-05  Data: 0.000 (0.008)
Test: [   0/39]  Time: 0.108 (0.108)  Loss:  0.9685 (0.9685)  Acc@1: 79.2969 (79.2969)  Acc@5: 92.9688 (92.9688)
Test: [  39/39]  Time: 0.012 (0.033)  Loss:  0.7872 (1.0095)  Acc@1: 75.0000 (76.5500)  Acc@5: 93.7500 (93.8000)
*** Best metric: 76.67 (epoch 238)
Train: 285 [   0/195 (  0%)]  Loss:  0.975187 (0.9752)  Time: 0.198s, 1294.99/s  (0.198s, 1294.99/s)  Peak Memory: 8938  LR: 1.609e-05  Data: 0.103 (0.103)
Train: 285 [ 194/195 (100%)]  Loss:  0.932211 (1.0000)  Time: 0.095s, 2690.58/s  (0.104s, 2464.88/s)  Peak Memory: 8938  LR: 1.609e-05  Data: 0.000 (0.007)
Test: [   0/39]  Time: 0.106 (0.106)  Loss:  0.9526 (0.9526)  Acc@1: 78.9062 (78.9062)  Acc@5: 94.5312 (94.5312)
Test: [  39/39]  Time: 0.009 (0.033)  Loss:  0.8584 (1.0071)  Acc@1: 75.0000 (76.4100)  Acc@5: 87.5000 (94.0800)
*** Best metric: 76.67 (epoch 238)
Train: 286 [   0/195 (  0%)]  Loss:  0.964437 (0.9644)  Time: 0.215s, 1189.90/s  (0.215s, 1189.90/s)  Peak Memory: 8938  LR: 1.531e-05  Data: 0.116 (0.116)
Train: 286 [ 194/195 (100%)]  Loss:  1.122339 (0.9994)  Time: 0.098s, 2613.70/s  (0.102s, 2497.96/s)  Peak Memory: 8938  LR: 1.531e-05  Data: 0.000 (0.007)
Test: [   0/39]  Time: 0.101 (0.101)  Loss:  0.9929 (0.9929)  Acc@1: 77.3438 (77.3438)  Acc@5: 94.1406 (94.1406)
Test: [  39/39]  Time: 0.015 (0.034)  Loss:  0.7931 (1.0072)  Acc@1: 75.0000 (76.2900)  Acc@5: 100.0000 (93.9800)
*** Best metric: 76.67 (epoch 238)
Train: 287 [   0/195 (  0%)]  Loss:  1.034742 (1.0347)  Time: 0.206s, 1245.27/s  (0.206s, 1245.27/s)  Peak Memory: 8938  LR: 1.458e-05  Data: 0.110 (0.110)
Train: 287 [ 194/195 (100%)]  Loss:  1.015173 (0.9995)  Time: 0.095s, 2688.67/s  (0.104s, 2450.66/s)  Peak Memory: 8938  LR: 1.458e-05  Data: 0.000 (0.008)
Test: [   0/39]  Time: 0.101 (0.101)  Loss:  0.9817 (0.9817)  Acc@1: 78.5156 (78.5156)  Acc@5: 92.5781 (92.5781)
Test: [  39/39]  Time: 0.014 (0.033)  Loss:  0.8481 (1.0045)  Acc@1: 75.0000 (76.5400)  Acc@5: 87.5000 (93.9600)
*** Best metric: 76.67 (epoch 238)
Train: 288 [   0/195 (  0%)]  Loss:  0.951305 (0.9513)  Time: 0.253s, 1011.61/s  (0.253s, 1011.61/s)  Peak Memory: 8938  LR: 1.390e-05  Data: 0.152 (0.152)
Train: 288 [ 194/195 (100%)]  Loss:  1.013033 (1.0027)  Time: 0.097s, 2633.44/s  (0.104s, 2462.43/s)  Peak Memory: 8938  LR: 1.390e-05  Data: 0.000 (0.008)
Test: [   0/39]  Time: 0.103 (0.103)  Loss:  1.0184 (1.0184)  Acc@1: 76.9531 (76.9531)  Acc@5: 93.3594 (93.3594)
Test: [  39/39]  Time: 0.014 (0.033)  Loss:  0.7996 (1.0080)  Acc@1: 81.2500 (76.6700)  Acc@5: 93.7500 (93.9500)
*** Best metric: 76.67 (epoch 238)
Train: 289 [   0/195 (  0%)]  Loss:  1.064128 (1.0641)  Time: 0.235s, 1087.84/s  (0.235s, 1087.84/s)  Peak Memory: 8938  LR: 1.328e-05  Data: 0.139 (0.139)
Train: 289 [ 194/195 (100%)]  Loss:  1.043735 (1.0039)  Time: 0.096s, 2679.89/s  (0.104s, 2470.14/s)  Peak Memory: 8938  LR: 1.328e-05  Data: 0.000 (0.008)
Test: [   0/39]  Time: 0.109 (0.109)  Loss:  0.9908 (0.9908)  Acc@1: 76.5625 (76.5625)  Acc@5: 93.3594 (93.3594)
Test: [  39/39]  Time: 0.014 (0.034)  Loss:  0.8259 (1.0128)  Acc@1: 81.2500 (76.3500)  Acc@5: 93.7500 (93.7200)
*** Best metric: 76.67 (epoch 238)
Train: 290 [   0/195 (  0%)]  Loss:  1.041385 (1.0414)  Time: 0.238s, 1075.18/s  (0.238s, 1075.18/s)  Peak Memory: 8938  LR: 1.271e-05  Data: 0.142 (0.142)
Train: 290 [ 194/195 (100%)]  Loss:  0.966927 (1.0006)  Time: 0.099s, 2573.26/s  (0.104s, 2453.06/s)  Peak Memory: 8938  LR: 1.271e-05  Data: 0.000 (0.008)
Test: [   0/39]  Time: 0.102 (0.102)  Loss:  0.9717 (0.9717)  Acc@1: 77.3438 (77.3438)  Acc@5: 94.5312 (94.5312)
Test: [  39/39]  Time: 0.014 (0.033)  Loss:  0.6737 (1.0112)  Acc@1: 81.2500 (76.4500)  Acc@5: 100.0000 (93.8500)
*** Best metric: 76.67 (epoch 238)
Train: 291 [   0/195 (  0%)]  Loss:  0.975681 (0.9757)  Time: 0.220s, 1164.64/s  (0.220s, 1164.64/s)  Peak Memory: 8938  LR: 1.220e-05  Data: 0.119 (0.119)
Train: 291 [ 194/195 (100%)]  Loss:  0.977268 (1.0019)  Time: 0.095s, 2689.62/s  (0.105s, 2442.22/s)  Peak Memory: 8938  LR: 1.220e-05  Data: 0.000 (0.008)
Test: [   0/39]  Time: 0.115 (0.115)  Loss:  0.9599 (0.9599)  Acc@1: 77.7344 (77.7344)  Acc@5: 92.9688 (92.9688)
Test: [  39/39]  Time: 0.014 (0.034)  Loss:  0.7148 (1.0142)  Acc@1: 87.5000 (76.2500)  Acc@5: 93.7500 (93.6900)
*** Best metric: 76.67 (epoch 238)
Train: 292 [   0/195 (  0%)]  Loss:  0.927835 (0.9278)  Time: 0.218s, 1175.59/s  (0.218s, 1175.59/s)  Peak Memory: 8938  LR: 1.174e-05  Data: 0.122 (0.122)
Train: 292 [ 194/195 (100%)]  Loss:  0.970857 (1.0043)  Time: 0.095s, 2690.85/s  (0.104s, 2471.27/s)  Peak Memory: 8938  LR: 1.174e-05  Data: 0.000 (0.008)
Test: [   0/39]  Time: 0.118 (0.118)  Loss:  0.9865 (0.9865)  Acc@1: 76.5625 (76.5625)  Acc@5: 92.9688 (92.9688)
Test: [  39/39]  Time: 0.011 (0.034)  Loss:  0.8181 (1.0178)  Acc@1: 75.0000 (76.0000)  Acc@5: 93.7500 (93.8500)
*** Best metric: 76.67 (epoch 238)
Train: 293 [   0/195 (  0%)]  Loss:  1.023840 (1.0238)  Time: 0.210s, 1217.39/s  (0.210s, 1217.39/s)  Peak Memory: 8938  LR: 1.133e-05  Data: 0.115 (0.115)
Train: 293 [ 194/195 (100%)]  Loss:  1.049161 (1.0020)  Time: 0.095s, 2692.39/s  (0.102s, 2503.18/s)  Peak Memory: 8938  LR: 1.133e-05  Data: 0.000 (0.007)
Test: [   0/39]  Time: 0.100 (0.100)  Loss:  0.9634 (0.9634)  Acc@1: 78.9062 (78.9062)  Acc@5: 93.3594 (93.3594)
Test: [  39/39]  Time: 0.012 (0.033)  Loss:  0.7842 (1.0144)  Acc@1: 81.2500 (76.5800)  Acc@5: 100.0000 (93.9200)
*** Best metric: 76.67 (epoch 238)
Train: 294 [   0/195 (  0%)]  Loss:  1.082061 (1.0821)  Time: 0.198s, 1293.64/s  (0.198s, 1293.64/s)  Peak Memory: 8938  LR: 1.098e-05  Data: 0.103 (0.103)
Train: 294 [ 194/195 (100%)]  Loss:  1.013642 (1.0033)  Time: 0.095s, 2702.40/s  (0.103s, 2491.16/s)  Peak Memory: 8938  LR: 1.098e-05  Data: 0.000 (0.008)
Test: [   0/39]  Time: 0.103 (0.103)  Loss:  0.9643 (0.9643)  Acc@1: 77.7344 (77.7344)  Acc@5: 93.3594 (93.3594)
Test: [  39/39]  Time: 0.015 (0.034)  Loss:  0.7317 (1.0090)  Acc@1: 75.0000 (76.4400)  Acc@5: 100.0000 (93.8700)
*** Best metric: 76.67 (epoch 238)
Train: 295 [   0/195 (  0%)]  Loss:  0.987065 (0.9871)  Time: 0.221s, 1159.06/s  (0.221s, 1159.06/s)  Peak Memory: 8938  LR: 1.068e-05  Data: 0.126 (0.126)
Train: 295 [ 194/195 (100%)]  Loss:  1.027118 (1.0014)  Time: 0.095s, 2690.17/s  (0.103s, 2475.11/s)  Peak Memory: 8938  LR: 1.068e-05  Data: 0.000 (0.008)
Test: [   0/39]  Time: 0.119 (0.119)  Loss:  0.9812 (0.9812)  Acc@1: 78.9062 (78.9062)  Acc@5: 92.5781 (92.5781)
Test: [  39/39]  Time: 0.014 (0.034)  Loss:  0.9329 (1.0158)  Acc@1: 75.0000 (76.4700)  Acc@5: 93.7500 (94.0400)
*** Best metric: 76.67 (epoch 238)
Train: 296 [   0/195 (  0%)]  Loss:  1.041412 (1.0414)  Time: 0.220s, 1161.07/s  (0.220s, 1161.07/s)  Peak Memory: 8938  LR: 1.043e-05  Data: 0.120 (0.120)
Train: 296 [ 194/195 (100%)]  Loss:  1.045895 (1.0033)  Time: 0.095s, 2682.24/s  (0.103s, 2487.78/s)  Peak Memory: 8938  LR: 1.043e-05  Data: 0.000 (0.007)
Test: [   0/39]  Time: 0.109 (0.109)  Loss:  0.9800 (0.9800)  Acc@1: 78.1250 (78.1250)  Acc@5: 93.3594 (93.3594)
Test: [  39/39]  Time: 0.008 (0.033)  Loss:  0.6830 (1.0103)  Acc@1: 81.2500 (76.3400)  Acc@5: 100.0000 (93.9700)
*** Best metric: 76.67 (epoch 238)
Train: 297 [   0/195 (  0%)]  Loss:  0.993500 (0.9935)  Time: 0.220s, 1164.29/s  (0.220s, 1164.29/s)  Peak Memory: 8938  LR: 1.024e-05  Data: 0.120 (0.120)
Train: 297 [ 194/195 (100%)]  Loss:  1.010675 (1.0030)  Time: 0.095s, 2689.38/s  (0.103s, 2480.39/s)  Peak Memory: 8938  LR: 1.024e-05  Data: 0.000 (0.007)
Test: [   0/39]  Time: 0.108 (0.108)  Loss:  0.9521 (0.9521)  Acc@1: 78.1250 (78.1250)  Acc@5: 93.3594 (93.3594)
Test: [  39/39]  Time: 0.014 (0.033)  Loss:  0.6492 (1.0072)  Acc@1: 87.5000 (76.3700)  Acc@5: 100.0000 (93.7100)
*** Best metric: 76.67 (epoch 238)
Train: 298 [   0/195 (  0%)]  Loss:  0.960522 (0.9605)  Time: 0.225s, 1139.30/s  (0.225s, 1139.30/s)  Peak Memory: 8938  LR: 1.011e-05  Data: 0.129 (0.129)
Train: 298 [ 194/195 (100%)]  Loss:  0.952849 (1.0002)  Time: 0.096s, 2653.37/s  (0.104s, 2467.21/s)  Peak Memory: 8938  LR: 1.011e-05  Data: 0.000 (0.007)
Test: [   0/39]  Time: 0.102 (0.102)  Loss:  0.9950 (0.9950)  Acc@1: 78.5156 (78.5156)  Acc@5: 92.9688 (92.9688)
Test: [  39/39]  Time: 0.012 (0.032)  Loss:  0.9138 (1.0100)  Acc@1: 81.2500 (76.3500)  Acc@5: 87.5000 (93.7100)
*** Best metric: 76.67 (epoch 238)
Train: 299 [   0/195 (  0%)]  Loss:  0.953030 (0.9530)  Time: 0.189s, 1353.94/s  (0.189s, 1353.94/s)  Peak Memory: 8938  LR: 1.003e-05  Data: 0.094 (0.094)
Train: 299 [ 194/195 (100%)]  Loss:  1.019629 (0.9988)  Time: 0.095s, 2687.12/s  (0.102s, 2501.39/s)  Peak Memory: 8938  LR: 1.003e-05  Data: 0.000 (0.007)
Test: [   0/39]  Time: 0.104 (0.104)  Loss:  0.9555 (0.9555)  Acc@1: 77.7344 (77.7344)  Acc@5: 94.1406 (94.1406)
Test: [  39/39]  Time: 0.012 (0.033)  Loss:  0.8150 (1.0105)  Acc@1: 75.0000 (76.4300)  Acc@5: 93.7500 (93.8500)
*** Best metric: 76.67 (epoch 238)
Train: 300 [   0/195 (  0%)]  Loss:  1.023242 (1.0232)  Time: 0.210s, 1219.37/s  (0.210s, 1219.37/s)  Peak Memory: 8938  LR: 1.000e-05  Data: 0.115 (0.115)
Train: 300 [ 194/195 (100%)]  Loss:  1.009576 (1.0013)  Time: 0.095s, 2687.05/s  (0.103s, 2479.78/s)  Peak Memory: 8938  LR: 1.000e-05  Data: 0.000 (0.008)
Test: [   0/39]  Time: 0.128 (0.128)  Loss:  0.9702 (0.9702)  Acc@1: 78.5156 (78.5156)  Acc@5: 92.9688 (92.9688)
Test: [  39/39]  Time: 0.013 (0.034)  Loss:  0.8851 (1.0156)  Acc@1: 75.0000 (76.2500)  Acc@5: 93.7500 (93.7100)
*** Best metric: 76.67 (epoch 238)
Train: 301 [   0/195 (  0%)]  Loss:  1.010894 (1.0109)  Time: 0.219s, 1167.52/s  (0.219s, 1167.52/s)  Peak Memory: 8938  LR: 1.000e-05  Data: 0.124 (0.124)
Train: 301 [ 194/195 (100%)]  Loss:  1.095258 (1.0040)  Time: 0.095s, 2685.19/s  (0.103s, 2490.70/s)  Peak Memory: 8938  LR: 1.000e-05  Data: 0.000 (0.008)
Test: [   0/39]  Time: 0.106 (0.106)  Loss:  0.9899 (0.9899)  Acc@1: 77.3438 (77.3438)  Acc@5: 91.7969 (91.7969)
Test: [  39/39]  Time: 0.014 (0.033)  Loss:  0.9381 (1.0076)  Acc@1: 75.0000 (76.5700)  Acc@5: 87.5000 (93.6600)
*** Best metric: 76.67 (epoch 238)
Train: 302 [   0/195 (  0%)]  Loss:  0.916266 (0.9163)  Time: 0.258s,  990.75/s  (0.258s,  990.75/s)  Peak Memory: 8938  LR: 1.000e-05  Data: 0.157 (0.157)
Train: 302 [ 194/195 (100%)]  Loss:  1.070545 (1.0050)  Time: 0.095s, 2702.54/s  (0.103s, 2486.28/s)  Peak Memory: 8938  LR: 1.000e-05  Data: 0.000 (0.008)
Test: [   0/39]  Time: 0.099 (0.099)  Loss:  0.9643 (0.9643)  Acc@1: 79.2969 (79.2969)  Acc@5: 92.9688 (92.9688)
Test: [  39/39]  Time: 0.008 (0.032)  Loss:  0.7454 (1.0106)  Acc@1: 81.2500 (76.6800)  Acc@5: 100.0000 (93.7300)
*** Best metric: 76.68 (epoch 302)
Train: 303 [   0/195 (  0%)]  Loss:  0.970206 (0.9702)  Time: 0.201s, 1275.64/s  (0.201s, 1275.64/s)  Peak Memory: 8938  LR: 1.000e-05  Data: 0.106 (0.106)
Train: 303 [ 194/195 (100%)]  Loss:  0.973515 (1.0014)  Time: 0.095s, 2703.42/s  (0.102s, 2522.17/s)  Peak Memory: 8938  LR: 1.000e-05  Data: 0.000 (0.006)
Test: [   0/39]  Time: 0.103 (0.103)  Loss:  0.9683 (0.9683)  Acc@1: 77.7344 (77.7344)  Acc@5: 92.5781 (92.5781)
Test: [  39/39]  Time: 0.012 (0.033)  Loss:  0.7022 (1.0172)  Acc@1: 81.2500 (76.0600)  Acc@5: 93.7500 (93.7300)
*** Best metric: 76.68 (epoch 302)
Train: 304 [   0/195 (  0%)]  Loss:  0.983283 (0.9833)  Time: 0.239s, 1073.15/s  (0.239s, 1073.15/s)  Peak Memory: 8938  LR: 1.000e-05  Data: 0.137 (0.137)
Train: 304 [ 194/195 (100%)]  Loss:  0.965968 (0.9967)  Time: 0.097s, 2632.93/s  (0.103s, 2488.56/s)  Peak Memory: 8938  LR: 1.000e-05  Data: 0.000 (0.007)
Test: [   0/39]  Time: 0.110 (0.110)  Loss:  0.9470 (0.9470)  Acc@1: 79.2969 (79.2969)  Acc@5: 91.7969 (91.7969)
Test: [  39/39]  Time: 0.014 (0.033)  Loss:  0.8413 (1.0160)  Acc@1: 75.0000 (75.8000)  Acc@5: 100.0000 (93.9200)
*** Best metric: 76.68 (epoch 302)
Train: 305 [   0/195 (  0%)]  Loss:  1.037802 (1.0378)  Time: 0.211s, 1212.46/s  (0.211s, 1212.46/s)  Peak Memory: 8938  LR: 1.000e-05  Data: 0.112 (0.112)
Train: 305 [ 194/195 (100%)]  Loss:  1.010645 (0.9996)  Time: 0.095s, 2705.85/s  (0.103s, 2483.57/s)  Peak Memory: 8938  LR: 1.000e-05  Data: 0.000 (0.007)
Test: [   0/39]  Time: 0.106 (0.106)  Loss:  0.9601 (0.9601)  Acc@1: 79.2969 (79.2969)  Acc@5: 93.3594 (93.3594)
Test: [  39/39]  Time: 0.014 (0.033)  Loss:  0.8562 (1.0154)  Acc@1: 75.0000 (76.4100)  Acc@5: 100.0000 (93.8000)
*** Best metric: 76.68 (epoch 302)
Train: 306 [   0/195 (  0%)]  Loss:  1.011024 (1.0110)  Time: 0.214s, 1198.47/s  (0.214s, 1198.47/s)  Peak Memory: 8938  LR: 1.000e-05  Data: 0.119 (0.119)
Train: 306 [ 194/195 (100%)]  Loss:  1.051159 (1.0062)  Time: 0.095s, 2688.99/s  (0.104s, 2467.26/s)  Peak Memory: 8938  LR: 1.000e-05  Data: 0.000 (0.008)
Test: [   0/39]  Time: 0.105 (0.105)  Loss:  0.9587 (0.9587)  Acc@1: 79.6875 (79.6875)  Acc@5: 93.3594 (93.3594)
Test: [  39/39]  Time: 0.014 (0.033)  Loss:  0.8492 (1.0124)  Acc@1: 75.0000 (76.3800)  Acc@5: 93.7500 (93.8700)
*** Best metric: 76.68 (epoch 302)
Train: 307 [   0/195 (  0%)]  Loss:  1.087093 (1.0871)  Time: 0.219s, 1171.06/s  (0.219s, 1171.06/s)  Peak Memory: 8938  LR: 1.000e-05  Data: 0.124 (0.124)
Train: 307 [ 194/195 (100%)]  Loss:  0.921265 (1.0047)  Time: 0.095s, 2682.64/s  (0.104s, 2458.79/s)  Peak Memory: 8938  LR: 1.000e-05  Data: 0.000 (0.008)
Test: [   0/39]  Time: 0.106 (0.106)  Loss:  0.9659 (0.9659)  Acc@1: 77.7344 (77.7344)  Acc@5: 92.1875 (92.1875)
Test: [  39/39]  Time: 0.015 (0.034)  Loss:  0.7295 (1.0157)  Acc@1: 81.2500 (76.3300)  Acc@5: 100.0000 (93.6900)
*** Best metric: 76.68 (epoch 302)
Train: 308 [   0/195 (  0%)]  Loss:  1.036330 (1.0363)  Time: 0.219s, 1169.95/s  (0.219s, 1169.95/s)  Peak Memory: 8938  LR: 1.000e-05  Data: 0.124 (0.124)
Train: 308 [ 194/195 (100%)]  Loss:  1.035698 (1.0033)  Time: 0.095s, 2681.79/s  (0.104s, 2459.40/s)  Peak Memory: 8938  LR: 1.000e-05  Data: 0.000 (0.008)
Test: [   0/39]  Time: 0.109 (0.109)  Loss:  0.9659 (0.9659)  Acc@1: 76.9531 (76.9531)  Acc@5: 94.1406 (94.1406)
Test: [  39/39]  Time: 0.015 (0.034)  Loss:  0.7764 (1.0067)  Acc@1: 87.5000 (76.5300)  Acc@5: 93.7500 (93.9000)
*** Best metric: 76.68 (epoch 302)
Train: 309 [   0/195 (  0%)]  Loss:  0.962769 (0.9628)  Time: 0.245s, 1045.17/s  (0.245s, 1045.17/s)  Peak Memory: 8938  LR: 1.000e-05  Data: 0.150 (0.150)
Train: 309 [ 194/195 (100%)]  Loss:  1.005255 (1.0029)  Time: 0.095s, 2702.78/s  (0.102s, 2502.46/s)  Peak Memory: 8938  LR: 1.000e-05  Data: 0.000 (0.007)
Test: [   0/39]  Time: 0.104 (0.104)  Loss:  1.0008 (1.0008)  Acc@1: 79.2969 (79.2969)  Acc@5: 93.3594 (93.3594)
Test: [  39/39]  Time: 0.012 (0.033)  Loss:  0.8224 (1.0094)  Acc@1: 75.0000 (76.5800)  Acc@5: 93.7500 (93.8500)
*** Best metric: 76.68 (epoch 302)
Train: 310 [   0/195 (  0%)]  Loss:  0.999639 (0.9996)  Time: 0.212s, 1209.83/s  (0.212s, 1209.83/s)  Peak Memory: 8938  LR: 1.000e-05  Data: 0.117 (0.117)
Train: 310 [ 194/195 (100%)]  Loss:  0.956099 (1.0034)  Time: 0.095s, 2708.76/s  (0.103s, 2491.10/s)  Peak Memory: 8938  LR: 1.000e-05  Data: 0.000 (0.008)
Test: [   0/39]  Time: 0.100 (0.100)  Loss:  0.9673 (0.9673)  Acc@1: 76.5625 (76.5625)  Acc@5: 94.5312 (94.5312)
Test: [  39/39]  Time: 0.008 (0.032)  Loss:  0.7309 (1.0102)  Acc@1: 81.2500 (76.4400)  Acc@5: 100.0000 (93.7600)
*** Best metric: 76.68 (epoch 302)
Train: 311 [   0/195 (  0%)]  Loss:  1.008505 (1.0085)  Time: 0.235s, 1091.14/s  (0.235s, 1091.14/s)  Peak Memory: 8938  LR: 1.000e-05  Data: 0.139 (0.139)
Train: 311 [ 194/195 (100%)]  Loss:  1.014917 (1.0029)  Time: 0.095s, 2688.21/s  (0.102s, 2503.59/s)  Peak Memory: 8938  LR: 1.000e-05  Data: 0.000 (0.007)
Test: [   0/39]  Time: 0.104 (0.104)  Loss:  0.9666 (0.9666)  Acc@1: 79.6875 (79.6875)  Acc@5: 92.9688 (92.9688)
Test: [  39/39]  Time: 0.014 (0.033)  Loss:  0.7250 (1.0124)  Acc@1: 75.0000 (76.4500)  Acc@5: 100.0000 (93.8400)
*** Best metric: 76.68 (epoch 302)
Train: 312 [   0/195 (  0%)]  Loss:  1.054893 (1.0549)  Time: 0.208s, 1231.45/s  (0.208s, 1231.45/s)  Peak Memory: 8938  LR: 1.000e-05  Data: 0.113 (0.113)
Train: 312 [ 194/195 (100%)]  Loss:  1.029836 (1.0038)  Time: 0.095s, 2700.82/s  (0.102s, 2517.27/s)  Peak Memory: 8938  LR: 1.000e-05  Data: 0.000 (0.007)
Test: [   0/39]  Time: 0.076 (0.076)  Loss:  0.9747 (0.9747)  Acc@1: 78.5156 (78.5156)  Acc@5: 91.0156 (91.0156)
Test: [  39/39]  Time: 0.011 (0.032)  Loss:  0.6655 (1.0082)  Acc@1: 81.2500 (76.5900)  Acc@5: 100.0000 (93.7800)
*** Best metric: 76.68 (epoch 302)
Train: 313 [   0/195 (  0%)]  Loss:  1.039906 (1.0399)  Time: 0.218s, 1176.07/s  (0.218s, 1176.07/s)  Peak Memory: 8938  LR: 1.000e-05  Data: 0.123 (0.123)
Train: 313 [ 194/195 (100%)]  Loss:  0.972656 (1.0004)  Time: 0.095s, 2694.49/s  (0.103s, 2490.21/s)  Peak Memory: 8938  LR: 1.000e-05  Data: 0.000 (0.007)
Test: [   0/39]  Time: 0.106 (0.106)  Loss:  1.0076 (1.0076)  Acc@1: 78.9062 (78.9062)  Acc@5: 93.3594 (93.3594)
Test: [  39/39]  Time: 0.008 (0.032)  Loss:  0.7826 (1.0129)  Acc@1: 75.0000 (76.4100)  Acc@5: 100.0000 (93.8800)
*** Best metric: 76.68 (epoch 302)
Train: 314 [   0/195 (  0%)]  Loss:  1.033413 (1.0334)  Time: 0.206s, 1242.29/s  (0.206s, 1242.29/s)  Peak Memory: 8938  LR: 1.000e-05  Data: 0.111 (0.111)
Train: 314 [ 194/195 (100%)]  Loss:  1.045621 (0.9958)  Time: 0.095s, 2701.28/s  (0.103s, 2489.88/s)  Peak Memory: 8938  LR: 1.000e-05  Data: 0.000 (0.007)
Test: [   0/39]  Time: 0.113 (0.113)  Loss:  1.0105 (1.0105)  Acc@1: 77.7344 (77.7344)  Acc@5: 91.0156 (91.0156)
Test: [  39/39]  Time: 0.012 (0.033)  Loss:  0.9386 (1.0132)  Acc@1: 75.0000 (76.2400)  Acc@5: 87.5000 (93.9700)
*** Best metric: 76.68 (epoch 302)
Train: 315 [   0/195 (  0%)]  Loss:  0.996935 (0.9969)  Time: 0.208s, 1230.13/s  (0.208s, 1230.13/s)  Peak Memory: 8938  LR: 1.000e-05  Data: 0.113 (0.113)
Train: 315 [ 194/195 (100%)]  Loss:  0.974342 (1.0035)  Time: 0.095s, 2687.66/s  (0.103s, 2477.72/s)  Peak Memory: 8938  LR: 1.000e-05  Data: 0.000 (0.007)
Test: [   0/39]  Time: 0.102 (0.102)  Loss:  1.0059 (1.0059)  Acc@1: 75.7812 (75.7812)  Acc@5: 92.9688 (92.9688)
Test: [  39/39]  Time: 0.011 (0.033)  Loss:  0.7755 (1.0093)  Acc@1: 75.0000 (76.6400)  Acc@5: 100.0000 (93.8500)
*** Best metric: 76.68 (epoch 302)
Train: 316 [   0/195 (  0%)]  Loss:  0.978215 (0.9782)  Time: 0.211s, 1214.02/s  (0.211s, 1214.02/s)  Peak Memory: 8938  LR: 1.000e-05  Data: 0.116 (0.116)
Train: 316 [ 194/195 (100%)]  Loss:  0.984639 (1.0033)  Time: 0.095s, 2688.49/s  (0.102s, 2498.74/s)  Peak Memory: 8938  LR: 1.000e-05  Data: 0.000 (0.007)
Test: [   0/39]  Time: 0.102 (0.102)  Loss:  1.0035 (1.0035)  Acc@1: 77.3438 (77.3438)  Acc@5: 94.1406 (94.1406)
Test: [  39/39]  Time: 0.014 (0.033)  Loss:  0.7616 (1.0052)  Acc@1: 75.0000 (76.7800)  Acc@5: 100.0000 (93.9400)
*** Best metric: 76.78 (epoch 316)
Train: 317 [   0/195 (  0%)]  Loss:  0.984821 (0.9848)  Time: 0.215s, 1190.21/s  (0.215s, 1190.21/s)  Peak Memory: 8938  LR: 1.000e-05  Data: 0.120 (0.120)
Train: 317 [ 194/195 (100%)]  Loss:  1.003087 (0.9953)  Time: 0.095s, 2702.35/s  (0.103s, 2485.27/s)  Peak Memory: 8938  LR: 1.000e-05  Data: 0.000 (0.007)
Test: [   0/39]  Time: 0.099 (0.099)  Loss:  0.9622 (0.9622)  Acc@1: 79.2969 (79.2969)  Acc@5: 93.3594 (93.3594)
Test: [  39/39]  Time: 0.012 (0.032)  Loss:  0.8525 (1.0088)  Acc@1: 81.2500 (76.4700)  Acc@5: 93.7500 (93.9000)
*** Best metric: 76.78 (epoch 316)
Train: 318 [   0/195 (  0%)]  Loss:  1.045193 (1.0452)  Time: 0.218s, 1171.90/s  (0.218s, 1171.90/s)  Peak Memory: 8938  LR: 1.000e-05  Data: 0.123 (0.123)
Train: 318 [ 194/195 (100%)]  Loss:  0.988626 (1.0052)  Time: 0.095s, 2703.12/s  (0.103s, 2480.00/s)  Peak Memory: 8938  LR: 1.000e-05  Data: 0.000 (0.008)
Test: [   0/39]  Time: 0.096 (0.096)  Loss:  0.9970 (0.9970)  Acc@1: 76.9531 (76.9531)  Acc@5: 94.1406 (94.1406)
Test: [  39/39]  Time: 0.012 (0.032)  Loss:  0.8142 (1.0099)  Acc@1: 81.2500 (76.6900)  Acc@5: 87.5000 (93.7700)
*** Best metric: 76.78 (epoch 316)
Train: 319 [   0/195 (  0%)]  Loss:  0.960920 (0.9609)  Time: 0.209s, 1224.94/s  (0.209s, 1224.94/s)  Peak Memory: 8938  LR: 1.000e-05  Data: 0.114 (0.114)
Train: 319 [ 194/195 (100%)]  Loss:  1.033457 (1.0019)  Time: 0.095s, 2698.77/s  (0.103s, 2479.16/s)  Peak Memory: 8938  LR: 1.000e-05  Data: 0.000 (0.007)
Test: [   0/39]  Time: 0.105 (0.105)  Loss:  1.0081 (1.0081)  Acc@1: 76.1719 (76.1719)  Acc@5: 92.9688 (92.9688)
Test: [  39/39]  Time: 0.014 (0.033)  Loss:  0.8869 (1.0103)  Acc@1: 75.0000 (76.4200)  Acc@5: 87.5000 (93.8000)
*** Best metric: 76.78 (epoch 316)
 | Best metric: 76.78 (epoch 316) | Total Training Time Cost: 0:42:11 |
