Train: 298 [   0/781 (  0%)]  Loss:  0.913001 (0.9130)  Time: 3.021s,   21.18/s  (3.021s,   21.18/s)  Peak Memory: 3621  LR: 4.681e-06  Data: 0.217 (0.217)
Train: 298 [ 780/781 (100%)]  Loss:  1.013572 (0.9793)  Time: 0.079s,  810.29/s  (0.076s,  840.45/s)  Peak Memory: 3634  LR: 4.681e-06  Data: 0.000 (0.004)
Test: [   0/156]  Time: 1.612 (1.612)  Loss:  0.8842 (0.8842)  Acc@1: 79.6875 (79.6875)  Acc@5: 93.7500 (93.7500)
Test: [ 156/156]  Time: 0.276 (0.030)  Loss:  0.6009 (0.9497)  Acc@1: 75.0000 (78.5100)  Acc@5: 100.0000 (93.3400)
*** Best metric: 78.51 (epoch 298)
Train: 299 [   0/781 (  0%)]  Loss:  1.174568 (1.1746)  Time: 0.148s,  432.03/s  (0.148s,  432.03/s)  Peak Memory: 3634  LR: 4.510e-06  Data: 0.055 (0.055)
Train: 299 [ 780/781 (100%)]  Loss:  0.999275 (0.9753)  Time: 0.077s,  826.23/s  (0.075s,  852.00/s)  Peak Memory: 3634  LR: 4.510e-06  Data: 0.000 (0.004)
Test: [   0/156]  Time: 0.072 (0.072)  Loss:  0.7948 (0.7948)  Acc@1: 78.1250 (78.1250)  Acc@5: 95.3125 (95.3125)
Test: [ 156/156]  Time: 0.021 (0.023)  Loss:  0.4520 (0.9421)  Acc@1: 81.2500 (78.6600)  Acc@5: 100.0000 (93.3700)
*** Best metric: 78.66 (epoch 299)
Train: 300 [   0/781 (  0%)]  Loss:  0.977180 (0.9772)  Time: 0.151s,  423.74/s  (0.151s,  423.74/s)  Peak Memory: 3634  LR: 4.343e-06  Data: 0.063 (0.063)
Train: 300 [ 780/781 (100%)]  Loss:  0.996495 (0.9741)  Time: 0.066s,  967.66/s  (0.075s,  852.83/s)  Peak Memory: 3634  LR: 4.343e-06  Data: 0.000 (0.004)
Test: [   0/156]  Time: 0.053 (0.053)  Loss:  0.7779 (0.7779)  Acc@1: 79.6875 (79.6875)  Acc@5: 96.8750 (96.8750)
Test: [ 156/156]  Time: 0.013 (0.015)  Loss:  0.5603 (0.9514)  Acc@1: 75.0000 (78.3800)  Acc@5: 100.0000 (93.5100)
*** Best metric: 78.66 (epoch 299)
Train: 301 [   0/781 (  0%)]  Loss:  0.909156 (0.9092)  Time: 0.114s,  563.79/s  (0.114s,  563.79/s)  Peak Memory: 3634  LR: 4.179e-06  Data: 0.048 (0.048)
Train: 301 [ 780/781 (100%)]  Loss:  1.066184 (0.9744)  Time: 0.092s,  693.31/s  (0.070s,  917.06/s)  Peak Memory: 3634  LR: 4.179e-06  Data: 0.000 (0.004)
Test: [   0/156]  Time: 0.070 (0.070)  Loss:  0.7885 (0.7885)  Acc@1: 79.6875 (79.6875)  Acc@5: 96.8750 (96.8750)
Test: [ 156/156]  Time: 0.022 (0.022)  Loss:  0.6998 (0.9457)  Acc@1: 75.0000 (78.5000)  Acc@5: 100.0000 (93.4300)
*** Best metric: 78.66 (epoch 299)
Train: 302 [   0/781 (  0%)]  Loss:  0.910935 (0.9109)  Time: 0.159s,  402.27/s  (0.159s,  402.27/s)  Peak Memory: 3634  LR: 4.020e-06  Data: 0.073 (0.073)
Train: 302 [ 780/781 (100%)]  Loss:  1.052224 (0.9740)  Time: 0.063s, 1010.79/s  (0.074s,  866.29/s)  Peak Memory: 3634  LR: 4.020e-06  Data: 0.000 (0.004)
Test: [   0/156]  Time: 0.051 (0.051)  Loss:  0.8405 (0.8405)  Acc@1: 79.6875 (79.6875)  Acc@5: 95.3125 (95.3125)
Test: [ 156/156]  Time: 0.012 (0.017)  Loss:  0.7617 (0.9468)  Acc@1: 81.2500 (78.5500)  Acc@5: 100.0000 (93.5400)
*** Best metric: 78.66 (epoch 299)
Train: 303 [   0/781 (  0%)]  Loss:  0.975178 (0.9752)  Time: 0.121s,  526.90/s  (0.121s,  526.90/s)  Peak Memory: 3634  LR: 3.865e-06  Data: 0.049 (0.049)
Train: 303 [ 780/781 (100%)]  Loss:  0.998105 (0.9715)  Time: 0.079s,  809.90/s  (0.075s,  857.67/s)  Peak Memory: 3634  LR: 3.865e-06  Data: 0.000 (0.004)
Test: [   0/156]  Time: 0.054 (0.054)  Loss:  0.8206 (0.8206)  Acc@1: 79.6875 (79.6875)  Acc@5: 98.4375 (98.4375)
Test: [ 156/156]  Time: 0.018 (0.019)  Loss:  0.7259 (0.9542)  Acc@1: 75.0000 (78.5400)  Acc@5: 93.7500 (93.2400)
*** Best metric: 78.66 (epoch 299)
Train: 304 [   0/781 (  0%)]  Loss:  1.000262 (1.0003)  Time: 0.116s,  552.92/s  (0.116s,  552.92/s)  Peak Memory: 3634  LR: 3.713e-06  Data: 0.042 (0.042)
Train: 304 [ 780/781 (100%)]  Loss:  0.863212 (0.9698)  Time: 0.063s, 1020.58/s  (0.078s,  819.17/s)  Peak Memory: 3634  LR: 3.713e-06  Data: 0.000 (0.004)
Test: [   0/156]  Time: 0.053 (0.053)  Loss:  0.7664 (0.7664)  Acc@1: 79.6875 (79.6875)  Acc@5: 93.7500 (93.7500)
Test: [ 156/156]  Time: 0.012 (0.015)  Loss:  0.6619 (0.9535)  Acc@1: 81.2500 (78.1300)  Acc@5: 100.0000 (93.2700)
*** Best metric: 78.66 (epoch 299)
Train: 305 [   0/781 (  0%)]  Loss:  0.934452 (0.9345)  Time: 0.109s,  586.57/s  (0.109s,  586.57/s)  Peak Memory: 3634  LR: 3.566e-06  Data: 0.044 (0.044)
Train: 305 [ 780/781 (100%)]  Loss:  0.939291 (0.9748)  Time: 0.065s,  981.93/s  (0.071s,  899.15/s)  Peak Memory: 3634  LR: 3.566e-06  Data: 0.000 (0.004)
Test: [   0/156]  Time: 0.053 (0.053)  Loss:  0.7036 (0.7036)  Acc@1: 82.8125 (82.8125)  Acc@5: 98.4375 (98.4375)
Test: [ 156/156]  Time: 0.018 (0.019)  Loss:  0.8172 (0.9532)  Acc@1: 75.0000 (78.5700)  Acc@5: 100.0000 (93.4100)
*** Best metric: 78.66 (epoch 299)
Train: 306 [   0/781 (  0%)]  Loss:  0.974712 (0.9747)  Time: 0.114s,  562.85/s  (0.114s,  562.85/s)  Peak Memory: 3634  LR: 3.423e-06  Data: 0.046 (0.046)
Train: 306 [ 780/781 (100%)]  Loss:  1.011707 (0.9736)  Time: 0.079s,  808.22/s  (0.076s,  838.81/s)  Peak Memory: 3634  LR: 3.423e-06  Data: 0.000 (0.004)
Test: [   0/156]  Time: 0.061 (0.061)  Loss:  0.7644 (0.7644)  Acc@1: 81.2500 (81.2500)  Acc@5: 96.8750 (96.8750)
Test: [ 156/156]  Time: 0.022 (0.023)  Loss:  0.7284 (0.9500)  Acc@1: 75.0000 (78.4800)  Acc@5: 93.7500 (93.5300)
*** Best metric: 78.66 (epoch 299)
Train: 307 [   0/781 (  0%)]  Loss:  0.892609 (0.8926)  Time: 0.130s,  492.90/s  (0.130s,  492.90/s)  Peak Memory: 3634  LR: 3.283e-06  Data: 0.056 (0.056)
Train: 307 [ 780/781 (100%)]  Loss:  0.990460 (0.9687)  Time: 0.063s, 1008.08/s  (0.067s,  951.81/s)  Peak Memory: 3634  LR: 3.283e-06  Data: 0.000 (0.003)
Test: [   0/156]  Time: 0.049 (0.049)  Loss:  0.8252 (0.8252)  Acc@1: 81.2500 (81.2500)  Acc@5: 92.1875 (92.1875)
Test: [ 156/156]  Time: 0.012 (0.017)  Loss:  0.5255 (0.9521)  Acc@1: 87.5000 (78.3800)  Acc@5: 100.0000 (93.2600)
*** Best metric: 78.66 (epoch 299)
Train: 308 [   0/781 (  0%)]  Loss:  0.960996 (0.9610)  Time: 0.107s,  598.25/s  (0.107s,  598.25/s)  Peak Memory: 3634  LR: 3.148e-06  Data: 0.038 (0.038)
Train: 308 [ 780/781 (100%)]  Loss:  0.950148 (0.9741)  Time: 0.076s,  840.46/s  (0.074s,  868.22/s)  Peak Memory: 3634  LR: 3.148e-06  Data: 0.000 (0.004)
Test: [   0/156]  Time: 0.054 (0.054)  Loss:  0.8535 (0.8535)  Acc@1: 76.5625 (76.5625)  Acc@5: 93.7500 (93.7500)
Test: [ 156/156]  Time: 0.032 (0.021)  Loss:  0.7727 (0.9571)  Acc@1: 75.0000 (78.6100)  Acc@5: 100.0000 (93.4600)
*** Best metric: 78.66 (epoch 299)
Train: 309 [   0/781 (  0%)]  Loss:  0.896684 (0.8967)  Time: 0.157s,  407.41/s  (0.157s,  407.41/s)  Peak Memory: 3634  LR: 3.017e-06  Data: 0.049 (0.049)
Train: 309 [ 780/781 (100%)]  Loss:  0.915568 (0.9711)  Time: 0.063s, 1010.74/s  (0.075s,  849.35/s)  Peak Memory: 3634  LR: 3.017e-06  Data: 0.000 (0.004)
Test: [   0/156]  Time: 0.049 (0.049)  Loss:  0.8756 (0.8756)  Acc@1: 81.2500 (81.2500)  Acc@5: 98.4375 (98.4375)
Test: [ 156/156]  Time: 0.012 (0.019)  Loss:  0.6807 (0.9551)  Acc@1: 81.2500 (78.8300)  Acc@5: 100.0000 (93.2700)
*** Best metric: 78.83 (epoch 309)
Train: 310 [   0/781 (  0%)]  Loss:  0.960531 (0.9605)  Time: 0.101s,  635.01/s  (0.101s,  635.01/s)  Peak Memory: 3634  LR: 2.890e-06  Data: 0.041 (0.041)
Train: 310 [ 780/781 (100%)]  Loss:  0.928994 (0.9706)  Time: 0.056s, 1134.58/s  (0.072s,  891.64/s)  Peak Memory: 3634  LR: 2.890e-06  Data: 0.000 (0.003)
Test: [   0/156]  Time: 0.048 (0.048)  Loss:  0.8041 (0.8041)  Acc@1: 79.6875 (79.6875)  Acc@5: 96.8750 (96.8750)
Test: [ 156/156]  Time: 0.012 (0.017)  Loss:  0.7070 (0.9476)  Acc@1: 68.7500 (78.5900)  Acc@5: 100.0000 (93.2000)
*** Best metric: 78.83 (epoch 309)
Train: 311 [   0/781 (  0%)]  Loss:  0.983449 (0.9834)  Time: 0.127s,  504.17/s  (0.127s,  504.17/s)  Peak Memory: 3634  LR: 2.766e-06  Data: 0.053 (0.053)
Train: 311 [ 780/781 (100%)]  Loss:  0.993780 (0.9721)  Time: 0.076s,  843.51/s  (0.077s,  835.88/s)  Peak Memory: 3634  LR: 2.766e-06  Data: 0.000 (0.004)
Test: [   0/156]  Time: 0.085 (0.085)  Loss:  0.9325 (0.9325)  Acc@1: 76.5625 (76.5625)  Acc@5: 95.3125 (95.3125)
Test: [ 156/156]  Time: 0.012 (0.023)  Loss:  0.5626 (0.9475)  Acc@1: 93.7500 (78.4300)  Acc@5: 100.0000 (93.4500)
*** Best metric: 78.83 (epoch 309)
Train: 312 [   0/781 (  0%)]  Loss:  0.911177 (0.9112)  Time: 0.115s,  557.16/s  (0.115s,  557.16/s)  Peak Memory: 3634  LR: 2.647e-06  Data: 0.049 (0.049)
Train: 312 [ 780/781 (100%)]  Loss:  0.955497 (0.9706)  Time: 0.076s,  840.63/s  (0.077s,  829.69/s)  Peak Memory: 3634  LR: 2.647e-06  Data: 0.000 (0.004)
Test: [   0/156]  Time: 0.064 (0.064)  Loss:  0.8854 (0.8854)  Acc@1: 76.5625 (76.5625)  Acc@5: 92.1875 (92.1875)
Test: [ 156/156]  Time: 0.013 (0.017)  Loss:  0.5222 (0.9520)  Acc@1: 93.7500 (78.6400)  Acc@5: 100.0000 (93.4000)
*** Best metric: 78.83 (epoch 309)
Train: 313 [   0/781 (  0%)]  Loss:  1.054338 (1.0543)  Time: 0.109s,  587.42/s  (0.109s,  587.42/s)  Peak Memory: 3634  LR: 2.532e-06  Data: 0.042 (0.042)
Train: 313 [ 780/781 (100%)]  Loss:  0.874451 (0.9719)  Time: 0.054s, 1178.95/s  (0.073s,  881.23/s)  Peak Memory: 3634  LR: 2.532e-06  Data: 0.000 (0.004)
Test: [   0/156]  Time: 0.050 (0.050)  Loss:  0.8060 (0.8060)  Acc@1: 81.2500 (81.2500)  Acc@5: 95.3125 (95.3125)
Test: [ 156/156]  Time: 0.012 (0.014)  Loss:  0.7361 (0.9518)  Acc@1: 75.0000 (78.6400)  Acc@5: 100.0000 (93.4300)
*** Best metric: 78.83 (epoch 309)
Train: 314 [   0/781 (  0%)]  Loss:  0.861519 (0.8615)  Time: 0.106s,  602.59/s  (0.106s,  602.59/s)  Peak Memory: 3634  LR: 2.422e-06  Data: 0.042 (0.042)
Train: 314 [ 780/781 (100%)]  Loss:  0.977162 (0.9674)  Time: 0.065s,  988.55/s  (0.068s,  940.16/s)  Peak Memory: 3634  LR: 2.422e-06  Data: 0.000 (0.003)
Test: [   0/156]  Time: 0.050 (0.050)  Loss:  0.7512 (0.7512)  Acc@1: 81.2500 (81.2500)  Acc@5: 96.8750 (96.8750)
Test: [ 156/156]  Time: 0.021 (0.020)  Loss:  0.6583 (0.9605)  Acc@1: 87.5000 (78.3200)  Acc@5: 93.7500 (93.6000)
*** Best metric: 78.83 (epoch 309)
Train: 315 [   0/781 (  0%)]  Loss:  0.878291 (0.8783)  Time: 0.127s,  505.67/s  (0.127s,  505.67/s)  Peak Memory: 3634  LR: 2.315e-06  Data: 0.049 (0.049)
Train: 315 [ 780/781 (100%)]  Loss:  0.974676 (0.9658)  Time: 0.080s,  802.63/s  (0.068s,  942.98/s)  Peak Memory: 3634  LR: 2.315e-06  Data: 0.000 (0.003)
Test: [   0/156]  Time: 0.062 (0.062)  Loss:  0.9196 (0.9196)  Acc@1: 79.6875 (79.6875)  Acc@5: 92.1875 (92.1875)
Test: [ 156/156]  Time: 0.012 (0.018)  Loss:  0.8741 (0.9549)  Acc@1: 81.2500 (78.5100)  Acc@5: 93.7500 (93.2300)
*** Best metric: 78.83 (epoch 309)
Train: 316 [   0/781 (  0%)]  Loss:  0.839839 (0.8398)  Time: 0.117s,  548.96/s  (0.117s,  548.96/s)  Peak Memory: 3634  LR: 2.212e-06  Data: 0.041 (0.041)
Train: 316 [ 780/781 (100%)]  Loss:  1.117447 (0.9735)  Time: 0.079s,  812.49/s  (0.074s,  867.79/s)  Peak Memory: 3634  LR: 2.212e-06  Data: 0.000 (0.003)
Test: [   0/156]  Time: 0.056 (0.056)  Loss:  0.8764 (0.8764)  Acc@1: 76.5625 (76.5625)  Acc@5: 95.3125 (95.3125)
Test: [ 156/156]  Time: 0.021 (0.021)  Loss:  0.6707 (0.9525)  Acc@1: 81.2500 (78.5400)  Acc@5: 100.0000 (93.5800)
*** Best metric: 78.83 (epoch 309)
Train: 317 [   0/781 (  0%)]  Loss:  1.034638 (1.0346)  Time: 0.105s,  612.24/s  (0.105s,  612.24/s)  Peak Memory: 3634  LR: 2.114e-06  Data: 0.037 (0.037)
Train: 317 [ 780/781 (100%)]  Loss:  0.976229 (0.9695)  Time: 0.068s,  938.35/s  (0.071s,  907.13/s)  Peak Memory: 3634  LR: 2.114e-06  Data: 0.000 (0.004)
Test: [   0/156]  Time: 0.075 (0.075)  Loss:  0.8022 (0.8022)  Acc@1: 79.6875 (79.6875)  Acc@5: 95.3125 (95.3125)
Test: [ 156/156]  Time: 0.012 (0.018)  Loss:  0.5813 (0.9529)  Acc@1: 81.2500 (78.5600)  Acc@5: 100.0000 (93.3800)
*** Best metric: 78.83 (epoch 309)
Train: 318 [   0/781 (  0%)]  Loss:  0.901364 (0.9014)  Time: 0.108s,  594.41/s  (0.108s,  594.41/s)  Peak Memory: 3634  LR: 2.019e-06  Data: 0.040 (0.040)
Train: 318 [ 780/781 (100%)]  Loss:  0.901360 (0.9696)  Time: 0.064s, 1004.25/s  (0.071s,  895.34/s)  Peak Memory: 3634  LR: 2.019e-06  Data: 0.000 (0.004)
Test: [   0/156]  Time: 0.048 (0.048)  Loss:  0.8261 (0.8261)  Acc@1: 79.6875 (79.6875)  Acc@5: 95.3125 (95.3125)
Test: [ 156/156]  Time: 0.018 (0.020)  Loss:  0.7309 (0.9573)  Acc@1: 81.2500 (78.5000)  Acc@5: 100.0000 (93.0300)
*** Best metric: 78.83 (epoch 309)
Train: 319 [   0/781 (  0%)]  Loss:  0.921076 (0.9211)  Time: 0.114s,  561.24/s  (0.114s,  561.24/s)  Peak Memory: 3634  LR: 1.929e-06  Data: 0.044 (0.044)
Train: 319 [ 780/781 (100%)]  Loss:  0.952601 (0.9664)  Time: 0.057s, 1116.16/s  (0.068s,  947.84/s)  Peak Memory: 3634  LR: 1.929e-06  Data: 0.000 (0.003)
Test: [   0/156]  Time: 0.053 (0.053)  Loss:  0.7929 (0.7929)  Acc@1: 79.6875 (79.6875)  Acc@5: 95.3125 (95.3125)
Test: [ 156/156]  Time: 0.012 (0.017)  Loss:  0.9538 (0.9569)  Acc@1: 81.2500 (78.4900)  Acc@5: 100.0000 (93.3200)
*** Best metric: 78.83 (epoch 309)
Train: 320 [   0/781 (  0%)]  Loss:  0.963707 (0.9637)  Time: 0.119s,  538.35/s  (0.119s,  538.35/s)  Peak Memory: 3634  LR: 1.843e-06  Data: 0.049 (0.049)
Train: 320 [ 780/781 (100%)]  Loss:  0.909754 (0.9701)  Time: 0.076s,  842.63/s  (0.075s,  855.05/s)  Peak Memory: 3634  LR: 1.843e-06  Data: 0.000 (0.004)
Test: [   0/156]  Time: 0.056 (0.056)  Loss:  0.8358 (0.8358)  Acc@1: 78.1250 (78.1250)  Acc@5: 98.4375 (98.4375)
Test: [ 156/156]  Time: 0.021 (0.022)  Loss:  0.5912 (0.9472)  Acc@1: 87.5000 (78.7000)  Acc@5: 100.0000 (93.3800)
*** Best metric: 78.83 (epoch 309)
Train: 321 [   0/781 (  0%)]  Loss:  1.051310 (1.0513)  Time: 0.151s,  423.05/s  (0.151s,  423.05/s)  Peak Memory: 3634  LR: 1.761e-06  Data: 0.066 (0.066)
Train: 321 [ 780/781 (100%)]  Loss:  0.932434 (0.9707)  Time: 0.074s,  869.62/s  (0.077s,  835.61/s)  Peak Memory: 3634  LR: 1.761e-06  Data: 0.000 (0.004)
Test: [   0/156]  Time: 0.064 (0.064)  Loss:  0.8537 (0.8537)  Acc@1: 75.0000 (75.0000)  Acc@5: 96.8750 (96.8750)
Test: [ 156/156]  Time: 0.021 (0.018)  Loss:  0.7265 (0.9557)  Acc@1: 81.2500 (78.6200)  Acc@5: 100.0000 (93.0000)
*** Best metric: 78.83 (epoch 309)
Train: 322 [   0/781 (  0%)]  Loss:  0.989413 (0.9894)  Time: 0.120s,  535.46/s  (0.120s,  535.46/s)  Peak Memory: 3634  LR: 1.683e-06  Data: 0.052 (0.052)
Train: 322 [ 780/781 (100%)]  Loss:  0.977180 (0.9655)  Time: 0.064s, 1003.19/s  (0.072s,  885.24/s)  Peak Memory: 3634  LR: 1.683e-06  Data: 0.000 (0.004)
Test: [   0/156]  Time: 0.050 (0.050)  Loss:  0.9093 (0.9093)  Acc@1: 76.5625 (76.5625)  Acc@5: 96.8750 (96.8750)
Test: [ 156/156]  Time: 0.012 (0.016)  Loss:  0.6749 (0.9467)  Acc@1: 81.2500 (78.6200)  Acc@5: 100.0000 (93.3500)
*** Best metric: 78.83 (epoch 309)
Train: 323 [   0/781 (  0%)]  Loss:  0.918195 (0.9182)  Time: 0.102s,  624.53/s  (0.102s,  624.53/s)  Peak Memory: 3634  LR: 1.609e-06  Data: 0.035 (0.035)
Train: 323 [ 780/781 (100%)]  Loss:  0.850071 (0.9679)  Time: 0.063s, 1011.89/s  (0.074s,  867.34/s)  Peak Memory: 3634  LR: 1.609e-06  Data: 0.000 (0.004)
Test: [   0/156]  Time: 0.057 (0.057)  Loss:  0.8452 (0.8452)  Acc@1: 78.1250 (78.1250)  Acc@5: 96.8750 (96.8750)
Test: [ 156/156]  Time: 0.012 (0.017)  Loss:  0.8048 (0.9501)  Acc@1: 81.2500 (78.3400)  Acc@5: 100.0000 (93.5300)
*** Best metric: 78.83 (epoch 309)
Train: 324 [   0/781 (  0%)]  Loss:  1.119794 (1.1198)  Time: 0.108s,  590.26/s  (0.108s,  590.26/s)  Peak Memory: 3634  LR: 1.540e-06  Data: 0.044 (0.044)
Train: 324 [ 780/781 (100%)]  Loss:  0.985038 (0.9663)  Time: 0.056s, 1142.12/s  (0.070s,  919.50/s)  Peak Memory: 3634  LR: 1.540e-06  Data: 0.000 (0.003)
Test: [   0/156]  Time: 0.035 (0.035)  Loss:  0.8338 (0.8338)  Acc@1: 78.1250 (78.1250)  Acc@5: 96.8750 (96.8750)
Test: [ 156/156]  Time: 0.012 (0.015)  Loss:  0.7242 (0.9579)  Acc@1: 75.0000 (78.7800)  Acc@5: 100.0000 (93.3900)
*** Best metric: 78.83 (epoch 309)
Train: 325 [   0/781 (  0%)]  Loss:  0.932053 (0.9321)  Time: 0.124s,  518.01/s  (0.124s,  518.01/s)  Peak Memory: 3634  LR: 1.475e-06  Data: 0.051 (0.051)
Train: 325 [ 780/781 (100%)]  Loss:  1.090019 (0.9700)  Time: 0.063s, 1015.15/s  (0.066s,  971.09/s)  Peak Memory: 3634  LR: 1.475e-06  Data: 0.000 (0.003)
Test: [   0/156]  Time: 0.067 (0.067)  Loss:  0.8324 (0.8324)  Acc@1: 81.2500 (81.2500)  Acc@5: 95.3125 (95.3125)
Test: [ 156/156]  Time: 0.012 (0.018)  Loss:  0.8615 (0.9538)  Acc@1: 81.2500 (78.4700)  Acc@5: 93.7500 (93.4700)
*** Best metric: 78.83 (epoch 309)
Train: 326 [   0/781 (  0%)]  Loss:  0.938407 (0.9384)  Time: 0.107s,  597.99/s  (0.107s,  597.99/s)  Peak Memory: 3634  LR: 1.414e-06  Data: 0.042 (0.042)
Train: 326 [ 780/781 (100%)]  Loss:  1.030974 (0.9662)  Time: 0.058s, 1101.10/s  (0.072s,  892.38/s)  Peak Memory: 3634  LR: 1.414e-06  Data: 0.000 (0.004)
Test: [   0/156]  Time: 0.046 (0.046)  Loss:  0.8442 (0.8442)  Acc@1: 79.6875 (79.6875)  Acc@5: 93.7500 (93.7500)
Test: [ 156/156]  Time: 0.012 (0.016)  Loss:  0.6604 (0.9636)  Acc@1: 87.5000 (78.7400)  Acc@5: 100.0000 (93.2100)
*** Best metric: 78.83 (epoch 309)
Train: 327 [   0/781 (  0%)]  Loss:  0.957184 (0.9572)  Time: 0.114s,  563.49/s  (0.114s,  563.49/s)  Peak Memory: 3634  LR: 1.357e-06  Data: 0.048 (0.048)
Train: 327 [ 780/781 (100%)]  Loss:  0.983555 (0.9655)  Time: 0.071s,  906.42/s  (0.072s,  891.82/s)  Peak Memory: 3634  LR: 1.357e-06  Data: 0.000 (0.004)
Test: [   0/156]  Time: 0.051 (0.051)  Loss:  0.8447 (0.8447)  Acc@1: 81.2500 (81.2500)  Acc@5: 96.8750 (96.8750)
Test: [ 156/156]  Time: 0.013 (0.022)  Loss:  0.6186 (0.9576)  Acc@1: 87.5000 (78.7400)  Acc@5: 100.0000 (93.4200)
*** Best metric: 78.83 (epoch 309)
Train: 328 [   0/781 (  0%)]  Loss:  0.915611 (0.9156)  Time: 0.107s,  595.86/s  (0.107s,  595.86/s)  Peak Memory: 3634  LR: 1.304e-06  Data: 0.041 (0.041)
Train: 328 [ 780/781 (100%)]  Loss:  0.913904 (0.9703)  Time: 0.064s,  992.28/s  (0.069s,  927.59/s)  Peak Memory: 3634  LR: 1.304e-06  Data: 0.000 (0.003)
Test: [   0/156]  Time: 0.056 (0.056)  Loss:  0.8588 (0.8588)  Acc@1: 78.1250 (78.1250)  Acc@5: 93.7500 (93.7500)
Test: [ 156/156]  Time: 0.017 (0.017)  Loss:  0.6094 (0.9560)  Acc@1: 81.2500 (78.6000)  Acc@5: 100.0000 (93.4200)
*** Best metric: 78.83 (epoch 309)
Train: 329 [   0/781 (  0%)]  Loss:  1.040923 (1.0409)  Time: 0.112s,  571.73/s  (0.112s,  571.73/s)  Peak Memory: 3634  LR: 1.255e-06  Data: 0.040 (0.040)
Train: 329 [ 780/781 (100%)]  Loss:  1.055586 (0.9686)  Time: 0.063s, 1014.74/s  (0.066s,  975.28/s)  Peak Memory: 3634  LR: 1.255e-06  Data: 0.000 (0.003)
Test: [   0/156]  Time: 0.049 (0.049)  Loss:  0.8785 (0.8785)  Acc@1: 79.6875 (79.6875)  Acc@5: 95.3125 (95.3125)
Test: [ 156/156]  Time: 0.015 (0.019)  Loss:  0.6086 (0.9625)  Acc@1: 81.2500 (78.4400)  Acc@5: 100.0000 (93.1100)
*** Best metric: 78.83 (epoch 309)
Train: 330 [   0/781 (  0%)]  Loss:  0.912388 (0.9124)  Time: 0.112s,  572.42/s  (0.112s,  572.42/s)  Peak Memory: 3634  LR: 1.211e-06  Data: 0.046 (0.046)
Train: 330 [ 780/781 (100%)]  Loss:  0.945984 (0.9661)  Time: 0.075s,  850.08/s  (0.072s,  885.47/s)  Peak Memory: 3634  LR: 1.211e-06  Data: 0.000 (0.004)
Test: [   0/156]  Time: 0.060 (0.060)  Loss:  0.9160 (0.9160)  Acc@1: 78.1250 (78.1250)  Acc@5: 95.3125 (95.3125)
Test: [ 156/156]  Time: 0.019 (0.021)  Loss:  0.8728 (0.9569)  Acc@1: 75.0000 (78.5300)  Acc@5: 100.0000 (93.4100)
*** Best metric: 78.83 (epoch 309)
Train: 331 [   0/781 (  0%)]  Loss:  0.985613 (0.9856)  Time: 0.127s,  505.70/s  (0.127s,  505.70/s)  Peak Memory: 3634  LR: 1.171e-06  Data: 0.051 (0.051)
Train: 331 [ 780/781 (100%)]  Loss:  0.965765 (0.9718)  Time: 0.056s, 1135.38/s  (0.066s,  967.15/s)  Peak Memory: 3634  LR: 1.171e-06  Data: 0.000 (0.003)
Test: [   0/156]  Time: 0.066 (0.066)  Loss:  0.9266 (0.9266)  Acc@1: 79.6875 (79.6875)  Acc@5: 89.0625 (89.0625)
Test: [ 156/156]  Time: 0.014 (0.017)  Loss:  0.7003 (0.9518)  Acc@1: 75.0000 (79.0400)  Acc@5: 100.0000 (93.2800)
*** Best metric: 79.04 (epoch 331)
Train: 332 [   0/781 (  0%)]  Loss:  0.932004 (0.9320)  Time: 0.102s,  625.28/s  (0.102s,  625.28/s)  Peak Memory: 3634  LR: 1.135e-06  Data: 0.037 (0.037)
Train: 332 [ 780/781 (100%)]  Loss:  1.006933 (0.9661)  Time: 0.063s, 1010.33/s  (0.071s,  902.56/s)  Peak Memory: 3634  LR: 1.135e-06  Data: 0.000 (0.004)
Test: [   0/156]  Time: 0.049 (0.049)  Loss:  0.8917 (0.8917)  Acc@1: 76.5625 (76.5625)  Acc@5: 95.3125 (95.3125)
Test: [ 156/156]  Time: 0.012 (0.018)  Loss:  0.6974 (0.9525)  Acc@1: 81.2500 (78.4000)  Acc@5: 100.0000 (93.4600)
*** Best metric: 79.04 (epoch 331)
Train: 333 [   0/781 (  0%)]  Loss:  0.999972 (1.0000)  Time: 0.114s,  562.18/s  (0.114s,  562.18/s)  Peak Memory: 3634  LR: 1.104e-06  Data: 0.042 (0.042)
Train: 333 [ 780/781 (100%)]  Loss:  0.988023 (0.9652)  Time: 0.077s,  828.13/s  (0.071s,  899.06/s)  Peak Memory: 3634  LR: 1.104e-06  Data: 0.000 (0.004)
Test: [   0/156]  Time: 0.068 (0.068)  Loss:  0.7884 (0.7884)  Acc@1: 79.6875 (79.6875)  Acc@5: 98.4375 (98.4375)
Test: [ 156/156]  Time: 0.012 (0.017)  Loss:  0.4739 (0.9531)  Acc@1: 81.2500 (78.7400)  Acc@5: 100.0000 (93.2200)
*** Best metric: 79.04 (epoch 331)
Train: 334 [   0/781 (  0%)]  Loss:  1.030381 (1.0304)  Time: 0.106s,  602.03/s  (0.106s,  602.03/s)  Peak Memory: 3634  LR: 1.076e-06  Data: 0.040 (0.040)
Train: 334 [ 780/781 (100%)]  Loss:  0.875324 (0.9670)  Time: 0.063s, 1023.87/s  (0.062s, 1034.10/s)  Peak Memory: 3634  LR: 1.076e-06  Data: 0.000 (0.002)
Test: [   0/156]  Time: 0.062 (0.062)  Loss:  0.8749 (0.8749)  Acc@1: 78.1250 (78.1250)  Acc@5: 95.3125 (95.3125)
Test: [ 156/156]  Time: 0.022 (0.023)  Loss:  0.6820 (0.9430)  Acc@1: 81.2500 (78.8200)  Acc@5: 100.0000 (93.4600)
*** Best metric: 79.04 (epoch 331)
Train: 335 [   0/781 (  0%)]  Loss:  0.955213 (0.9552)  Time: 0.135s,  475.78/s  (0.135s,  475.78/s)  Peak Memory: 3634  LR: 1.053e-06  Data: 0.062 (0.062)
Train: 335 [ 780/781 (100%)]  Loss:  0.902346 (0.9671)  Time: 0.065s,  977.84/s  (0.076s,  838.79/s)  Peak Memory: 3634  LR: 1.053e-06  Data: 0.000 (0.004)
Test: [   0/156]  Time: 0.057 (0.057)  Loss:  0.8324 (0.8324)  Acc@1: 79.6875 (79.6875)  Acc@5: 95.3125 (95.3125)
Test: [ 156/156]  Time: 0.012 (0.017)  Loss:  0.6763 (0.9596)  Acc@1: 81.2500 (78.3100)  Acc@5: 100.0000 (93.3500)
*** Best metric: 79.04 (epoch 331)
Train: 336 [   0/781 (  0%)]  Loss:  0.893487 (0.8935)  Time: 0.112s,  570.34/s  (0.112s,  570.34/s)  Peak Memory: 3634  LR: 1.034e-06  Data: 0.038 (0.038)
Train: 336 [ 780/781 (100%)]  Loss:  1.062323 (0.9639)  Time: 0.063s, 1009.95/s  (0.072s,  884.36/s)  Peak Memory: 3634  LR: 1.034e-06  Data: 0.000 (0.004)
Test: [   0/156]  Time: 0.054 (0.054)  Loss:  0.7663 (0.7663)  Acc@1: 84.3750 (84.3750)  Acc@5: 96.8750 (96.8750)
Test: [ 156/156]  Time: 0.012 (0.018)  Loss:  0.7609 (0.9605)  Acc@1: 81.2500 (78.7200)  Acc@5: 100.0000 (93.4800)
*** Best metric: 79.04 (epoch 331)
Train: 337 [   0/781 (  0%)]  Loss:  0.996219 (0.9962)  Time: 0.112s,  570.94/s  (0.112s,  570.94/s)  Peak Memory: 3634  LR: 1.019e-06  Data: 0.046 (0.046)
Train: 337 [ 780/781 (100%)]  Loss:  1.061392 (0.9648)  Time: 0.067s,  957.17/s  (0.067s,  958.94/s)  Peak Memory: 3634  LR: 1.019e-06  Data: 0.000 (0.003)
Test: [   0/156]  Time: 0.046 (0.046)  Loss:  0.8655 (0.8655)  Acc@1: 76.5625 (76.5625)  Acc@5: 96.8750 (96.8750)
Test: [ 156/156]  Time: 0.021 (0.020)  Loss:  0.6342 (0.9472)  Acc@1: 87.5000 (78.7700)  Acc@5: 100.0000 (93.4300)
*** Best metric: 79.04 (epoch 331)
Train: 338 [   0/781 (  0%)]  Loss:  0.932050 (0.9321)  Time: 0.158s,  405.59/s  (0.158s,  405.59/s)  Peak Memory: 3634  LR: 1.008e-06  Data: 0.071 (0.071)
Train: 338 [ 780/781 (100%)]  Loss:  1.031825 (0.9701)  Time: 0.072s,  890.62/s  (0.078s,  823.44/s)  Peak Memory: 3634  LR: 1.008e-06  Data: 0.000 (0.004)
Test: [   0/156]  Time: 0.053 (0.053)  Loss:  0.7964 (0.7964)  Acc@1: 79.6875 (79.6875)  Acc@5: 92.1875 (92.1875)
Test: [ 156/156]  Time: 0.012 (0.020)  Loss:  0.7467 (0.9733)  Acc@1: 87.5000 (78.5900)  Acc@5: 100.0000 (93.1900)
*** Best metric: 79.04 (epoch 331)
Train: 339 [   0/781 (  0%)]  Loss:  0.927871 (0.9279)  Time: 0.099s,  646.81/s  (0.099s,  646.81/s)  Peak Memory: 3634  LR: 1.002e-06  Data: 0.035 (0.035)
Train: 339 [ 780/781 (100%)]  Loss:  0.947913 (0.9659)  Time: 0.057s, 1132.36/s  (0.068s,  936.27/s)  Peak Memory: 3634  LR: 1.002e-06  Data: 0.000 (0.003)
Test: [   0/156]  Time: 0.049 (0.049)  Loss:  0.8291 (0.8291)  Acc@1: 79.6875 (79.6875)  Acc@5: 95.3125 (95.3125)
Test: [ 156/156]  Time: 0.012 (0.018)  Loss:  0.6809 (0.9622)  Acc@1: 75.0000 (78.3200)  Acc@5: 93.7500 (93.1200)
*** Best metric: 79.04 (epoch 331)
Train: 340 [   0/781 (  0%)]  Loss:  1.105995 (1.1060)  Time: 0.117s,  545.99/s  (0.117s,  545.99/s)  Peak Memory: 3634  LR: 1.000e-06  Data: 0.041 (0.041)
Train: 340 [ 780/781 (100%)]  Loss:  0.895842 (0.9704)  Time: 0.069s,  930.53/s  (0.068s,  947.07/s)  Peak Memory: 3634  LR: 1.000e-06  Data: 0.000 (0.003)
Test: [   0/156]  Time: 0.049 (0.049)  Loss:  0.7759 (0.7759)  Acc@1: 79.6875 (79.6875)  Acc@5: 98.4375 (98.4375)
Test: [ 156/156]  Time: 0.018 (0.020)  Loss:  0.6867 (0.9493)  Acc@1: 81.2500 (78.5800)  Acc@5: 100.0000 (93.3900)
*** Best metric: 79.04 (epoch 331)
Train: 341 [   0/781 (  0%)]  Loss:  1.008693 (1.0087)  Time: 0.118s,  543.33/s  (0.118s,  543.33/s)  Peak Memory: 3634  LR: 1.000e-06  Data: 0.046 (0.046)
Train: 341 [ 780/781 (100%)]  Loss:  1.058478 (0.9652)  Time: 0.077s,  826.32/s  (0.079s,  812.76/s)  Peak Memory: 3634  LR: 1.000e-06  Data: 0.000 (0.004)
Test: [   0/156]  Time: 0.052 (0.052)  Loss:  0.8609 (0.8609)  Acc@1: 78.1250 (78.1250)  Acc@5: 96.8750 (96.8750)
Test: [ 156/156]  Time: 0.012 (0.017)  Loss:  0.7776 (0.9488)  Acc@1: 81.2500 (78.9200)  Acc@5: 93.7500 (93.4800)
*** Best metric: 79.04 (epoch 331)
Train: 342 [   0/781 (  0%)]  Loss:  1.020214 (1.0202)  Time: 0.107s,  596.57/s  (0.107s,  596.57/s)  Peak Memory: 3634  LR: 1.000e-06  Data: 0.042 (0.042)
Train: 342 [ 780/781 (100%)]  Loss:  0.956837 (0.9681)  Time: 0.058s, 1105.79/s  (0.072s,  892.97/s)  Peak Memory: 3634  LR: 1.000e-06  Data: 0.000 (0.003)
Test: [   0/156]  Time: 0.049 (0.049)  Loss:  0.8919 (0.8919)  Acc@1: 79.6875 (79.6875)  Acc@5: 95.3125 (95.3125)
Test: [ 156/156]  Time: 0.012 (0.020)  Loss:  0.6758 (0.9651)  Acc@1: 81.2500 (78.4700)  Acc@5: 100.0000 (92.9300)
*** Best metric: 79.04 (epoch 331)
Train: 343 [   0/781 (  0%)]  Loss:  0.915370 (0.9154)  Time: 0.111s,  576.22/s  (0.111s,  576.22/s)  Peak Memory: 3634  LR: 1.000e-06  Data: 0.038 (0.038)
Train: 343 [ 780/781 (100%)]  Loss:  0.933630 (0.9676)  Time: 0.068s,  936.35/s  (0.075s,  857.44/s)  Peak Memory: 3634  LR: 1.000e-06  Data: 0.000 (0.004)
Test: [   0/156]  Time: 0.047 (0.047)  Loss:  0.8051 (0.8051)  Acc@1: 84.3750 (84.3750)  Acc@5: 96.8750 (96.8750)
Test: [ 156/156]  Time: 0.012 (0.019)  Loss:  0.7743 (0.9593)  Acc@1: 81.2500 (78.4900)  Acc@5: 100.0000 (93.4000)
*** Best metric: 79.04 (epoch 331)
Train: 344 [   0/781 (  0%)]  Loss:  0.951680 (0.9517)  Time: 0.105s,  607.30/s  (0.105s,  607.30/s)  Peak Memory: 3634  LR: 1.000e-06  Data: 0.042 (0.042)
Train: 344 [ 780/781 (100%)]  Loss:  1.021192 (0.9656)  Time: 0.077s,  834.49/s  (0.071s,  906.08/s)  Peak Memory: 3634  LR: 1.000e-06  Data: 0.000 (0.003)
Test: [   0/156]  Time: 0.053 (0.053)  Loss:  0.8645 (0.8645)  Acc@1: 76.5625 (76.5625)  Acc@5: 98.4375 (98.4375)
Test: [ 156/156]  Time: 0.012 (0.016)  Loss:  0.9373 (0.9499)  Acc@1: 75.0000 (78.2300)  Acc@5: 93.7500 (93.3000)
*** Best metric: 79.04 (epoch 331)
Train: 345 [   0/781 (  0%)]  Loss:  0.984170 (0.9842)  Time: 0.119s,  537.33/s  (0.119s,  537.33/s)  Peak Memory: 3634  LR: 1.000e-06  Data: 0.045 (0.045)
Train: 345 [ 780/781 (100%)]  Loss:  1.021076 (0.9677)  Time: 0.066s,  966.06/s  (0.074s,  859.75/s)  Peak Memory: 3634  LR: 1.000e-06  Data: 0.000 (0.004)
Test: [   0/156]  Time: 0.062 (0.062)  Loss:  0.8170 (0.8170)  Acc@1: 81.2500 (81.2500)  Acc@5: 96.8750 (96.8750)
Test: [ 156/156]  Time: 0.012 (0.022)  Loss:  0.5941 (0.9598)  Acc@1: 87.5000 (78.7000)  Acc@5: 100.0000 (93.3400)
*** Best metric: 79.04 (epoch 331)
Train: 346 [   0/781 (  0%)]  Loss:  1.029153 (1.0292)  Time: 0.116s,  551.63/s  (0.116s,  551.63/s)  Peak Memory: 3634  LR: 1.000e-06  Data: 0.047 (0.047)
Train: 346 [ 780/781 (100%)]  Loss:  1.047185 (0.9673)  Time: 0.065s,  984.90/s  (0.071s,  902.59/s)  Peak Memory: 3634  LR: 1.000e-06  Data: 0.000 (0.003)
Test: [   0/156]  Time: 0.057 (0.057)  Loss:  0.8984 (0.8984)  Acc@1: 79.6875 (79.6875)  Acc@5: 95.3125 (95.3125)
Test: [ 156/156]  Time: 0.019 (0.022)  Loss:  0.7800 (0.9634)  Acc@1: 75.0000 (78.4200)  Acc@5: 100.0000 (93.4000)
*** Best metric: 79.04 (epoch 331)
Train: 347 [   0/781 (  0%)]  Loss:  0.887857 (0.8879)  Time: 0.123s,  520.18/s  (0.123s,  520.18/s)  Peak Memory: 3634  LR: 1.000e-06  Data: 0.052 (0.052)
Train: 347 [ 780/781 (100%)]  Loss:  0.936917 (0.9617)  Time: 0.071s,  895.71/s  (0.074s,  866.40/s)  Peak Memory: 3634  LR: 1.000e-06  Data: 0.000 (0.004)
Test: [   0/156]  Time: 0.059 (0.059)  Loss:  0.9153 (0.9153)  Acc@1: 79.6875 (79.6875)  Acc@5: 95.3125 (95.3125)
Test: [ 156/156]  Time: 0.012 (0.017)  Loss:  0.5344 (0.9601)  Acc@1: 81.2500 (78.7800)  Acc@5: 100.0000 (92.9600)
*** Best metric: 79.04 (epoch 331)
Train: 348 [   0/781 (  0%)]  Loss:  0.946937 (0.9469)  Time: 0.101s,  635.29/s  (0.101s,  635.29/s)  Peak Memory: 3634  LR: 1.000e-06  Data: 0.036 (0.036)
Train: 348 [ 780/781 (100%)]  Loss:  0.890537 (0.9628)  Time: 0.078s,  820.88/s  (0.071s,  905.58/s)  Peak Memory: 3634  LR: 1.000e-06  Data: 0.000 (0.003)
Test: [   0/156]  Time: 0.051 (0.051)  Loss:  0.8279 (0.8279)  Acc@1: 78.1250 (78.1250)  Acc@5: 98.4375 (98.4375)
Test: [ 156/156]  Time: 0.012 (0.016)  Loss:  0.4355 (0.9490)  Acc@1: 87.5000 (78.5100)  Acc@5: 100.0000 (93.3100)
*** Best metric: 79.04 (epoch 331)
Train: 349 [   0/781 (  0%)]  Loss:  0.999458 (0.9995)  Time: 0.122s,  523.89/s  (0.122s,  523.89/s)  Peak Memory: 3634  LR: 1.000e-06  Data: 0.047 (0.047)
Train: 349 [ 780/781 (100%)]  Loss:  0.941890 (0.9634)  Time: 0.076s,  845.39/s  (0.070s,  912.52/s)  Peak Memory: 3634  LR: 1.000e-06  Data: 0.000 (0.003)
Test: [   0/156]  Time: 0.058 (0.058)  Loss:  0.8274 (0.8274)  Acc@1: 76.5625 (76.5625)  Acc@5: 98.4375 (98.4375)
Test: [ 156/156]  Time: 0.012 (0.021)  Loss:  0.6232 (0.9597)  Acc@1: 81.2500 (78.4800)  Acc@5: 100.0000 (93.2100)
*** Best metric: 79.04 (epoch 331)
 | Best metric: 79.04 (epoch 331) | Total Training Time Cost: 0:51:25 |
